{"numTotalTestSuites":28,"numPassedTestSuites":15,"numFailedTestSuites":13,"numPendingTestSuites":0,"numTotalTests":132,"numPassedTests":103,"numFailedTests":29,"numPendingTests":0,"numTodoTests":0,"snapshot":{"added":0,"failure":false,"filesAdded":0,"filesRemoved":0,"filesRemovedList":[],"filesUnmatched":0,"filesUpdated":0,"matched":0,"total":0,"unchecked":0,"uncheckedKeysByFile":[],"unmatched":0,"updated":0,"didUpdate":false},"startTime":1769820838932,"success":false,"testResults":[{"assertionResults":[{"ancestorTitles":["AdminPage"],"fullName":"AdminPage renders admin panel with all tabs","status":"passed","title":"renders admin panel with all tabs","duration":620.0576999999994,"failureMessages":[],"meta":{}},{"ancestorTitles":["AdminPage"],"fullName":"AdminPage shows overview by default","status":"passed","title":"shows overview by default","duration":38.83779999999933,"failureMessages":[],"meta":{}},{"ancestorTitles":["AdminPage"],"fullName":"AdminPage switches between tabs correctly","status":"passed","title":"switches between tabs correctly","duration":337.1130000000003,"failureMessages":[],"meta":{}},{"ancestorTitles":["AdminPage - Non-Admin Access"],"fullName":"AdminPage - Non-Admin Access redirects non-admin users","status":"passed","title":"redirects non-admin users","duration":4.572400000000016,"failureMessages":[],"meta":{}}],"startTime":1769820843183,"endTime":1769820844184.5725,"status":"passed","message":"","name":"C:/Users/Alex/Nextcloud/Software/Personal Project Software/CableIndex/frontend/src/test/pages/AdminPage.test.tsx"},{"assertionResults":[{"ancestorTitles":["ProfilePage"],"fullName":"ProfilePage should render profile page with user information","status":"passed","title":"should render profile page with user information","duration":295.22359999999935,"failureMessages":[],"meta":{}},{"ancestorTitles":["ProfilePage"],"fullName":"ProfilePage should render tabs for different sections","status":"passed","title":"should render tabs for different sections","duration":69.09300000000076,"failureMessages":[],"meta":{}},{"ancestorTitles":["ProfilePage"],"fullName":"ProfilePage should display user information in overview tab","status":"passed","title":"should display user information in overview tab","duration":54.55110000000059,"failureMessages":[],"meta":{}},{"ancestorTitles":["ProfilePage"],"fullName":"ProfilePage should format and display member since date","status":"passed","title":"should format and display member since date","duration":50.216699999999946,"failureMessages":[],"meta":{}},{"ancestorTitles":["ProfilePage"],"fullName":"ProfilePage should display role with correct styling","status":"passed","title":"should display role with correct styling","duration":34.33879999999954,"failureMessages":[],"meta":{}},{"ancestorTitles":["ProfilePage"],"fullName":"ProfilePage should switch to edit profile tab when clicked","status":"passed","title":"should switch to edit profile tab when clicked","duration":147.41060000000016,"failureMessages":[],"meta":{}},{"ancestorTitles":["ProfilePage"],"fullName":"ProfilePage should switch to change password tab when clicked","status":"failed","title":"should switch to change password tab when clicked","duration":1109.9233000000004,"failureMessages":["Error: Found multiple elements with the text of: /new password/i\n\nHere are the matching elements:\n\nIgnored nodes: comments, script, style\n\u001b[36m<input\u001b[39m\n  \u001b[33mclass\u001b[39m=\u001b[32m\"flex h-10 w-full rounded-md border border-input bg-background px-3 py-2 text-sm ring-offset-background file:border-0 file:bg-transparent file:text-sm file:font-medium placeholder:text-muted-foreground focus-visible:outline-none focus-visible:ring-2 focus-visible:ring-ring focus-visible:ring-offset-2 disabled:cursor-not-allowed disabled:opacity-50\"\u001b[39m\n  \u001b[33mid\u001b[39m=\u001b[32m\"new_password\"\u001b[39m\n  \u001b[33mname\u001b[39m=\u001b[32m\"new_password\"\u001b[39m\n  \u001b[33mplaceholder\u001b[39m=\u001b[32m\"Enter your new password\"\u001b[39m\n  \u001b[33mtype\u001b[39m=\u001b[32m\"password\"\u001b[39m\n\u001b[36m/>\u001b[39m\n\nIgnored nodes: comments, script, style\n\u001b[36m<input\u001b[39m\n  \u001b[33mclass\u001b[39m=\u001b[32m\"flex h-10 w-full rounded-md border border-input bg-background px-3 py-2 text-sm ring-offset-background file:border-0 file:bg-transparent file:text-sm file:font-medium placeholder:text-muted-foreground focus-visible:outline-none focus-visible:ring-2 focus-visible:ring-ring focus-visible:ring-offset-2 disabled:cursor-not-allowed disabled:opacity-50\"\u001b[39m\n  \u001b[33mid\u001b[39m=\u001b[32m\"confirm_password\"\u001b[39m\n  \u001b[33mname\u001b[39m=\u001b[32m\"confirm_password\"\u001b[39m\n  \u001b[33mplaceholder\u001b[39m=\u001b[32m\"Confirm your new password\"\u001b[39m\n  \u001b[33mtype\u001b[39m=\u001b[32m\"password\"\u001b[39m\n\u001b[36m/>\u001b[39m\n\n(If this is intentional, then use the `*AllBy*` variant of the query (like `queryAllByText`, `getAllByText`, or `findAllByText`)).\n\nIgnored nodes: comments, script, style\n\u001b[36m<body>\u001b[39m\n  \u001b[36m<div>\u001b[39m\n    \u001b[36m<div\u001b[39m\n      \u001b[33mclass\u001b[39m=\u001b[32m\"space-y-6 p-6\"\u001b[39m\n    \u001b[36m>\u001b[39m\n      \u001b[36m<div\u001b[39m\n        \u001b[33mclass\u001b[39m=\u001b[32m\"space-y-2\"\u001b[39m\n      \u001b[36m>\u001b[39m\n        \u001b[36m<h1\u001b[39m\n          \u001b[33mclass\u001b[39m=\u001b[32m\"text-3xl font-bold text-gray-900\"\u001b[39m\n        \u001b[36m>\u001b[39m\n          \u001b[0mProfile\u001b[0m\n        \u001b[36m</h1>\u001b[39m\n        \u001b[36m<p\u001b[39m\n          \u001b[33mclass\u001b[39m=\u001b[32m\"text-gray-600\"\u001b[39m\n        \u001b[36m>\u001b[39m\n          \u001b[0mManage your account information and settings.\u001b[0m\n        \u001b[36m</p>\u001b[39m\n      \u001b[36m</div>\u001b[39m\n      \u001b[36m<div\u001b[39m\n        \u001b[33mclass\u001b[39m=\u001b[32m\"max-w-4xl\"\u001b[39m\n      \u001b[36m>\u001b[39m\n        \u001b[36m<div\u001b[39m\n          \u001b[33mclass\u001b[39m=\u001b[32m\"space-y-6\"\u001b[39m\n          \u001b[33mdata-orientation\u001b[39m=\u001b[32m\"horizontal\"\u001b[39m\n          \u001b[33mdir\u001b[39m=\u001b[32m\"ltr\"\u001b[39m\n        \u001b[36m>\u001b[39m\n          \u001b[36m<div\u001b[39m\n            \u001b[33maria-orientation\u001b[39m=\u001b[32m\"horizontal\"\u001b[39m\n            \u001b[33mclass\u001b[39m=\u001b[32m\"h-10 items-center justify-center rounded-md bg-muted p-1 text-muted-foreground grid w-full grid-cols-3\"\u001b[39m\n            \u001b[33mdata-orientation\u001b[39m=\u001b[32m\"horizontal\"\u001b[39m\n            \u001b[33mrole\u001b[39m=\u001b[32m\"tablist\"\u001b[39m\n            \u001b[33mstyle\u001b[39m=\u001b[32m\"outline: none;\"\u001b[39m\n            \u001b[33mtabindex\u001b[39m=\u001b[32m\"0\"\u001b[39m\n          \u001b[36m>\u001b[39m\n            \u001b[36m<button\u001b[39m\n              \u001b[33maria-controls\u001b[39m=\u001b[32m\"radix-:ro:-content-overview\"\u001b[39m\n              \u001b[33maria-selected\u001b[39m=\u001b[32m\"false\"\u001b[39m\n              \u001b[33mclass\u001b[39m=\u001b[32m\"justify-center whitespace-nowrap rounded-sm px-3 py-1.5 text-sm font-medium ring-offset-background transition-all focus-visible:outline-none focus-visible:ring-2 focus-visible:ring-ring focus-visible:ring-offset-2 disabled:pointer-events-none disabled:opacity-50 data-[state=active]:bg-background data-[state=active]:text-foreground data-[state=active]:shadow-sm flex items-center\"\u001b[39m\n              \u001b[33mdata-orientation\u001b[39m=\u001b[32m\"horizontal\"\u001b[39m\n              \u001b[33mdata-radix-collection-item\u001b[39m=\u001b[32m\"\"\u001b[39m\n              \u001b[33mdata-state\u001b[39m=\u001b[32m\"inactive\"\u001b[39m\n              \u001b[33mid\u001b[39m=\u001b[32m\"radix-:ro:-trigger-overview\"\u001b[39m\n              \u001b[33mrole\u001b[39m=\u001b[32m\"tab\"\u001b[39m\n              \u001b[33mtabindex\u001b[39m=\u001b[32m\"-1\"\u001b[39m\n              \u001b[33mtype\u001b[39m=\u001b[32m\"button\"\u001b[39m\n            \u001b[36m>\u001b[39m\n              \u001b[36m<svg\u001b[39m\n                \u001b[33mclass\u001b[39m=\u001b[32m\"lucide lucide-user w-4 h-4 mr-2\"\u001b[39m\n                \u001b[33mfill\u001b[39m=\u001b[32m\"none\"\u001b[39m\n                \u001b[33mheight\u001b[39m=\u001b[32m\"24\"\u001b[39m\n                \u001b[33mstroke\u001b[39m=\u001b[32m\"currentColor\"\u001b[39m\n                \u001b[33mstroke-linecap\u001b[39m=\u001b[32m\"round\"\u001b[39m\n                \u001b[33mstroke-linejoin\u001b[39m=\u001b[32m\"round\"\u001b[39m\n                \u001b[33mstroke-width\u001b[39m=\u001b[32m\"2\"\u001b[39m\n                \u001b[33mviewBox\u001b[39m=\u001b[32m\"0 0 24 24\"\u001b[39m\n                \u001b[33mwidth\u001b[39m=\u001b[32m\"24\"\u001b[39m\n                \u001b[33mxmlns\u001b[39m=\u001b[32m\"http://www.w3.org/2000/svg\"\u001b[39m\n              \u001b[36m>\u001b[39m\n                \u001b[36m<path\u001b[39m\n                  \u001b[33md\u001b[39m=\u001b[32m\"M19 21v-2a4 4 0 0 0-4-4H9a4 4 0 0 0-4 4v2\"\u001b[39m\n                \u001b[36m/>\u001b[39m\n                \u001b[36m<circle\u001b[39m\n                  \u001b[33mcx\u001b[39m=\u001b[32m\"12\"\u001b[39m\n                  \u001b[33mcy\u001b[39m=\u001b[32m\"7\"\u001b[39m\n                  \u001b[33mr\u001b[39m=\u001b[32m\"4\"\u001b[39m\n                \u001b[36m/>\u001b[39m\n              \u001b[36m</svg>\u001b[39m\n              \u001b[0mOverview\u001b[0m\n            \u001b[36m</button>\u001b[39m\n            \u001b[36m<button\u001b[39m\n              \u001b[33maria-controls\u001b[39m=\u001b[32m\"radix-:ro:-content-edit\"\u001b[39m\n              \u001b[33maria-selected\u001b[39m=\u001b[32m\"false\"\u001b[39m\n              \u001b[33mclass\u001b[39m=\u001b[32m\"justify-center whitespace-nowrap rounded-sm px-3 py-1.5 text-sm font-medium ring-offset-background transition-all focus-visible:outline-none focus-visible:ring-2 focus-visible:ring-ring focus-visible:ring-offset-2 disabled:pointer-events-none disabled:opacity-50 data-[state=active]:bg-background data-[state=active]:text-foreground data-[state=active]:shadow-sm flex items-center\"\u001b[39m\n              \u001b[33mdata-orientation\u001b[39m=\u001b[32m\"horizontal\"\u001b[39m\n              \u001b[33mdata-radix-collection-item\u001b[39m=\u001b[32m\"\"\u001b[39m\n              \u001b[33mdata-state\u001b[39m=\u001b[32m\"inactive\"\u001b[39m\n              \u001b[33mid\u001b[39m=\u001b[32m\"radix-:ro:-trigger-edit\"\u001b[39m\n              \u001b[33mrole\u001b[39m=\u001b[32m\"tab\"\u001b[39m\n              \u001b[33mtabindex\u001b[39m=\u001b[32m\"-1\"\u001b[39m\n              \u001b[33mtype\u001b[39m=\u001b[32m\"button\"\u001b[39m\n            \u001b[36m>\u001b[39m\n              \u001b[36m<svg\u001b[39m\n                \u001b[33mclass\u001b[39m=\u001b[32m\"lucide lucide-settings w-4 h-4 mr-2\"\u001b[39m\n                \u001b[33mfill\u001b[39m=\u001b[32m\"none\"\u001b[39m\n                \u001b[33mheight\u001b[39m=\u001b[32m\"24\"\u001b[39m\n                \u001b[33mstroke\u001b[39m=\u001b[32m\"currentColor\"\u001b[39m\n                \u001b[33mstroke-linecap\u001b[39m=\u001b[32m\"round\"\u001b[39m\n                \u001b[33mstroke-linejoin\u001b[39m=\u001b[32m\"round\"\u001b[39m\n                \u001b[33mstroke-width\u001b[39m=\u001b[32m\"2\"\u001b[39m\n                \u001b[33mviewBox\u001b[39m=\u001b[32m\"0 0 24 24\"\u001b[39m\n                \u001b[33mwidth\u001b[39m=\u001b[32m\"24\"\u001b[39m\n                \u001b[33mxmlns\u001b[39m=\u001b[32m\"http://www.w3.org/2000/svg\"\u001b[39m\n              \u001b[36m>\u001b[39m\n                \u001b[36m<path\u001b[39m\n                  \u001b[33md\u001b[39m=\u001b[32m\"M12.22 2h-.44a2 2 0 0 0-2 2v.18a2 2 0 0 1-1 1.73l-.43.25a2 2 0 0 1-2 0l-.15-.08a2 2 0 0 0-2.73.73l-.22.38a2 2 0 0 0 .73 2.73l.15.1a2 2 0 0 1 1 1.72v.51a2 2 0 0 1-1 1.74l-.15.09a2 2 0 0 0-.73 2.73l.22.38a2 2 0 0 0 2.73.73l.15-.08a2 2 0 0 1 2 0l.43.25a2 2 0 0 1 1 1.73V20a2 2 0 0 0 2 2h.44a2 2 0 0 0 2-2v-.18a2 2 0 0 1 1-1.73l.43-.25a2 2 0 0 1 2 0l.15.08a2 2 0 0 0 2.73-.73l.22-.39a2 2 0 0 0-.73-2.73l-.15-.08a2 2 0 0 1-1-1.74v-.5a2 2 0 0 1 1-1.74l.15-.09a2 2 0 0 0 .73-2.73l-.22-.38a2 2 0 0 0-2.73-.73l-.15.08a2 2 0 0 1-2 0l-.43-.25a2 2 0 0 1-1-1.73V4a2 2 0 0 0-2-2z\"\u001b[39m\n                \u001b[36m/>\u001b[39m\n                \u001b[36m<circle\u001b[39m\n                  \u001b[33mcx\u001b[39m=\u001b[32m\"12\"\u001b[39m\n                  \u001b[33mcy\u001b[39m=\u001b[32m\"12\"\u001b[39m\n                  \u001b[33mr\u001b[39m=\u001b[32m\"3\"\u001b[39m\n                \u001b[36m/>\u001b[39m\n              \u001b[36m</svg>\u001b[39m\n              \u001b[0mEdit Profile\u001b[0m\n            \u001b[36m</button>\u001b[39m\n            \u001b[36m<button\u001b[39m\n              \u001b[33maria-controls\u001b[39m=\u001b[32m\"radix-:ro:-content-password\"\u001b[39m\n              \u001b[33maria-selected\u001b[39m=\u001b[32m\"true\"\u001b[39m\n              \u001b[33mclass\u001b[39m=\u001b[32m\"justify-center whitespace-nowrap rounded-sm px-3 py-1.5 text-sm font-medium ring-offset-background transition-all focus-visible:outline-none focus-visible:ring-2 focus-visible:ring-ring focus-visible:ring-offset-2 disabled:pointer-events-none disabled:opacity-50 data-[state=active]:bg-background data-[state=active]:text-foreground data-[state=active]:shadow-sm flex items-center\"\u001b[39m\n              \u001b[33mdata-orientation\u001b[39m=\u001b[32m\"horizontal\"\u001b[39m\n              \u001b[33mdata-radix-collection-item\u001b[39m=\u001b[32m\"\"\u001b[39m\n              \u001b[33mdata-state\u001b[39m=\u001b[32m\"active\"\u001b[39m\n              \u001b[33mid\u001b[39m=\u001b[32m\"radix-:ro:-trigger-password\"\u001b[39m\n              \u001b[33mrole\u001b[39m=\u001b[32m\"tab\"\u001b[39m\n              \u001b[33mtabindex\u001b[39m=\u001b[32m\"0\"\u001b[39m\n              \u001b[33mtype\u001b[39m=\u001b[32m\"button\"\u001b[39m\n            \u001b[36m>\u001b[39m\n              \u001b[36m<svg\u001b[39m...\n    at Proxy.waitForWrapper (C:\\Users\\Alex\\Nextcloud\\Software\\Personal Project Software\\CableIndex\\frontend\\node_modules\\@testing-library\\dom\\dist\\wait-for.js:163:27)\n    at C:/Users/Alex/Nextcloud/Software/Personal Project Software/CableIndex/frontend/src/test/pages/ProfilePage.test.tsx:108:11\n    at file:///C:/Users/Alex/Nextcloud/Software/Personal%20Project%20Software/CableIndex/frontend/node_modules/@vitest/runner/dist/index.js:753:20"],"meta":{}},{"ancestorTitles":["ProfilePage"],"fullName":"ProfilePage should render breadcrumb navigation","status":"passed","title":"should render breadcrumb navigation","duration":26.310500000000502,"failureMessages":[],"meta":{}},{"ancestorTitles":["ProfilePage"],"fullName":"ProfilePage should handle admin role styling","status":"failed","title":"should handle admin role styling","duration":2.030499999999847,"failureMessages":["Error: Cannot find module '../../contexts/AuthContext'\nRequire stack:\n- C:\\Users\\Alex\\Nextcloud\\Software\\Personal Project Software\\CableIndex\\frontend\\src\\test\\pages\\ProfilePage.test.tsx\n    at Function._resolveFilename (node:internal/modules/cjs/loader:1383:15)\n    at defaultResolveImpl (node:internal/modules/cjs/loader:1025:19)\n    at resolveForCJSWithHooks (node:internal/modules/cjs/loader:1030:22)\n    at Function._load (node:internal/modules/cjs/loader:1192:37)\n    at TracingChannel.traceSync (node:diagnostics_channel:328:14)\n    at wrapModuleLoad (node:internal/modules/cjs/loader:237:24)\n    at Module.require (node:internal/modules/cjs/loader:1463:12)\n    at require (node:internal/modules/helpers:147:16)\n    at C:/Users/Alex/Nextcloud/Software/Personal Project Software/CableIndex/frontend/src/test/pages/ProfilePage.test.tsx:126:15\n    at file:///C:/Users/Alex/Nextcloud/Software/Personal%20Project%20Software/CableIndex/frontend/node_modules/@vitest/runner/dist/index.js:157:11"],"meta":{}},{"ancestorTitles":["ProfilePage"],"fullName":"ProfilePage should handle moderator role styling","status":"failed","title":"should handle moderator role styling","duration":0.9705000000003565,"failureMessages":["Error: Cannot find module '../../contexts/AuthContext'\nRequire stack:\n- C:\\Users\\Alex\\Nextcloud\\Software\\Personal Project Software\\CableIndex\\frontend\\src\\test\\pages\\ProfilePage.test.tsx\n    at Function._resolveFilename (node:internal/modules/cjs/loader:1383:15)\n    at defaultResolveImpl (node:internal/modules/cjs/loader:1025:19)\n    at resolveForCJSWithHooks (node:internal/modules/cjs/loader:1030:22)\n    at Function._load (node:internal/modules/cjs/loader:1192:37)\n    at TracingChannel.traceSync (node:diagnostics_channel:328:14)\n    at wrapModuleLoad (node:internal/modules/cjs/loader:237:24)\n    at Module.require (node:internal/modules/cjs/loader:1463:12)\n    at require (node:internal/modules/helpers:147:16)\n    at C:/Users/Alex/Nextcloud/Software/Personal Project Software/CableIndex/frontend/src/test/pages/ProfilePage.test.tsx:140:15\n    at file:///C:/Users/Alex/Nextcloud/Software/Personal%20Project%20Software/CableIndex/frontend/node_modules/@vitest/runner/dist/index.js:157:11"],"meta":{}},{"ancestorTitles":["ProfilePage"],"fullName":"ProfilePage should not render when user is null","status":"failed","title":"should not render when user is null","duration":1.1885000000002037,"failureMessages":["Error: Cannot find module '../../contexts/AuthContext'\nRequire stack:\n- C:\\Users\\Alex\\Nextcloud\\Software\\Personal Project Software\\CableIndex\\frontend\\src\\test\\pages\\ProfilePage.test.tsx\n    at Function._resolveFilename (node:internal/modules/cjs/loader:1383:15)\n    at defaultResolveImpl (node:internal/modules/cjs/loader:1025:19)\n    at resolveForCJSWithHooks (node:internal/modules/cjs/loader:1030:22)\n    at Function._load (node:internal/modules/cjs/loader:1192:37)\n    at TracingChannel.traceSync (node:diagnostics_channel:328:14)\n    at wrapModuleLoad (node:internal/modules/cjs/loader:237:24)\n    at Module.require (node:internal/modules/cjs/loader:1463:12)\n    at require (node:internal/modules/helpers:147:16)\n    at C:/Users/Alex/Nextcloud/Software/Personal Project Software/CableIndex/frontend/src/test/pages/ProfilePage.test.tsx:152:15\n    at file:///C:/Users/Alex/Nextcloud/Software/Personal%20Project%20Software/CableIndex/frontend/node_modules/@vitest/runner/dist/index.js:157:11"],"meta":{}},{"ancestorTitles":["ProfilePage"],"fullName":"ProfilePage should display all required user information fields","status":"passed","title":"should display all required user information fields","duration":36.51940000000013,"failureMessages":[],"meta":{}},{"ancestorTitles":["ProfilePage"],"fullName":"ProfilePage should have proper tab navigation structure","status":"passed","title":"should have proper tab navigation structure","duration":64.84109999999964,"failureMessages":[],"meta":{}},{"ancestorTitles":["ProfilePage"],"fullName":"ProfilePage should have overview tab selected by default","status":"passed","title":"should have overview tab selected by default","duration":69.75959999999941,"failureMessages":[],"meta":{}}],"startTime":1769820843186,"endTime":1769820845148.7595,"status":"failed","message":"","name":"C:/Users/Alex/Nextcloud/Software/Personal Project Software/CableIndex/frontend/src/test/pages/ProfilePage.test.tsx"},{"assertionResults":[{"ancestorTitles":["SitesPage"],"fullName":"SitesPage should render site list by default","status":"passed","title":"should render site list by default","duration":49.53020000000015,"failureMessages":[],"meta":{}},{"ancestorTitles":["SitesPage"],"fullName":"SitesPage should open create dialog when create button is clicked","status":"passed","title":"should open create dialog when create button is clicked","duration":205.50919999999996,"failureMessages":[],"meta":{}},{"ancestorTitles":["SitesPage"],"fullName":"SitesPage should open edit dialog when edit button is clicked","status":"passed","title":"should open edit dialog when edit button is clicked","duration":143.35370000000057,"failureMessages":[],"meta":{}},{"ancestorTitles":["SitesPage"],"fullName":"SitesPage should open delete dialog when delete button is clicked","status":"passed","title":"should open delete dialog when delete button is clicked","duration":173.53290000000015,"failureMessages":[],"meta":{}},{"ancestorTitles":["SitesPage"],"fullName":"SitesPage should switch to details view when view details is clicked","status":"passed","title":"should switch to details view when view details is clicked","duration":86.12890000000061,"failureMessages":[],"meta":{}},{"ancestorTitles":["SitesPage"],"fullName":"SitesPage should return to list view when back button is clicked","status":"passed","title":"should return to list view when back button is clicked","duration":122.3742999999995,"failureMessages":[],"meta":{}},{"ancestorTitles":["SitesPage"],"fullName":"SitesPage should create site successfully","status":"passed","title":"should create site successfully","duration":124.58369999999923,"failureMessages":[],"meta":{}},{"ancestorTitles":["SitesPage"],"fullName":"SitesPage should update site successfully","status":"passed","title":"should update site successfully","duration":139.76140000000032,"failureMessages":[],"meta":{}},{"ancestorTitles":["SitesPage"],"fullName":"SitesPage should delete site successfully","status":"passed","title":"should delete site successfully","duration":172.06920000000082,"failureMessages":[],"meta":{}},{"ancestorTitles":["SitesPage"],"fullName":"SitesPage should handle create site error","status":"passed","title":"should handle create site error","duration":139.82690000000002,"failureMessages":[],"meta":{}},{"ancestorTitles":["SitesPage"],"fullName":"SitesPage should handle update site error","status":"passed","title":"should handle update site error","duration":124.30050000000028,"failureMessages":[],"meta":{}},{"ancestorTitles":["SitesPage"],"fullName":"SitesPage should handle delete site error","status":"passed","title":"should handle delete site error","duration":171.03880000000026,"failureMessages":[],"meta":{}},{"ancestorTitles":["SitesPage"],"fullName":"SitesPage should close dialogs when cancel is clicked","status":"passed","title":"should close dialogs when cancel is clicked","duration":233.60869999999977,"failureMessages":[],"meta":{}},{"ancestorTitles":["SitesPage"],"fullName":"SitesPage should require typed confirmation + checkbox when site has labels","status":"passed","title":"should require typed confirmation + checkbox when site has labels","duration":513.9976000000006,"failureMessages":[],"meta":{}}],"startTime":1769820843008,"endTime":1769820845407.9976,"status":"passed","message":"","name":"C:/Users/Alex/Nextcloud/Software/Personal Project Software/CableIndex/frontend/src/test/pages/SitesPage.test.tsx"},{"assertionResults":[],"startTime":1769820838932,"endTime":1769820838932,"status":"failed","message":"Transform failed with 1 error:\nC:/Users/Alex/Nextcloud/Software/Personal Project Software/CableIndex/frontend/src/test/integration/admin-workflow.test.tsx:123:6: ERROR: Expected \")\" but found \"if\"","name":"C:/Users/Alex/Nextcloud/Software/Personal Project Software/CableIndex/frontend/src/test/integration/admin-workflow.test.tsx"},{"assertionResults":[{"ancestorTitles":["Error Scenarios Integration Tests"],"fullName":"Error Scenarios Integration Tests should handle login errors gracefully","status":"failed","title":"should handle login errors gracefully","duration":1043.9269000000004,"failureMessages":["Error: Unable to find an element with the text: Sign In. This could be because the text is broken up by multiple elements. In this case, you can provide a function for your text matcher to make your matcher more flexible.\n\nIgnored nodes: comments, script, style\n\u001b[36m<body>\u001b[39m\n  \u001b[36m<div>\u001b[39m\n    \u001b[36m<div\u001b[39m\n      \u001b[33mclass\u001b[39m=\u001b[32m\"min-h-screen bg-background\"\u001b[39m\n    \u001b[36m>\u001b[39m\n      \u001b[36m<div\u001b[39m\n        \u001b[33mclass\u001b[39m=\u001b[32m\"min-h-screen bg-gray-50\"\u001b[39m\n      \u001b[36m>\u001b[39m\n        \u001b[36m<nav\u001b[39m\n          \u001b[33mclass\u001b[39m=\u001b[32m\"bg-white shadow-sm border-b\"\u001b[39m\n        \u001b[36m>\u001b[39m\n          \u001b[36m<div\u001b[39m\n            \u001b[33mclass\u001b[39m=\u001b[32m\"max-w-7xl mx-auto px-4 sm:px-6 lg:px-8\"\u001b[39m\n          \u001b[36m>\u001b[39m\n            \u001b[36m<div\u001b[39m\n              \u001b[33mclass\u001b[39m=\u001b[32m\"flex justify-between h-16\"\u001b[39m\n            \u001b[36m>\u001b[39m\n              \u001b[36m<div\u001b[39m\n                \u001b[33mclass\u001b[39m=\u001b[32m\"flex\"\u001b[39m\n              \u001b[36m>\u001b[39m\n                \u001b[36m<div\u001b[39m\n                  \u001b[33mclass\u001b[39m=\u001b[32m\"flex-shrink-0 flex items-center\"\u001b[39m\n                \u001b[36m>\u001b[39m\n                  \u001b[36m<a\u001b[39m\n                    \u001b[33mclass\u001b[39m=\u001b[32m\"flex items-center space-x-2\"\u001b[39m\n                    \u001b[33mhref\u001b[39m=\u001b[32m\"/sites\"\u001b[39m\n                  \u001b[36m>\u001b[39m\n                    \u001b[36m<img\u001b[39m\n                      \u001b[33malt\u001b[39m=\u001b[32m\"CableIndex\"\u001b[39m\n                      \u001b[33mclass\u001b[39m=\u001b[32m\"h-8 w-8\"\u001b[39m\n                      \u001b[33msrc\u001b[39m=\u001b[32m\"/cableindex-icon.png\"\u001b[39m\n                    \u001b[36m/>\u001b[39m\n                    \u001b[36m<span\u001b[39m\n                      \u001b[33mclass\u001b[39m=\u001b[32m\"text-xl font-bold text-gray-900\"\u001b[39m\n                    \u001b[36m>\u001b[39m\n                      \u001b[0mCableIndex\u001b[0m\n                    \u001b[36m</span>\u001b[39m\n                  \u001b[36m</a>\u001b[39m\n                \u001b[36m</div>\u001b[39m\n                \u001b[36m<div\u001b[39m\n                  \u001b[33mclass\u001b[39m=\u001b[32m\"hidden sm:ml-6 sm:flex sm:space-x-8\"\u001b[39m\n                \u001b[36m>\u001b[39m\n                  \u001b[36m<a\u001b[39m\n                    \u001b[33mclass\u001b[39m=\u001b[32m\"inline-flex items-center px-1 pt-1 border-b-2 text-sm font-medium transition-colors border-transparent text-gray-500 hover:border-gray-300 hover:text-gray-700\"\u001b[39m\n                    \u001b[33mhref\u001b[39m=\u001b[32m\"/sites\"\u001b[39m\n                  \u001b[36m>\u001b[39m\n                    \u001b[36m<svg\u001b[39m\n                      \u001b[33mclass\u001b[39m=\u001b[32m\"lucide lucide-map-pin w-4 h-4 mr-2\"\u001b[39m\n                      \u001b[33mfill\u001b[39m=\u001b[32m\"none\"\u001b[39m\n                      \u001b[33mheight\u001b[39m=\u001b[32m\"24\"\u001b[39m\n                      \u001b[33mstroke\u001b[39m=\u001b[32m\"currentColor\"\u001b[39m\n                      \u001b[33mstroke-linecap\u001b[39m=\u001b[32m\"round\"\u001b[39m\n                      \u001b[33mstroke-linejoin\u001b[39m=\u001b[32m\"round\"\u001b[39m\n                      \u001b[33mstroke-width\u001b[39m=\u001b[32m\"2\"\u001b[39m\n                      \u001b[33mviewBox\u001b[39m=\u001b[32m\"0 0 24 24\"\u001b[39m\n                      \u001b[33mwidth\u001b[39m=\u001b[32m\"24\"\u001b[39m\n                      \u001b[33mxmlns\u001b[39m=\u001b[32m\"http://www.w3.org/2000/svg\"\u001b[39m\n                    \u001b[36m>\u001b[39m\n                      \u001b[36m<path\u001b[39m\n                        \u001b[33md\u001b[39m=\u001b[32m\"M20 10c0 6-8 12-8 12s-8-6-8-12a8 8 0 0 1 16 0Z\"\u001b[39m\n                      \u001b[36m/>\u001b[39m\n                      \u001b[36m<circle\u001b[39m\n                        \u001b[33mcx\u001b[39m=\u001b[32m\"12\"\u001b[39m\n                        \u001b[33mcy\u001b[39m=\u001b[32m\"10\"\u001b[39m\n                        \u001b[33mr\u001b[39m=\u001b[32m\"3\"\u001b[39m\n                      \u001b[36m/>\u001b[39m\n                    \u001b[36m</svg>\u001b[39m\n                    \u001b[0mSites\u001b[0m\n                  \u001b[36m</a>\u001b[39m\n                  \u001b[36m<a\u001b[39m\n                    \u001b[33mclass\u001b[39m=\u001b[32m\"inline-flex items-center px-1 pt-1 border-b-2 text-sm font-medium transition-colors border-transparent text-gray-500 hover:border-gray-300 hover:text-gray-700\"\u001b[39m\n                    \u001b[33mhref\u001b[39m=\u001b[32m\"/tools\"\u001b[39m\n                  \u001b[36m>\u001b[39m\n                    \u001b[36m<svg\u001b[39m\n                      \u001b[33mclass\u001b[39m=\u001b[32m\"lucide lucide-wrench w-4 h-4 mr-2\"\u001b[39m\n                      \u001b[33mfill\u001b[39m=\u001b[32m\"none\"\u001b[39m\n                      \u001b[33mheight\u001b[39m=\u001b[32m\"24\"\u001b[39m\n                      \u001b[33mstroke\u001b[39m=\u001b[32m\"currentColor\"\u001b[39m\n                      \u001b[33mstroke-linecap\u001b[39m=\u001b[32m\"round\"\u001b[39m\n                      \u001b[33mstroke-linejoin\u001b[39m=\u001b[32m\"round\"\u001b[39m\n                      \u001b[33mstroke-width\u001b[39m=\u001b[32m\"2\"\u001b[39m\n                      \u001b[33mviewBox\u001b[39m=\u001b[32m\"0 0 24 24\"\u001b[39m\n                      \u001b[33mwidth\u001b[39m=\u001b[32m\"24\"\u001b[39m\n                      \u001b[33mxmlns\u001b[39m=\u001b[32m\"http://www.w3.org/2000/svg\"\u001b[39m\n                    \u001b[36m>\u001b[39m\n                      \u001b[36m<path\u001b[39m\n                        \u001b[33md\u001b[39m=\u001b[32m\"M14.7 6.3a1 1 0 0 0 0 1.4l1.6 1.6a1 1 0 0 0 1.4 0l3.77-3.77a6 6 0 0 1-7.94 7.94l-6.91 6.91a2.12 2.12 0 0 1-3-3l6.91-6.91a6 6 0 0 1 7.94-7.94l-3.76 3.76z\"\u001b[39m\n                      \u001b[36m/>\u001b[39m\n                    \u001b[36m</svg>\u001b[39m\n                    \u001b[0mTools\u001b[0m\n                  \u001b[36m</a>\u001b[39m\n                \u001b[36m</div>\u001b[39m\n              \u001b[36m</div>\u001b[39m\n              \u001b[36m<div\u001b[39m\n                \u001b[33mclass\u001b[39m=\u001b[32m\"flex items-center\"\u001b[39m\n              \u001b[36m>\u001b[39m\n                \u001b[36m<button\u001b[39m\n                  \u001b[33maria-expanded\u001b[39m=\u001b[32m\"false\"\u001b[39m\n                  \u001b[33maria-haspopup\u001b[39m=\u001b[32m\"menu\"\u001b[39m\n                  \u001b[33mclass\u001b[39m=\u001b[32m\"justify-center whitespace-nowrap rounded-md text-sm font-medium ring-offset-background transition-colors focus-visible:outline-none focus-visible:ring-2 focus-visible:ring-ring focus-visible:ring-offset-2 disabled:pointer-events-none disabled:opacity-50 hover:bg-accent hover:text-accent-foreground h-10 px-4 py-2 flex items-center space-x-2\"\u001b[39m\n                  \u001b[33mdata-state\u001b[39m=\u001b[32m\"closed\"\u001b[39m\n                  \u001b[33mid\u001b[39m=\u001b[32m\"radix-:r0:\"\u001b[39m\n                  \u001b[33mtype\u001b[39m=\u001b[32m\"button\"\u001b[39m\n                \u001b[36m>\u001b[39m\n                  \u001b[36m<svg\u001b[39m\n                    \u001b[33mclass\u001b[39m=\u001b[32m\"lucide lucide-user w-4 h-4\"\u001b[39m\n                    \u001b[33mfill\u001b[39m=\u001b[32m\"none\"\u001b[39m\n                    \u001b[33mheight\u001b[39m=\u001b[32m\"24\"\u001b[39m\n                    \u001b[33mstroke\u001b[39m=\u001b[32m\"currentColor\"\u001b[39m\n                    \u001b[33mstroke-linecap\u001b[39m=\u001b[32m\"round\"\u001b[39m\n                    \u001b[33mstroke-linejoin\u001b[39m=\u001b[32m\"round\"\u001b[39m\n                    \u001b[33mstroke-width\u001b[39m=\u001b[32m\"2\"\u001b[39m\n                    \u001b[33mviewBox\u001b[39m=\u001b[32m\"0 0 24 24\"\u001b[39m\n                    \u001b[33mwidth\u001b[39m=\u001b[32m\"24\"\u001b[39m\n                    \u001b[33mxmlns\u001b[39m=\u001b[32m\"http://www.w3.org/2000/svg\"\u001b[39m\n                  \u001b[36m>\u001b[39m\n                    \u001b[36m<path\u001b[39m\n                      \u001b[33md\u001b[39m=\u001b[32m\"M19 21v-2a4 4 0 0 0-4-4H9a4 4 0 0 0-4 4v2\"\u001b[39m\n                    \u001b[36m/>\u001b[39m\n                    \u001b[36m<circle\u001b[39m\n                      \u001b[33mcx\u001b[39m=\u001b[32m\"12\"\u001b[39m\n                      \u001b[33mcy\u001b[39m=\u001b[32m\"7\"\u001b[39m\n                      \u001b[33mr\u001b[39m=\u001b[32m\"4\"\u001b[39m\n                    \u001b[36m/>\u001b[39m\n                  \u001b[36m</svg>\u001b[39m\n                  \u001b[36m<span\u001b[39m\n                    \u001b[33mclass\u001b[39m=\u001b[32m\"hidden sm:block\"\u001b[39m\n                  \u001b[36m>\u001b[39m\n                    \u001b[0mTest User\u001b[0m\n                  \u001b[36m</span>\u001b[39m\n                  \u001b[36m<svg\u001b[39m\n                    \u001b[33mclass\u001b[39m=\u001b[32m\"lucide lucide-chevron-down w-4 h-4\"\u001b[39m\n                    \u001b[33mfill\u001b[39m=\u001b[32m\"non...\n    at Proxy.waitForWrapper (C:\\Users\\Alex\\Nextcloud\\Software\\Personal Project Software\\CableIndex\\frontend\\node_modules\\@testing-library\\dom\\dist\\wait-for.js:163:27)\n    at C:/Users/Alex/Nextcloud/Software/Personal Project Software/CableIndex/frontend/src/test/integration/error-scenarios.test.tsx:65:11\n    at processTicksAndRejections (node:internal/process/task_queues:105:5)\n    at file:///C:/Users/Alex/Nextcloud/Software/Personal%20Project%20Software/CableIndex/frontend/node_modules/@vitest/runner/dist/index.js:753:20"],"meta":{}},{"ancestorTitles":["Error Scenarios Integration Tests"],"fullName":"Error Scenarios Integration Tests should handle network errors during data fetching","status":"failed","title":"should handle network errors during data fetching","duration":1014.4767000000002,"failureMessages":["Error: Found multiple elements with the text: Sites\n\nHere are the matching elements:\n\nIgnored nodes: comments, script, style\n\u001b[36m<a\u001b[39m\n  \u001b[33mclass\u001b[39m=\u001b[32m\"inline-flex items-center px-1 pt-1 border-b-2 text-sm font-medium transition-colors border-transparent text-gray-500 hover:border-gray-300 hover:text-gray-700\"\u001b[39m\n  \u001b[33mhref\u001b[39m=\u001b[32m\"/sites\"\u001b[39m\n\u001b[36m>\u001b[39m\n  \u001b[36m<svg\u001b[39m\n    \u001b[33mclass\u001b[39m=\u001b[32m\"lucide lucide-map-pin w-4 h-4 mr-2\"\u001b[39m\n    \u001b[33mfill\u001b[39m=\u001b[32m\"none\"\u001b[39m\n    \u001b[33mheight\u001b[39m=\u001b[32m\"24\"\u001b[39m\n    \u001b[33mstroke\u001b[39m=\u001b[32m\"currentColor\"\u001b[39m\n    \u001b[33mstroke-linecap\u001b[39m=\u001b[32m\"round\"\u001b[39m\n    \u001b[33mstroke-linejoin\u001b[39m=\u001b[32m\"round\"\u001b[39m\n    \u001b[33mstroke-width\u001b[39m=\u001b[32m\"2\"\u001b[39m\n    \u001b[33mviewBox\u001b[39m=\u001b[32m\"0 0 24 24\"\u001b[39m\n    \u001b[33mwidth\u001b[39m=\u001b[32m\"24\"\u001b[39m\n    \u001b[33mxmlns\u001b[39m=\u001b[32m\"http://www.w3.org/2000/svg\"\u001b[39m\n  \u001b[36m>\u001b[39m\n    \u001b[36m<path\u001b[39m\n      \u001b[33md\u001b[39m=\u001b[32m\"M20 10c0 6-8 12-8 12s-8-6-8-12a8 8 0 0 1 16 0Z\"\u001b[39m\n    \u001b[36m/>\u001b[39m\n    \u001b[36m<circle\u001b[39m\n      \u001b[33mcx\u001b[39m=\u001b[32m\"12\"\u001b[39m\n      \u001b[33mcy\u001b[39m=\u001b[32m\"10\"\u001b[39m\n      \u001b[33mr\u001b[39m=\u001b[32m\"3\"\u001b[39m\n    \u001b[36m/>\u001b[39m\n  \u001b[36m</svg>\u001b[39m\n  \u001b[0mSites\u001b[0m\n\u001b[36m</a>\u001b[39m\n\nIgnored nodes: comments, script, style\n\u001b[36m<div\u001b[39m\n  \u001b[33mclass\u001b[39m=\u001b[32m\"flex items-center\"\u001b[39m\n\u001b[36m>\u001b[39m\n  \u001b[36m<svg\u001b[39m\n    \u001b[33mclass\u001b[39m=\u001b[32m\"lucide lucide-map-pin w-4 h-4 mr-3\"\u001b[39m\n    \u001b[33mfill\u001b[39m=\u001b[32m\"none\"\u001b[39m\n    \u001b[33mheight\u001b[39m=\u001b[32m\"24\"\u001b[39m\n    \u001b[33mstroke\u001b[39m=\u001b[32m\"currentColor\"\u001b[39m\n    \u001b[33mstroke-linecap\u001b[39m=\u001b[32m\"round\"\u001b[39m\n    \u001b[33mstroke-linejoin\u001b[39m=\u001b[32m\"round\"\u001b[39m\n    \u001b[33mstroke-width\u001b[39m=\u001b[32m\"2\"\u001b[39m\n    \u001b[33mviewBox\u001b[39m=\u001b[32m\"0 0 24 24\"\u001b[39m\n    \u001b[33mwidth\u001b[39m=\u001b[32m\"24\"\u001b[39m\n    \u001b[33mxmlns\u001b[39m=\u001b[32m\"http://www.w3.org/2000/svg\"\u001b[39m\n  \u001b[36m>\u001b[39m\n    \u001b[36m<path\u001b[39m\n      \u001b[33md\u001b[39m=\u001b[32m\"M20 10c0 6-8 12-8 12s-8-6-8-12a8 8 0 0 1 16 0Z\"\u001b[39m\n    \u001b[36m/>\u001b[39m\n    \u001b[36m<circle\u001b[39m\n      \u001b[33mcx\u001b[39m=\u001b[32m\"12\"\u001b[39m\n      \u001b[33mcy\u001b[39m=\u001b[32m\"10\"\u001b[39m\n      \u001b[33mr\u001b[39m=\u001b[32m\"3\"\u001b[39m\n    \u001b[36m/>\u001b[39m\n  \u001b[36m</svg>\u001b[39m\n  \u001b[0mSites\u001b[0m\n\u001b[36m</div>\u001b[39m\n\nIgnored nodes: comments, script, style\n\u001b[36m<h1\u001b[39m\n  \u001b[33mclass\u001b[39m=\u001b[32m\"text-2xl font-bold\"\u001b[39m\n\u001b[36m>\u001b[39m\n  \u001b[0mSites\u001b[0m\n\u001b[36m</h1>\u001b[39m\n\n(If this is intentional, then use the `*AllBy*` variant of the query (like `queryAllByText`, `getAllByText`, or `findAllByText`)).\n\nIgnored nodes: comments, script, style\n\u001b[36m<body\u001b[39m\n  \u001b[33mstyle\u001b[39m=\u001b[32m\"overflow: unset;\"\u001b[39m\n\u001b[36m>\u001b[39m\n  \u001b[36m<div>\u001b[39m\n    \u001b[36m<div\u001b[39m\n      \u001b[33mclass\u001b[39m=\u001b[32m\"min-h-screen bg-background\"\u001b[39m\n    \u001b[36m>\u001b[39m\n      \u001b[36m<div\u001b[39m\n        \u001b[33mclass\u001b[39m=\u001b[32m\"min-h-screen bg-gray-50\"\u001b[39m\n      \u001b[36m>\u001b[39m\n        \u001b[36m<nav\u001b[39m\n          \u001b[33mclass\u001b[39m=\u001b[32m\"bg-white shadow-sm border-b\"\u001b[39m\n        \u001b[36m>\u001b[39m\n          \u001b[36m<div\u001b[39m\n            \u001b[33mclass\u001b[39m=\u001b[32m\"max-w-7xl mx-auto px-4 sm:px-6 lg:px-8\"\u001b[39m\n          \u001b[36m>\u001b[39m\n            \u001b[36m<div\u001b[39m\n              \u001b[33mclass\u001b[39m=\u001b[32m\"flex justify-between h-16\"\u001b[39m\n            \u001b[36m>\u001b[39m\n              \u001b[36m<div\u001b[39m\n                \u001b[33mclass\u001b[39m=\u001b[32m\"flex\"\u001b[39m\n              \u001b[36m>\u001b[39m\n                \u001b[36m<div\u001b[39m\n                  \u001b[33mclass\u001b[39m=\u001b[32m\"flex-shrink-0 flex items-center\"\u001b[39m\n                \u001b[36m>\u001b[39m\n                  \u001b[36m<a\u001b[39m\n                    \u001b[33mclass\u001b[39m=\u001b[32m\"flex items-center space-x-2\"\u001b[39m\n                    \u001b[33mhref\u001b[39m=\u001b[32m\"/sites\"\u001b[39m\n                  \u001b[36m>\u001b[39m\n                    \u001b[36m<img\u001b[39m\n                      \u001b[33malt\u001b[39m=\u001b[32m\"CableIndex\"\u001b[39m\n                      \u001b[33mclass\u001b[39m=\u001b[32m\"h-8 w-8\"\u001b[39m\n                      \u001b[33msrc\u001b[39m=\u001b[32m\"/cableindex-icon.png\"\u001b[39m\n                    \u001b[36m/>\u001b[39m\n                    \u001b[36m<span\u001b[39m\n                      \u001b[33mclass\u001b[39m=\u001b[32m\"text-xl font-bold text-gray-900\"\u001b[39m\n                    \u001b[36m>\u001b[39m\n                      \u001b[0mCableIndex\u001b[0m\n                    \u001b[36m</span>\u001b[39m\n                  \u001b[36m</a>\u001b[39m\n                \u001b[36m</div>\u001b[39m\n                \u001b[36m<div\u001b[39m\n                  \u001b[33mclass\u001b[39m=\u001b[32m\"hidden sm:ml-6 sm:flex sm:space-x-8\"\u001b[39m\n                \u001b[36m>\u001b[39m\n                  \u001b[36m<a\u001b[39m\n                    \u001b[33mclass\u001b[39m=\u001b[32m\"inline-flex items-center px-1 pt-1 border-b-2 text-sm font-medium transition-colors border-transparent text-gray-500 hover:border-gray-300 hover:text-gray-700\"\u001b[39m\n                    \u001b[33mhref\u001b[39m=\u001b[32m\"/sites\"\u001b[39m\n                  \u001b[36m>\u001b[39m\n                    \u001b[36m<svg\u001b[39m\n                      \u001b[33mclass\u001b[39m=\u001b[32m\"lucide lucide-map-pin w-4 h-4 mr-2\"\u001b[39m\n                      \u001b[33mfill\u001b[39m=\u001b[32m\"none\"\u001b[39m\n                      \u001b[33mheight\u001b[39m=\u001b[32m\"24\"\u001b[39m\n                      \u001b[33mstroke\u001b[39m=\u001b[32m\"currentColor\"\u001b[39m\n                      \u001b[33mstroke-linecap\u001b[39m=\u001b[32m\"round\"\u001b[39m\n                      \u001b[33mstroke-linejoin\u001b[39m=\u001b[32m\"round\"\u001b[39m\n                      \u001b[33mstroke-width\u001b[39m=\u001b[32m\"2\"\u001b[39m\n                      \u001b[33mviewBox\u001b[39m=\u001b[32m\"0 0 24 24\"\u001b[39m\n                      \u001b[33mwidth\u001b[39m=\u001b[32m\"24\"\u001b[39m\n                      \u001b[33mxmlns\u001b[39m=\u001b[32m\"http://www.w3.org/2000/svg\"\u001b[39m\n                    \u001b[36m>\u001b[39m\n                      \u001b[36m<path\u001b[39m\n                        \u001b[33md\u001b[39m=\u001b[32m\"M20 10c0 6-8 12-8 12s-8-6-8-12a8 8 0 0 1 16 0Z\"\u001b[39m\n                      \u001b[36m/>\u001b[39m\n                      \u001b[36m<circle\u001b[39m\n                        \u001b[33mcx\u001b[39m=\u001b[32m\"12\"\u001b[39m\n                        \u001b[33mcy\u001b[39m=\u001b[32m\"10\"\u001b[39m\n                        \u001b[33mr\u001b[39m=\u001b[32m\"3\"\u001b[39m\n                      \u001b[36m/>\u001b[39m\n                    \u001b[36m</svg>\u001b[39m\n                    \u001b[0mSites\u001b[0m\n                  \u001b[36m</a>\u001b[39m\n                  \u001b[36m<a\u001b[39m\n                    \u001b[33mclass\u001b[39m=\u001b[32m\"inline-flex items-center px-1 pt-1 border-b-2 text-sm font-medium transition-colors border-transparent text-gray-500 hover:border-gray-300 hover:text-gray-700\"\u001b[39m\n                    \u001b[33mhref\u001b[39m=\u001b[32m\"/tools\"\u001b[39m\n                  \u001b[36m>\u001b[39m\n                    \u001b[36m<svg\u001b[39m\n                      \u001b[33mclass\u001b[39m=\u001b[32m\"lucide lucide-wrench w-4 h-4 mr-2\"\u001b[39m\n                      \u001b[33mfill\u001b[39m=\u001b[32m\"none\"\u001b[39m\n                      \u001b[33mheight\u001b[39m=\u001b[32m\"24\"\u001b[39m\n                      \u001b[33mstroke\u001b[39m=\u001b[32m\"currentColor\"\u001b[39m\n                      \u001b[33mstroke-linecap\u001b[39m=\u001b[32m\"round\"\u001b[39m\n                      \u001b[33mstroke-linejoin\u001b[39m=\u001b[32m\"round\"\u001b[39m\n                      \u001b[33mstroke-width\u001b[39m=\u001b[32m\"2\"\u001b[39m\n                      \u001b[33mviewBox\u001b[39m=\u001b[32m\"0 0 24 24\"\u001b[39m\n                      \u001b[33mwidth\u001b[39m=\u001b[32m\"24\"\u001b[39m\n                      \u001b[33mxmlns\u001b[39m=\u001b[32m\"http://www.w3.org/2000/svg\"\u001b[39m\n                    \u001b[36m>\u001b[39m\n                      \u001b[36m<path\u001b[39m\n                        \u001b[33md\u001b[39m=\u001b[32m\"M14.7 6.3a1 1 0 0 0 0 1.4l1.6 1.6a1 1 0 0 0 1.4 0l3.77-3.77a6 6 0 0 1-7.94 7.94l-6.91 6.91a2.12 2.12 0 0 1-3-3l6.91-6.91a6 6 0 0 1 7.94-7.94l-3.76 3.76z\"\u001b[39m\n                      \u001b[36m/>\u001b[39m\n                    \u001b[36m</svg>\u001b[39m\n                    \u001b[0mTools\u001b[0m\n                  \u001b[36m</a>\u001b[39m\n                \u001b[36m</div>\u001b[39m\n              \u001b[36m</div>\u001b[39m\n              \u001b[36m<div\u001b[39m\n                \u001b[33mclass\u001b[39m=\u001b[32m\"flex items-center\"\u001b[39m\n              \u001b[36m>\u001b[39m\n                \u001b[36m<button\u001b[39m\n                  \u001b[33maria-expanded\u001b[39m=\u001b[32m\"false\"\u001b[39m\n                  \u001b[33maria-haspopup\u001b[39m=\u001b[32m\"menu\"\u001b[39m\n                  \u001b[33mclass\u001b[39m=\u001b[32m\"justify-center whitespace-nowrap rounded-md text-sm font-medium ring-offset-background transition-colors focus-visible:outline-none focus-visible:ring-2 focus-visible:ring-ring focus-visible:ring-offset-2 disabled:pointer-events-none disabled:opacity-50 hover:bg-accent hover:text-accent-foreground h-10 px-4 py-2 flex items-center space-x-2\"\u001b[39m\n                  \u001b[33mdata-state\u001b[39m=\u001b[32m\"closed\"\u001b[39m\n                  \u001b[33mid\u001b[39m=\u001b[32m\"radix-:r2:\"\u001b[39m\n                  \u001b[33mtype\u001b[39m=\u001b[32m\"button\"\u001b[39m\n                \u001b[36m>\u001b[39m\n                  \u001b[36m<svg\u001b[39m\n                    \u001b[33mclass\u001b[39m=\u001b[32m\"lucide lucide-user w-4 h-4\"\u001b[39m\n                    \u001b[33mfill\u001b[39m=\u001b[32m\"none\"\u001b[39m\n                    \u001b[33mheight\u001b[39m=\u001b[32m\"24\"\u001b[39m\n                    \u001b[33mstroke\u001b[39m=\u001b[32m\"currentColor\"\u001b[39m\n                    \u001b[33mstroke-linecap\u001b[39m=\u001b[32m\"round\"\u001b[39m\n                    \u001b[33mstroke-linejoin\u001b[39m=\u001b[32m\"round\"\u001b[39m\n                    \u001b[33mstroke-width\u001b[39m=\u001b[32m\"2\"\u001b[39m\n                    \u001b[33mviewBox\u001b[39m=\u001b[32m\"0 0 24 24\"\u001b[39m\n                    \u001b[33mwidth\u001b[39m=\u001b[32m\"24\"\u001b[39m\n                    \u001b[33mxmlns\u001b[39m=\u001b[32m\"http://www.w3.org/2000/svg\"\u001b[39m\n                  \u001b[36m>\u001b[39m\n                    \u001b[36m<path\u001b[39m\n                      \u001b[33md\u001b[39m=\u001b[32m\"M19 21v-2a4 4 0 0 0-4-4H9a4 4 0 0 0-4 4v2\"\u001b[39m\n                    \u001b[36m/>\u001b[39m\n                    \u001b[36m<circle\u001b[39m\n                      \u001b[33mcx\u001b[39m=\u001b[32m\"12\"\u001b[39m\n                      \u001b[33mcy\u001b[39m=\u001b[32m\"7\"\u001b[39m\n                      \u001b[33mr\u001b[39m=\u001b[32m\"4\"\u001b[39m\n                    \u001b[36m/>\u001b[39m\n                  \u001b[36m</svg>\u001b[39m\n                  \u001b[36m<span\u001b[39m\n                    \u001b[33mclass\u001b[39m=\u001b[32m\"hidden sm:block\"\u001b[39m\n                  \u001b[36m>\u001b[39m\n                    \u001b[0mTest User\u001b[0m\n                  \u001b[36m</span>\u001b[39m\n                  \u001b[36m<svg\u001b[39m\n                    \u001b[33mclass\u001b[39m=\u001b[32m\"lucide lucide-chevron-down ...\n    at Proxy.waitForWrapper (C:\\Users\\Alex\\Nextcloud\\Software\\Personal Project Software\\CableIndex\\frontend\\node_modules\\@testing-library\\dom\\dist\\wait-for.js:163:27)\n    at C:/Users/Alex/Nextcloud/Software/Personal Project Software/CableIndex/frontend/src/test/integration/error-scenarios.test.tsx:111:11\n    at processTicksAndRejections (node:internal/process/task_queues:105:5)\n    at file:///C:/Users/Alex/Nextcloud/Software/Personal%20Project%20Software/CableIndex/frontend/node_modules/@vitest/runner/dist/index.js:753:20"],"meta":{}},{"ancestorTitles":["Error Scenarios Integration Tests"],"fullName":"Error Scenarios Integration Tests should handle form validation errors","status":"failed","title":"should handle form validation errors","duration":1011.9282000000003,"failureMessages":["Error: Found multiple elements with the text: Sites\n\nHere are the matching elements:\n\nIgnored nodes: comments, script, style\n\u001b[36m<a\u001b[39m\n  \u001b[33mclass\u001b[39m=\u001b[32m\"inline-flex items-center px-1 pt-1 border-b-2 text-sm font-medium transition-colors border-transparent text-gray-500 hover:border-gray-300 hover:text-gray-700\"\u001b[39m\n  \u001b[33mhref\u001b[39m=\u001b[32m\"/sites\"\u001b[39m\n\u001b[36m>\u001b[39m\n  \u001b[36m<svg\u001b[39m\n    \u001b[33mclass\u001b[39m=\u001b[32m\"lucide lucide-map-pin w-4 h-4 mr-2\"\u001b[39m\n    \u001b[33mfill\u001b[39m=\u001b[32m\"none\"\u001b[39m\n    \u001b[33mheight\u001b[39m=\u001b[32m\"24\"\u001b[39m\n    \u001b[33mstroke\u001b[39m=\u001b[32m\"currentColor\"\u001b[39m\n    \u001b[33mstroke-linecap\u001b[39m=\u001b[32m\"round\"\u001b[39m\n    \u001b[33mstroke-linejoin\u001b[39m=\u001b[32m\"round\"\u001b[39m\n    \u001b[33mstroke-width\u001b[39m=\u001b[32m\"2\"\u001b[39m\n    \u001b[33mviewBox\u001b[39m=\u001b[32m\"0 0 24 24\"\u001b[39m\n    \u001b[33mwidth\u001b[39m=\u001b[32m\"24\"\u001b[39m\n    \u001b[33mxmlns\u001b[39m=\u001b[32m\"http://www.w3.org/2000/svg\"\u001b[39m\n  \u001b[36m>\u001b[39m\n    \u001b[36m<path\u001b[39m\n      \u001b[33md\u001b[39m=\u001b[32m\"M20 10c0 6-8 12-8 12s-8-6-8-12a8 8 0 0 1 16 0Z\"\u001b[39m\n    \u001b[36m/>\u001b[39m\n    \u001b[36m<circle\u001b[39m\n      \u001b[33mcx\u001b[39m=\u001b[32m\"12\"\u001b[39m\n      \u001b[33mcy\u001b[39m=\u001b[32m\"10\"\u001b[39m\n      \u001b[33mr\u001b[39m=\u001b[32m\"3\"\u001b[39m\n    \u001b[36m/>\u001b[39m\n  \u001b[36m</svg>\u001b[39m\n  \u001b[0mSites\u001b[0m\n\u001b[36m</a>\u001b[39m\n\nIgnored nodes: comments, script, style\n\u001b[36m<div\u001b[39m\n  \u001b[33mclass\u001b[39m=\u001b[32m\"flex items-center\"\u001b[39m\n\u001b[36m>\u001b[39m\n  \u001b[36m<svg\u001b[39m\n    \u001b[33mclass\u001b[39m=\u001b[32m\"lucide lucide-map-pin w-4 h-4 mr-3\"\u001b[39m\n    \u001b[33mfill\u001b[39m=\u001b[32m\"none\"\u001b[39m\n    \u001b[33mheight\u001b[39m=\u001b[32m\"24\"\u001b[39m\n    \u001b[33mstroke\u001b[39m=\u001b[32m\"currentColor\"\u001b[39m\n    \u001b[33mstroke-linecap\u001b[39m=\u001b[32m\"round\"\u001b[39m\n    \u001b[33mstroke-linejoin\u001b[39m=\u001b[32m\"round\"\u001b[39m\n    \u001b[33mstroke-width\u001b[39m=\u001b[32m\"2\"\u001b[39m\n    \u001b[33mviewBox\u001b[39m=\u001b[32m\"0 0 24 24\"\u001b[39m\n    \u001b[33mwidth\u001b[39m=\u001b[32m\"24\"\u001b[39m\n    \u001b[33mxmlns\u001b[39m=\u001b[32m\"http://www.w3.org/2000/svg\"\u001b[39m\n  \u001b[36m>\u001b[39m\n    \u001b[36m<path\u001b[39m\n      \u001b[33md\u001b[39m=\u001b[32m\"M20 10c0 6-8 12-8 12s-8-6-8-12a8 8 0 0 1 16 0Z\"\u001b[39m\n    \u001b[36m/>\u001b[39m\n    \u001b[36m<circle\u001b[39m\n      \u001b[33mcx\u001b[39m=\u001b[32m\"12\"\u001b[39m\n      \u001b[33mcy\u001b[39m=\u001b[32m\"10\"\u001b[39m\n      \u001b[33mr\u001b[39m=\u001b[32m\"3\"\u001b[39m\n    \u001b[36m/>\u001b[39m\n  \u001b[36m</svg>\u001b[39m\n  \u001b[0mSites\u001b[0m\n\u001b[36m</div>\u001b[39m\n\nIgnored nodes: comments, script, style\n\u001b[36m<h1\u001b[39m\n  \u001b[33mclass\u001b[39m=\u001b[32m\"text-2xl font-bold\"\u001b[39m\n\u001b[36m>\u001b[39m\n  \u001b[0mSites\u001b[0m\n\u001b[36m</h1>\u001b[39m\n\n(If this is intentional, then use the `*AllBy*` variant of the query (like `queryAllByText`, `getAllByText`, or `findAllByText`)).\n\nIgnored nodes: comments, script, style\n\u001b[36m<body\u001b[39m\n  \u001b[33mstyle\u001b[39m=\u001b[32m\"overflow: unset;\"\u001b[39m\n\u001b[36m>\u001b[39m\n  \u001b[36m<div>\u001b[39m\n    \u001b[36m<div\u001b[39m\n      \u001b[33mclass\u001b[39m=\u001b[32m\"min-h-screen bg-background\"\u001b[39m\n    \u001b[36m>\u001b[39m\n      \u001b[36m<div\u001b[39m\n        \u001b[33mclass\u001b[39m=\u001b[32m\"min-h-screen bg-gray-50\"\u001b[39m\n      \u001b[36m>\u001b[39m\n        \u001b[36m<nav\u001b[39m\n          \u001b[33mclass\u001b[39m=\u001b[32m\"bg-white shadow-sm border-b\"\u001b[39m\n        \u001b[36m>\u001b[39m\n          \u001b[36m<div\u001b[39m\n            \u001b[33mclass\u001b[39m=\u001b[32m\"max-w-7xl mx-auto px-4 sm:px-6 lg:px-8\"\u001b[39m\n          \u001b[36m>\u001b[39m\n            \u001b[36m<div\u001b[39m\n              \u001b[33mclass\u001b[39m=\u001b[32m\"flex justify-between h-16\"\u001b[39m\n            \u001b[36m>\u001b[39m\n              \u001b[36m<div\u001b[39m\n                \u001b[33mclass\u001b[39m=\u001b[32m\"flex\"\u001b[39m\n              \u001b[36m>\u001b[39m\n                \u001b[36m<div\u001b[39m\n                  \u001b[33mclass\u001b[39m=\u001b[32m\"flex-shrink-0 flex items-center\"\u001b[39m\n                \u001b[36m>\u001b[39m\n                  \u001b[36m<a\u001b[39m\n                    \u001b[33mclass\u001b[39m=\u001b[32m\"flex items-center space-x-2\"\u001b[39m\n                    \u001b[33mhref\u001b[39m=\u001b[32m\"/sites\"\u001b[39m\n                  \u001b[36m>\u001b[39m\n                    \u001b[36m<img\u001b[39m\n                      \u001b[33malt\u001b[39m=\u001b[32m\"CableIndex\"\u001b[39m\n                      \u001b[33mclass\u001b[39m=\u001b[32m\"h-8 w-8\"\u001b[39m\n                      \u001b[33msrc\u001b[39m=\u001b[32m\"/cableindex-icon.png\"\u001b[39m\n                    \u001b[36m/>\u001b[39m\n                    \u001b[36m<span\u001b[39m\n                      \u001b[33mclass\u001b[39m=\u001b[32m\"text-xl font-bold text-gray-900\"\u001b[39m\n                    \u001b[36m>\u001b[39m\n                      \u001b[0mCableIndex\u001b[0m\n                    \u001b[36m</span>\u001b[39m\n                  \u001b[36m</a>\u001b[39m\n                \u001b[36m</div>\u001b[39m\n                \u001b[36m<div\u001b[39m\n                  \u001b[33mclass\u001b[39m=\u001b[32m\"hidden sm:ml-6 sm:flex sm:space-x-8\"\u001b[39m\n                \u001b[36m>\u001b[39m\n                  \u001b[36m<a\u001b[39m\n                    \u001b[33mclass\u001b[39m=\u001b[32m\"inline-flex items-center px-1 pt-1 border-b-2 text-sm font-medium transition-colors border-transparent text-gray-500 hover:border-gray-300 hover:text-gray-700\"\u001b[39m\n                    \u001b[33mhref\u001b[39m=\u001b[32m\"/sites\"\u001b[39m\n                  \u001b[36m>\u001b[39m\n                    \u001b[36m<svg\u001b[39m\n                      \u001b[33mclass\u001b[39m=\u001b[32m\"lucide lucide-map-pin w-4 h-4 mr-2\"\u001b[39m\n                      \u001b[33mfill\u001b[39m=\u001b[32m\"none\"\u001b[39m\n                      \u001b[33mheight\u001b[39m=\u001b[32m\"24\"\u001b[39m\n                      \u001b[33mstroke\u001b[39m=\u001b[32m\"currentColor\"\u001b[39m\n                      \u001b[33mstroke-linecap\u001b[39m=\u001b[32m\"round\"\u001b[39m\n                      \u001b[33mstroke-linejoin\u001b[39m=\u001b[32m\"round\"\u001b[39m\n                      \u001b[33mstroke-width\u001b[39m=\u001b[32m\"2\"\u001b[39m\n                      \u001b[33mviewBox\u001b[39m=\u001b[32m\"0 0 24 24\"\u001b[39m\n                      \u001b[33mwidth\u001b[39m=\u001b[32m\"24\"\u001b[39m\n                      \u001b[33mxmlns\u001b[39m=\u001b[32m\"http://www.w3.org/2000/svg\"\u001b[39m\n                    \u001b[36m>\u001b[39m\n                      \u001b[36m<path\u001b[39m\n                        \u001b[33md\u001b[39m=\u001b[32m\"M20 10c0 6-8 12-8 12s-8-6-8-12a8 8 0 0 1 16 0Z\"\u001b[39m\n                      \u001b[36m/>\u001b[39m\n                      \u001b[36m<circle\u001b[39m\n                        \u001b[33mcx\u001b[39m=\u001b[32m\"12\"\u001b[39m\n                        \u001b[33mcy\u001b[39m=\u001b[32m\"10\"\u001b[39m\n                        \u001b[33mr\u001b[39m=\u001b[32m\"3\"\u001b[39m\n                      \u001b[36m/>\u001b[39m\n                    \u001b[36m</svg>\u001b[39m\n                    \u001b[0mSites\u001b[0m\n                  \u001b[36m</a>\u001b[39m\n                  \u001b[36m<a\u001b[39m\n                    \u001b[33mclass\u001b[39m=\u001b[32m\"inline-flex items-center px-1 pt-1 border-b-2 text-sm font-medium transition-colors border-transparent text-gray-500 hover:border-gray-300 hover:text-gray-700\"\u001b[39m\n                    \u001b[33mhref\u001b[39m=\u001b[32m\"/tools\"\u001b[39m\n                  \u001b[36m>\u001b[39m\n                    \u001b[36m<svg\u001b[39m\n                      \u001b[33mclass\u001b[39m=\u001b[32m\"lucide lucide-wrench w-4 h-4 mr-2\"\u001b[39m\n                      \u001b[33mfill\u001b[39m=\u001b[32m\"none\"\u001b[39m\n                      \u001b[33mheight\u001b[39m=\u001b[32m\"24\"\u001b[39m\n                      \u001b[33mstroke\u001b[39m=\u001b[32m\"currentColor\"\u001b[39m\n                      \u001b[33mstroke-linecap\u001b[39m=\u001b[32m\"round\"\u001b[39m\n                      \u001b[33mstroke-linejoin\u001b[39m=\u001b[32m\"round\"\u001b[39m\n                      \u001b[33mstroke-width\u001b[39m=\u001b[32m\"2\"\u001b[39m\n                      \u001b[33mviewBox\u001b[39m=\u001b[32m\"0 0 24 24\"\u001b[39m\n                      \u001b[33mwidth\u001b[39m=\u001b[32m\"24\"\u001b[39m\n                      \u001b[33mxmlns\u001b[39m=\u001b[32m\"http://www.w3.org/2000/svg\"\u001b[39m\n                    \u001b[36m>\u001b[39m\n                      \u001b[36m<path\u001b[39m\n                        \u001b[33md\u001b[39m=\u001b[32m\"M14.7 6.3a1 1 0 0 0 0 1.4l1.6 1.6a1 1 0 0 0 1.4 0l3.77-3.77a6 6 0 0 1-7.94 7.94l-6.91 6.91a2.12 2.12 0 0 1-3-3l6.91-6.91a6 6 0 0 1 7.94-7.94l-3.76 3.76z\"\u001b[39m\n                      \u001b[36m/>\u001b[39m\n                    \u001b[36m</svg>\u001b[39m\n                    \u001b[0mTools\u001b[0m\n                  \u001b[36m</a>\u001b[39m\n                \u001b[36m</div>\u001b[39m\n              \u001b[36m</div>\u001b[39m\n              \u001b[36m<div\u001b[39m\n                \u001b[33mclass\u001b[39m=\u001b[32m\"flex items-center\"\u001b[39m\n              \u001b[36m>\u001b[39m\n                \u001b[36m<button\u001b[39m\n                  \u001b[33maria-expanded\u001b[39m=\u001b[32m\"false\"\u001b[39m\n                  \u001b[33maria-haspopup\u001b[39m=\u001b[32m\"menu\"\u001b[39m\n                  \u001b[33mclass\u001b[39m=\u001b[32m\"justify-center whitespace-nowrap rounded-md text-sm font-medium ring-offset-background transition-colors focus-visible:outline-none focus-visible:ring-2 focus-visible:ring-ring focus-visible:ring-offset-2 disabled:pointer-events-none disabled:opacity-50 hover:bg-accent hover:text-accent-foreground h-10 px-4 py-2 flex items-center space-x-2\"\u001b[39m\n                  \u001b[33mdata-state\u001b[39m=\u001b[32m\"closed\"\u001b[39m\n                  \u001b[33mid\u001b[39m=\u001b[32m\"radix-:r4:\"\u001b[39m\n                  \u001b[33mtype\u001b[39m=\u001b[32m\"button\"\u001b[39m\n                \u001b[36m>\u001b[39m\n                  \u001b[36m<svg\u001b[39m\n                    \u001b[33mclass\u001b[39m=\u001b[32m\"lucide lucide-user w-4 h-4\"\u001b[39m\n                    \u001b[33mfill\u001b[39m=\u001b[32m\"none\"\u001b[39m\n                    \u001b[33mheight\u001b[39m=\u001b[32m\"24\"\u001b[39m\n                    \u001b[33mstroke\u001b[39m=\u001b[32m\"currentColor\"\u001b[39m\n                    \u001b[33mstroke-linecap\u001b[39m=\u001b[32m\"round\"\u001b[39m\n                    \u001b[33mstroke-linejoin\u001b[39m=\u001b[32m\"round\"\u001b[39m\n                    \u001b[33mstroke-width\u001b[39m=\u001b[32m\"2\"\u001b[39m\n                    \u001b[33mviewBox\u001b[39m=\u001b[32m\"0 0 24 24\"\u001b[39m\n                    \u001b[33mwidth\u001b[39m=\u001b[32m\"24\"\u001b[39m\n                    \u001b[33mxmlns\u001b[39m=\u001b[32m\"http://www.w3.org/2000/svg\"\u001b[39m\n                  \u001b[36m>\u001b[39m\n                    \u001b[36m<path\u001b[39m\n                      \u001b[33md\u001b[39m=\u001b[32m\"M19 21v-2a4 4 0 0 0-4-4H9a4 4 0 0 0-4 4v2\"\u001b[39m\n                    \u001b[36m/>\u001b[39m\n                    \u001b[36m<circle\u001b[39m\n                      \u001b[33mcx\u001b[39m=\u001b[32m\"12\"\u001b[39m\n                      \u001b[33mcy\u001b[39m=\u001b[32m\"7\"\u001b[39m\n                      \u001b[33mr\u001b[39m=\u001b[32m\"4\"\u001b[39m\n                    \u001b[36m/>\u001b[39m\n                  \u001b[36m</svg>\u001b[39m\n                  \u001b[36m<span\u001b[39m\n                    \u001b[33mclass\u001b[39m=\u001b[32m\"hidden sm:block\"\u001b[39m\n                  \u001b[36m>\u001b[39m\n                    \u001b[0mTest User\u001b[0m\n                  \u001b[36m</span>\u001b[39m\n                  \u001b[36m<svg\u001b[39m\n                    \u001b[33mclass\u001b[39m=\u001b[32m\"lucide lucide-chevron-down ...\n    at Proxy.waitForWrapper (C:\\Users\\Alex\\Nextcloud\\Software\\Personal Project Software\\CableIndex\\frontend\\node_modules\\@testing-library\\dom\\dist\\wait-for.js:163:27)\n    at C:/Users/Alex/Nextcloud/Software/Personal Project Software/CableIndex/frontend/src/test/integration/error-scenarios.test.tsx:145:11\n    at processTicksAndRejections (node:internal/process/task_queues:105:5)\n    at file:///C:/Users/Alex/Nextcloud/Software/Personal%20Project%20Software/CableIndex/frontend/node_modules/@vitest/runner/dist/index.js:753:20"],"meta":{}},{"ancestorTitles":["Error Scenarios Integration Tests"],"fullName":"Error Scenarios Integration Tests should handle API errors during form submission","status":"failed","title":"should handle API errors during form submission","duration":1010.6507999999994,"failureMessages":["Error: Found multiple elements with the text: Sites\n\nHere are the matching elements:\n\nIgnored nodes: comments, script, style\n\u001b[36m<a\u001b[39m\n  \u001b[33mclass\u001b[39m=\u001b[32m\"inline-flex items-center px-1 pt-1 border-b-2 text-sm font-medium transition-colors border-transparent text-gray-500 hover:border-gray-300 hover:text-gray-700\"\u001b[39m\n  \u001b[33mhref\u001b[39m=\u001b[32m\"/sites\"\u001b[39m\n\u001b[36m>\u001b[39m\n  \u001b[36m<svg\u001b[39m\n    \u001b[33mclass\u001b[39m=\u001b[32m\"lucide lucide-map-pin w-4 h-4 mr-2\"\u001b[39m\n    \u001b[33mfill\u001b[39m=\u001b[32m\"none\"\u001b[39m\n    \u001b[33mheight\u001b[39m=\u001b[32m\"24\"\u001b[39m\n    \u001b[33mstroke\u001b[39m=\u001b[32m\"currentColor\"\u001b[39m\n    \u001b[33mstroke-linecap\u001b[39m=\u001b[32m\"round\"\u001b[39m\n    \u001b[33mstroke-linejoin\u001b[39m=\u001b[32m\"round\"\u001b[39m\n    \u001b[33mstroke-width\u001b[39m=\u001b[32m\"2\"\u001b[39m\n    \u001b[33mviewBox\u001b[39m=\u001b[32m\"0 0 24 24\"\u001b[39m\n    \u001b[33mwidth\u001b[39m=\u001b[32m\"24\"\u001b[39m\n    \u001b[33mxmlns\u001b[39m=\u001b[32m\"http://www.w3.org/2000/svg\"\u001b[39m\n  \u001b[36m>\u001b[39m\n    \u001b[36m<path\u001b[39m\n      \u001b[33md\u001b[39m=\u001b[32m\"M20 10c0 6-8 12-8 12s-8-6-8-12a8 8 0 0 1 16 0Z\"\u001b[39m\n    \u001b[36m/>\u001b[39m\n    \u001b[36m<circle\u001b[39m\n      \u001b[33mcx\u001b[39m=\u001b[32m\"12\"\u001b[39m\n      \u001b[33mcy\u001b[39m=\u001b[32m\"10\"\u001b[39m\n      \u001b[33mr\u001b[39m=\u001b[32m\"3\"\u001b[39m\n    \u001b[36m/>\u001b[39m\n  \u001b[36m</svg>\u001b[39m\n  \u001b[0mSites\u001b[0m\n\u001b[36m</a>\u001b[39m\n\nIgnored nodes: comments, script, style\n\u001b[36m<div\u001b[39m\n  \u001b[33mclass\u001b[39m=\u001b[32m\"flex items-center\"\u001b[39m\n\u001b[36m>\u001b[39m\n  \u001b[36m<svg\u001b[39m\n    \u001b[33mclass\u001b[39m=\u001b[32m\"lucide lucide-map-pin w-4 h-4 mr-3\"\u001b[39m\n    \u001b[33mfill\u001b[39m=\u001b[32m\"none\"\u001b[39m\n    \u001b[33mheight\u001b[39m=\u001b[32m\"24\"\u001b[39m\n    \u001b[33mstroke\u001b[39m=\u001b[32m\"currentColor\"\u001b[39m\n    \u001b[33mstroke-linecap\u001b[39m=\u001b[32m\"round\"\u001b[39m\n    \u001b[33mstroke-linejoin\u001b[39m=\u001b[32m\"round\"\u001b[39m\n    \u001b[33mstroke-width\u001b[39m=\u001b[32m\"2\"\u001b[39m\n    \u001b[33mviewBox\u001b[39m=\u001b[32m\"0 0 24 24\"\u001b[39m\n    \u001b[33mwidth\u001b[39m=\u001b[32m\"24\"\u001b[39m\n    \u001b[33mxmlns\u001b[39m=\u001b[32m\"http://www.w3.org/2000/svg\"\u001b[39m\n  \u001b[36m>\u001b[39m\n    \u001b[36m<path\u001b[39m\n      \u001b[33md\u001b[39m=\u001b[32m\"M20 10c0 6-8 12-8 12s-8-6-8-12a8 8 0 0 1 16 0Z\"\u001b[39m\n    \u001b[36m/>\u001b[39m\n    \u001b[36m<circle\u001b[39m\n      \u001b[33mcx\u001b[39m=\u001b[32m\"12\"\u001b[39m\n      \u001b[33mcy\u001b[39m=\u001b[32m\"10\"\u001b[39m\n      \u001b[33mr\u001b[39m=\u001b[32m\"3\"\u001b[39m\n    \u001b[36m/>\u001b[39m\n  \u001b[36m</svg>\u001b[39m\n  \u001b[0mSites\u001b[0m\n\u001b[36m</div>\u001b[39m\n\nIgnored nodes: comments, script, style\n\u001b[36m<h1\u001b[39m\n  \u001b[33mclass\u001b[39m=\u001b[32m\"text-2xl font-bold\"\u001b[39m\n\u001b[36m>\u001b[39m\n  \u001b[0mSites\u001b[0m\n\u001b[36m</h1>\u001b[39m\n\n(If this is intentional, then use the `*AllBy*` variant of the query (like `queryAllByText`, `getAllByText`, or `findAllByText`)).\n\nIgnored nodes: comments, script, style\n\u001b[36m<body\u001b[39m\n  \u001b[33mstyle\u001b[39m=\u001b[32m\"overflow: unset;\"\u001b[39m\n\u001b[36m>\u001b[39m\n  \u001b[36m<div>\u001b[39m\n    \u001b[36m<div\u001b[39m\n      \u001b[33mclass\u001b[39m=\u001b[32m\"min-h-screen bg-background\"\u001b[39m\n    \u001b[36m>\u001b[39m\n      \u001b[36m<div\u001b[39m\n        \u001b[33mclass\u001b[39m=\u001b[32m\"min-h-screen bg-gray-50\"\u001b[39m\n      \u001b[36m>\u001b[39m\n        \u001b[36m<nav\u001b[39m\n          \u001b[33mclass\u001b[39m=\u001b[32m\"bg-white shadow-sm border-b\"\u001b[39m\n        \u001b[36m>\u001b[39m\n          \u001b[36m<div\u001b[39m\n            \u001b[33mclass\u001b[39m=\u001b[32m\"max-w-7xl mx-auto px-4 sm:px-6 lg:px-8\"\u001b[39m\n          \u001b[36m>\u001b[39m\n            \u001b[36m<div\u001b[39m\n              \u001b[33mclass\u001b[39m=\u001b[32m\"flex justify-between h-16\"\u001b[39m\n            \u001b[36m>\u001b[39m\n              \u001b[36m<div\u001b[39m\n                \u001b[33mclass\u001b[39m=\u001b[32m\"flex\"\u001b[39m\n              \u001b[36m>\u001b[39m\n                \u001b[36m<div\u001b[39m\n                  \u001b[33mclass\u001b[39m=\u001b[32m\"flex-shrink-0 flex items-center\"\u001b[39m\n                \u001b[36m>\u001b[39m\n                  \u001b[36m<a\u001b[39m\n                    \u001b[33mclass\u001b[39m=\u001b[32m\"flex items-center space-x-2\"\u001b[39m\n                    \u001b[33mhref\u001b[39m=\u001b[32m\"/sites\"\u001b[39m\n                  \u001b[36m>\u001b[39m\n                    \u001b[36m<img\u001b[39m\n                      \u001b[33malt\u001b[39m=\u001b[32m\"CableIndex\"\u001b[39m\n                      \u001b[33mclass\u001b[39m=\u001b[32m\"h-8 w-8\"\u001b[39m\n                      \u001b[33msrc\u001b[39m=\u001b[32m\"/cableindex-icon.png\"\u001b[39m\n                    \u001b[36m/>\u001b[39m\n                    \u001b[36m<span\u001b[39m\n                      \u001b[33mclass\u001b[39m=\u001b[32m\"text-xl font-bold text-gray-900\"\u001b[39m\n                    \u001b[36m>\u001b[39m\n                      \u001b[0mCableIndex\u001b[0m\n                    \u001b[36m</span>\u001b[39m\n                  \u001b[36m</a>\u001b[39m\n                \u001b[36m</div>\u001b[39m\n                \u001b[36m<div\u001b[39m\n                  \u001b[33mclass\u001b[39m=\u001b[32m\"hidden sm:ml-6 sm:flex sm:space-x-8\"\u001b[39m\n                \u001b[36m>\u001b[39m\n                  \u001b[36m<a\u001b[39m\n                    \u001b[33mclass\u001b[39m=\u001b[32m\"inline-flex items-center px-1 pt-1 border-b-2 text-sm font-medium transition-colors border-transparent text-gray-500 hover:border-gray-300 hover:text-gray-700\"\u001b[39m\n                    \u001b[33mhref\u001b[39m=\u001b[32m\"/sites\"\u001b[39m\n                  \u001b[36m>\u001b[39m\n                    \u001b[36m<svg\u001b[39m\n                      \u001b[33mclass\u001b[39m=\u001b[32m\"lucide lucide-map-pin w-4 h-4 mr-2\"\u001b[39m\n                      \u001b[33mfill\u001b[39m=\u001b[32m\"none\"\u001b[39m\n                      \u001b[33mheight\u001b[39m=\u001b[32m\"24\"\u001b[39m\n                      \u001b[33mstroke\u001b[39m=\u001b[32m\"currentColor\"\u001b[39m\n                      \u001b[33mstroke-linecap\u001b[39m=\u001b[32m\"round\"\u001b[39m\n                      \u001b[33mstroke-linejoin\u001b[39m=\u001b[32m\"round\"\u001b[39m\n                      \u001b[33mstroke-width\u001b[39m=\u001b[32m\"2\"\u001b[39m\n                      \u001b[33mviewBox\u001b[39m=\u001b[32m\"0 0 24 24\"\u001b[39m\n                      \u001b[33mwidth\u001b[39m=\u001b[32m\"24\"\u001b[39m\n                      \u001b[33mxmlns\u001b[39m=\u001b[32m\"http://www.w3.org/2000/svg\"\u001b[39m\n                    \u001b[36m>\u001b[39m\n                      \u001b[36m<path\u001b[39m\n                        \u001b[33md\u001b[39m=\u001b[32m\"M20 10c0 6-8 12-8 12s-8-6-8-12a8 8 0 0 1 16 0Z\"\u001b[39m\n                      \u001b[36m/>\u001b[39m\n                      \u001b[36m<circle\u001b[39m\n                        \u001b[33mcx\u001b[39m=\u001b[32m\"12\"\u001b[39m\n                        \u001b[33mcy\u001b[39m=\u001b[32m\"10\"\u001b[39m\n                        \u001b[33mr\u001b[39m=\u001b[32m\"3\"\u001b[39m\n                      \u001b[36m/>\u001b[39m\n                    \u001b[36m</svg>\u001b[39m\n                    \u001b[0mSites\u001b[0m\n                  \u001b[36m</a>\u001b[39m\n                  \u001b[36m<a\u001b[39m\n                    \u001b[33mclass\u001b[39m=\u001b[32m\"inline-flex items-center px-1 pt-1 border-b-2 text-sm font-medium transition-colors border-transparent text-gray-500 hover:border-gray-300 hover:text-gray-700\"\u001b[39m\n                    \u001b[33mhref\u001b[39m=\u001b[32m\"/tools\"\u001b[39m\n                  \u001b[36m>\u001b[39m\n                    \u001b[36m<svg\u001b[39m\n                      \u001b[33mclass\u001b[39m=\u001b[32m\"lucide lucide-wrench w-4 h-4 mr-2\"\u001b[39m\n                      \u001b[33mfill\u001b[39m=\u001b[32m\"none\"\u001b[39m\n                      \u001b[33mheight\u001b[39m=\u001b[32m\"24\"\u001b[39m\n                      \u001b[33mstroke\u001b[39m=\u001b[32m\"currentColor\"\u001b[39m\n                      \u001b[33mstroke-linecap\u001b[39m=\u001b[32m\"round\"\u001b[39m\n                      \u001b[33mstroke-linejoin\u001b[39m=\u001b[32m\"round\"\u001b[39m\n                      \u001b[33mstroke-width\u001b[39m=\u001b[32m\"2\"\u001b[39m\n                      \u001b[33mviewBox\u001b[39m=\u001b[32m\"0 0 24 24\"\u001b[39m\n                      \u001b[33mwidth\u001b[39m=\u001b[32m\"24\"\u001b[39m\n                      \u001b[33mxmlns\u001b[39m=\u001b[32m\"http://www.w3.org/2000/svg\"\u001b[39m\n                    \u001b[36m>\u001b[39m\n                      \u001b[36m<path\u001b[39m\n                        \u001b[33md\u001b[39m=\u001b[32m\"M14.7 6.3a1 1 0 0 0 0 1.4l1.6 1.6a1 1 0 0 0 1.4 0l3.77-3.77a6 6 0 0 1-7.94 7.94l-6.91 6.91a2.12 2.12 0 0 1-3-3l6.91-6.91a6 6 0 0 1 7.94-7.94l-3.76 3.76z\"\u001b[39m\n                      \u001b[36m/>\u001b[39m\n                    \u001b[36m</svg>\u001b[39m\n                    \u001b[0mTools\u001b[0m\n                  \u001b[36m</a>\u001b[39m\n                \u001b[36m</div>\u001b[39m\n              \u001b[36m</div>\u001b[39m\n              \u001b[36m<div\u001b[39m\n                \u001b[33mclass\u001b[39m=\u001b[32m\"flex items-center\"\u001b[39m\n              \u001b[36m>\u001b[39m\n                \u001b[36m<button\u001b[39m\n                  \u001b[33maria-expanded\u001b[39m=\u001b[32m\"false\"\u001b[39m\n                  \u001b[33maria-haspopup\u001b[39m=\u001b[32m\"menu\"\u001b[39m\n                  \u001b[33mclass\u001b[39m=\u001b[32m\"justify-center whitespace-nowrap rounded-md text-sm font-medium ring-offset-background transition-colors focus-visible:outline-none focus-visible:ring-2 focus-visible:ring-ring focus-visible:ring-offset-2 disabled:pointer-events-none disabled:opacity-50 hover:bg-accent hover:text-accent-foreground h-10 px-4 py-2 flex items-center space-x-2\"\u001b[39m\n                  \u001b[33mdata-state\u001b[39m=\u001b[32m\"closed\"\u001b[39m\n                  \u001b[33mid\u001b[39m=\u001b[32m\"radix-:r6:\"\u001b[39m\n                  \u001b[33mtype\u001b[39m=\u001b[32m\"button\"\u001b[39m\n                \u001b[36m>\u001b[39m\n                  \u001b[36m<svg\u001b[39m\n                    \u001b[33mclass\u001b[39m=\u001b[32m\"lucide lucide-user w-4 h-4\"\u001b[39m\n                    \u001b[33mfill\u001b[39m=\u001b[32m\"none\"\u001b[39m\n                    \u001b[33mheight\u001b[39m=\u001b[32m\"24\"\u001b[39m\n                    \u001b[33mstroke\u001b[39m=\u001b[32m\"currentColor\"\u001b[39m\n                    \u001b[33mstroke-linecap\u001b[39m=\u001b[32m\"round\"\u001b[39m\n                    \u001b[33mstroke-linejoin\u001b[39m=\u001b[32m\"round\"\u001b[39m\n                    \u001b[33mstroke-width\u001b[39m=\u001b[32m\"2\"\u001b[39m\n                    \u001b[33mviewBox\u001b[39m=\u001b[32m\"0 0 24 24\"\u001b[39m\n                    \u001b[33mwidth\u001b[39m=\u001b[32m\"24\"\u001b[39m\n                    \u001b[33mxmlns\u001b[39m=\u001b[32m\"http://www.w3.org/2000/svg\"\u001b[39m\n                  \u001b[36m>\u001b[39m\n                    \u001b[36m<path\u001b[39m\n                      \u001b[33md\u001b[39m=\u001b[32m\"M19 21v-2a4 4 0 0 0-4-4H9a4 4 0 0 0-4 4v2\"\u001b[39m\n                    \u001b[36m/>\u001b[39m\n                    \u001b[36m<circle\u001b[39m\n                      \u001b[33mcx\u001b[39m=\u001b[32m\"12\"\u001b[39m\n                      \u001b[33mcy\u001b[39m=\u001b[32m\"7\"\u001b[39m\n                      \u001b[33mr\u001b[39m=\u001b[32m\"4\"\u001b[39m\n                    \u001b[36m/>\u001b[39m\n                  \u001b[36m</svg>\u001b[39m\n                  \u001b[36m<span\u001b[39m\n                    \u001b[33mclass\u001b[39m=\u001b[32m\"hidden sm:block\"\u001b[39m\n                  \u001b[36m>\u001b[39m\n                    \u001b[0mTest User\u001b[0m\n                  \u001b[36m</span>\u001b[39m\n                  \u001b[36m<svg\u001b[39m\n                    \u001b[33mclass\u001b[39m=\u001b[32m\"lucide lucide-chevron-down ...\n    at Proxy.waitForWrapper (C:\\Users\\Alex\\Nextcloud\\Software\\Personal Project Software\\CableIndex\\frontend\\node_modules\\@testing-library\\dom\\dist\\wait-for.js:163:27)\n    at C:/Users/Alex/Nextcloud/Software/Personal Project Software/CableIndex/frontend/src/test/integration/error-scenarios.test.tsx:193:11\n    at processTicksAndRejections (node:internal/process/task_queues:105:5)\n    at file:///C:/Users/Alex/Nextcloud/Software/Personal%20Project%20Software/CableIndex/frontend/node_modules/@vitest/runner/dist/index.js:753:20"],"meta":{}},{"ancestorTitles":["Error Scenarios Integration Tests"],"fullName":"Error Scenarios Integration Tests should handle session expiration","status":"failed","title":"should handle session expiration","duration":1011.1057999999994,"failureMessages":["Error: Found multiple elements with the text: Sites\n\nHere are the matching elements:\n\nIgnored nodes: comments, script, style\n\u001b[36m<a\u001b[39m\n  \u001b[33mclass\u001b[39m=\u001b[32m\"inline-flex items-center px-1 pt-1 border-b-2 text-sm font-medium transition-colors border-transparent text-gray-500 hover:border-gray-300 hover:text-gray-700\"\u001b[39m\n  \u001b[33mhref\u001b[39m=\u001b[32m\"/sites\"\u001b[39m\n\u001b[36m>\u001b[39m\n  \u001b[36m<svg\u001b[39m\n    \u001b[33mclass\u001b[39m=\u001b[32m\"lucide lucide-map-pin w-4 h-4 mr-2\"\u001b[39m\n    \u001b[33mfill\u001b[39m=\u001b[32m\"none\"\u001b[39m\n    \u001b[33mheight\u001b[39m=\u001b[32m\"24\"\u001b[39m\n    \u001b[33mstroke\u001b[39m=\u001b[32m\"currentColor\"\u001b[39m\n    \u001b[33mstroke-linecap\u001b[39m=\u001b[32m\"round\"\u001b[39m\n    \u001b[33mstroke-linejoin\u001b[39m=\u001b[32m\"round\"\u001b[39m\n    \u001b[33mstroke-width\u001b[39m=\u001b[32m\"2\"\u001b[39m\n    \u001b[33mviewBox\u001b[39m=\u001b[32m\"0 0 24 24\"\u001b[39m\n    \u001b[33mwidth\u001b[39m=\u001b[32m\"24\"\u001b[39m\n    \u001b[33mxmlns\u001b[39m=\u001b[32m\"http://www.w3.org/2000/svg\"\u001b[39m\n  \u001b[36m>\u001b[39m\n    \u001b[36m<path\u001b[39m\n      \u001b[33md\u001b[39m=\u001b[32m\"M20 10c0 6-8 12-8 12s-8-6-8-12a8 8 0 0 1 16 0Z\"\u001b[39m\n    \u001b[36m/>\u001b[39m\n    \u001b[36m<circle\u001b[39m\n      \u001b[33mcx\u001b[39m=\u001b[32m\"12\"\u001b[39m\n      \u001b[33mcy\u001b[39m=\u001b[32m\"10\"\u001b[39m\n      \u001b[33mr\u001b[39m=\u001b[32m\"3\"\u001b[39m\n    \u001b[36m/>\u001b[39m\n  \u001b[36m</svg>\u001b[39m\n  \u001b[0mSites\u001b[0m\n\u001b[36m</a>\u001b[39m\n\nIgnored nodes: comments, script, style\n\u001b[36m<div\u001b[39m\n  \u001b[33mclass\u001b[39m=\u001b[32m\"flex items-center\"\u001b[39m\n\u001b[36m>\u001b[39m\n  \u001b[36m<svg\u001b[39m\n    \u001b[33mclass\u001b[39m=\u001b[32m\"lucide lucide-map-pin w-4 h-4 mr-3\"\u001b[39m\n    \u001b[33mfill\u001b[39m=\u001b[32m\"none\"\u001b[39m\n    \u001b[33mheight\u001b[39m=\u001b[32m\"24\"\u001b[39m\n    \u001b[33mstroke\u001b[39m=\u001b[32m\"currentColor\"\u001b[39m\n    \u001b[33mstroke-linecap\u001b[39m=\u001b[32m\"round\"\u001b[39m\n    \u001b[33mstroke-linejoin\u001b[39m=\u001b[32m\"round\"\u001b[39m\n    \u001b[33mstroke-width\u001b[39m=\u001b[32m\"2\"\u001b[39m\n    \u001b[33mviewBox\u001b[39m=\u001b[32m\"0 0 24 24\"\u001b[39m\n    \u001b[33mwidth\u001b[39m=\u001b[32m\"24\"\u001b[39m\n    \u001b[33mxmlns\u001b[39m=\u001b[32m\"http://www.w3.org/2000/svg\"\u001b[39m\n  \u001b[36m>\u001b[39m\n    \u001b[36m<path\u001b[39m\n      \u001b[33md\u001b[39m=\u001b[32m\"M20 10c0 6-8 12-8 12s-8-6-8-12a8 8 0 0 1 16 0Z\"\u001b[39m\n    \u001b[36m/>\u001b[39m\n    \u001b[36m<circle\u001b[39m\n      \u001b[33mcx\u001b[39m=\u001b[32m\"12\"\u001b[39m\n      \u001b[33mcy\u001b[39m=\u001b[32m\"10\"\u001b[39m\n      \u001b[33mr\u001b[39m=\u001b[32m\"3\"\u001b[39m\n    \u001b[36m/>\u001b[39m\n  \u001b[36m</svg>\u001b[39m\n  \u001b[0mSites\u001b[0m\n\u001b[36m</div>\u001b[39m\n\nIgnored nodes: comments, script, style\n\u001b[36m<h1\u001b[39m\n  \u001b[33mclass\u001b[39m=\u001b[32m\"text-2xl font-bold\"\u001b[39m\n\u001b[36m>\u001b[39m\n  \u001b[0mSites\u001b[0m\n\u001b[36m</h1>\u001b[39m\n\n(If this is intentional, then use the `*AllBy*` variant of the query (like `queryAllByText`, `getAllByText`, or `findAllByText`)).\n\nIgnored nodes: comments, script, style\n\u001b[36m<body\u001b[39m\n  \u001b[33mstyle\u001b[39m=\u001b[32m\"overflow: unset;\"\u001b[39m\n\u001b[36m>\u001b[39m\n  \u001b[36m<div>\u001b[39m\n    \u001b[36m<div\u001b[39m\n      \u001b[33mclass\u001b[39m=\u001b[32m\"min-h-screen bg-background\"\u001b[39m\n    \u001b[36m>\u001b[39m\n      \u001b[36m<div\u001b[39m\n        \u001b[33mclass\u001b[39m=\u001b[32m\"min-h-screen bg-gray-50\"\u001b[39m\n      \u001b[36m>\u001b[39m\n        \u001b[36m<nav\u001b[39m\n          \u001b[33mclass\u001b[39m=\u001b[32m\"bg-white shadow-sm border-b\"\u001b[39m\n        \u001b[36m>\u001b[39m\n          \u001b[36m<div\u001b[39m\n            \u001b[33mclass\u001b[39m=\u001b[32m\"max-w-7xl mx-auto px-4 sm:px-6 lg:px-8\"\u001b[39m\n          \u001b[36m>\u001b[39m\n            \u001b[36m<div\u001b[39m\n              \u001b[33mclass\u001b[39m=\u001b[32m\"flex justify-between h-16\"\u001b[39m\n            \u001b[36m>\u001b[39m\n              \u001b[36m<div\u001b[39m\n                \u001b[33mclass\u001b[39m=\u001b[32m\"flex\"\u001b[39m\n              \u001b[36m>\u001b[39m\n                \u001b[36m<div\u001b[39m\n                  \u001b[33mclass\u001b[39m=\u001b[32m\"flex-shrink-0 flex items-center\"\u001b[39m\n                \u001b[36m>\u001b[39m\n                  \u001b[36m<a\u001b[39m\n                    \u001b[33mclass\u001b[39m=\u001b[32m\"flex items-center space-x-2\"\u001b[39m\n                    \u001b[33mhref\u001b[39m=\u001b[32m\"/sites\"\u001b[39m\n                  \u001b[36m>\u001b[39m\n                    \u001b[36m<img\u001b[39m\n                      \u001b[33malt\u001b[39m=\u001b[32m\"CableIndex\"\u001b[39m\n                      \u001b[33mclass\u001b[39m=\u001b[32m\"h-8 w-8\"\u001b[39m\n                      \u001b[33msrc\u001b[39m=\u001b[32m\"/cableindex-icon.png\"\u001b[39m\n                   
[...]
b[39m\n                    \u001b[33md\u001b[39m=\u001b[32m\"M20 10c0 6-8 12-8 12s-8-6-8-12a8 8 0 0 1 16 0Z\"\u001b[39m\n                  \u001b[36m/>\u001b[39m\n                  \u001b[36m<circle\u001b[39m\n                    \u001b[33mcx\u001b[39m=\u001b[32m\"12\"\u001b[39m\n                    \u001b[33mcy\u001b[39m=\u001b[32m\"10\"\u001b[39m\n                    \u001b[33mr\u001b[39m=\u001b[32m\"3\"\u001b[39m\n                  \u001b[36m/>\u001b[39m\n                \u001b[36m</svg>\u001b[39m\n                \u001b[0mSites\u001b[0m\n              \u001b[36m</div>\u001b[39m\n            \u001b[36m</a>\u001b[39m\n            \u001b[36m<a\u001b[39m\n              \u001b[33mclass\u001b[39m=\u001b[32m\"block pl-3 pr-4 py-2 border-l-4 text-base font-medium transition-colors border-transparent text-gray-500 hover:bg-gray-50 hover:border-gray-300 hover:text-gray-700\"\u001b[39m\n              \u001b[33mhref\u001b[39m=\u001b[32m\"/tools\"\u001b[39m\n            \u001b[36m>\u001b[39m\n              \u001b[36m<div\u001b[39m\n                \u001b[33mclass\u001b[39m=\u001b[32m\"flex items-center\"\u001b[39m\n              \u001b[36m>\u001b[39m\n                \u001b[36m<svg\u001b[39m\n                  \u001b[33mclass\u001b[39m=\u001b[32m\"lucide lucide-wrench w-4 h-4 mr-3\"\u001b[39m\n                  \u001b[33mfill\u001b[39m=\u001b[32m\"none\"\u001b[39m\n                  \u001b[33mheight\u001b[39m=\u001b[32m\"24\"\u001b[39m\n                  \u001b[33mstroke\u001b[39m=\u001b[32m\"currentColor\"\u001b[39m\n                  \u001b[33mstroke-linecap\u001b[39m=\u001b[32m\"round\"\u001b[39m\n                  \u001b[33mstroke-linejoin\u001b[39m=\u001b[32m\"round\"\u001b[39m\n                  \u001b[33mstroke-width\u001b[39m=\u001b[32m\"2\"\u001b[39m\n                  \u001b[33mviewBox\u001b[39m=\u001b[32m\"0 0 24 24\"\u001b[39m\n                  \u001b[33mwidth\u001b[39m=\u001b[32m\"24\"\u001b[39m\n                  \u001b[33mxmlns\u001b[39m=\u001b[32m\"http://www.w3.org/2000/svg\"\u001b[39m\n                \u001b[36m>\u001b[39m\n                  \u001b[36m<path\u001b[39m\n                    \u001b[33md\u001b[39m=\u001b[32m\"M14.7 6.3a1 1 0 0 0 0 1.4l1.6 1.6a1 1 0 0 0 1.4 0l3.77-3.77a6 6 0 0 1-7.94 7.94l-6.91 6.91a2.12 2.12 0 0 1-3-3l6.91-6.91a6 6 0 0 1 7.94-7.94l-3.76 3.76z\"\u001b[39m\n                  \u001b[36m/>\u001b[39m\n                \u001b[36m</svg>\u001b[39m\n                \u001b[0mTools\u001b[0m\n              \u001b[36m</div>\u001b[39m\n            \u001b[36m</a>\u001b[39m\n          \u001b[36m</div>\u001b[39m\n        \u001b[36m</div>\u001b[39m\n      \u001b[36m</div>\u001b[39m\n    \u001b[36m</nav>\u001b[39m\n  \u001b[36m</div>\u001b[39m\n\u001b[36m</body>\u001b[39m\n    at Object.getElementError (C:\\Users\\Alex\\Nextcloud\\Software\\Personal Project Software\\CableIndex\\frontend\\node_modules\\@testing-library\\dom\\dist\\config.js:37:19)\n    at getElementError (C:\\Users\\Alex\\Nextcloud\\Software\\Personal Project Software\\CableIndex\\frontend\\node_modules\\@testing-library\\dom\\dist\\query-helpers.js:20:35)\n    at getMultipleElementsFoundError (C:\\Users\\Alex\\Nextcloud\\Software\\Personal Project Software\\CableIndex\\frontend\\node_modules\\@testing-library\\dom\\dist\\query-helpers.js:23:10)\n    at C:\\Users\\Alex\\Nextcloud\\Software\\Personal Project Software\\CableIndex\\frontend\\node_modules\\@testing-library\\dom\\dist\\query-helpers.js:55:13\n    at C:\\Users\\Alex\\Nextcloud\\Software\\Personal Project Software\\CableIndex\\frontend\\node_modules\\@testing-library\\dom\\dist\\query-helpers.js:95:19\n    at C:/Users/Alex/Nextcloud/Software/Personal Project Software/CableIndex/frontend/src/test/components/layout/Navigation.test.tsx:137:30\n    at file:///C:/Users/Alex/Nextcloud/Software/Personal%20Project%20Software/CableIndex/frontend/node_modules/@vitest/runner/dist/index.js:157:11\n    at file:///C:/Users/Alex/Nextcloud/Software/Personal%20Project%20Software/CableIndex/frontend/node_modules/@vitest/runner/dist/index.js:753:26\n    at file:///C:/Users/Alex/Nextcloud/Software/Personal%20Project%20Software/CableIndex/frontend/node_modules/@vitest/runner/dist/index.js:1636:20\n    at new Promise (<anonymous>)"],"meta":{}},{"ancestorTitles":["Navigation"],"fullName":"Navigation should render mobile navigation on small screens","status":"passed","title":"should render mobile navigation on small screens","duration":8.786599999999453,"failureMessages":[],"meta":{}}],"startTime":1769820843221,"endTime":1769820844685.7866,"status":"failed","message":"","name":"C:/Users/Alex/Nextcloud/Software/Personal Project Software/CableIndex/frontend/src/test/components/layout/Navigation.test.tsx"},{"assertionResults":[{"ancestorTitles":["PasswordChangeForm"],"fullName":"PasswordChangeForm should render password change form","status":"passed","title":"should render password change form","duration":291.2107000000001,"failureMessages":[],"meta":{}},{"ancestorTitles":["PasswordChangeForm"],"fullName":"PasswordChangeForm should validate required current password","status":"passed","title":"should validate required current password","duration":256.7550999999994,"failureMessages":[],"meta":{}},{"ancestorTitles":["PasswordChangeForm"],"fullName":"PasswordChangeForm should validate new password length","status":"passed","title":"should validate new password length","duration":603.6358,"failureMessages":[],"meta":{}},{"ancestorTitles":["PasswordChangeForm"],"fullName":"PasswordChangeForm should validate password confirmation match","status":"passed","title":"should validate password confirmation match","duration":964.8355000000001,"failureMessages":[],"meta":{}},{"ancestorTitles":["PasswordChangeForm"],"fullName":"PasswordChangeForm should submit valid password change","status":"passed","title":"should submit valid password change","duration":871.8052000000007,"failureMessages":[],"meta":{}},{"ancestorTitles":["PasswordChangeForm"],"fullName":"PasswordChangeForm should show success message on successful password change","status":"passed","title":"should show success message on successful password change","duration":871.7974999999997,"failureMessages":[],"meta":{}},{"ancestorTitles":["PasswordChangeForm"],"fullName":"PasswordChangeForm should show error message on API failure","status":"passed","title":"should show error message on API failure","duration":840.3619999999992,"failureMessages":[],"meta":{}},{"ancestorTitles":["PasswordChangeForm"],"fullName":"PasswordChangeForm should handle network errors","status":"passed","title":"should handle network errors","duration":668.8544000000002,"failureMessages":[],"meta":{}},{"ancestorTitles":["PasswordChangeForm"],"fullName":"PasswordChangeForm should clear form on successful password change","status":"passed","title":"should clear form on successful password change","duration":871.3485999999994,"failureMessages":[],"meta":{}},{"ancestorTitles":["PasswordChangeForm"],"fullName":"PasswordChangeForm should reset form when cancel is clicked","status":"passed","title":"should reset form when cancel is clicked","duration":528.4469000000008,"failureMessages":[],"meta":{}},{"ancestorTitles":["PasswordChangeForm"],"fullName":"PasswordChangeForm should toggle password visibility","status":"passed","title":"should toggle password visibility","duration":53.1226000000006,"failureMessages":[],"meta":{}},{"ancestorTitles":["PasswordChangeForm"],"fullName":"PasswordChangeForm should disable form during submission","status":"passed","title":"should disable form during submission","duration":864.3855999999996,"failureMessages":[],"meta":{}}],"startTime":1769820842964,"endTime":1769820850651.3855,"status":"passed","message":"","name":"C:/Users/Alex/Nextcloud/Software/Personal Project Software/CableIndex/frontend/src/test/components/profile/PasswordChangeForm.test.tsx"},{"assertionResults":[{"ancestorTitles":["ProfileForm"],"fullName":"ProfileForm should render form with user data pre-filled","status":"passed","title":"should render form with user data pre-filled","duration":80.33530000000019,"failureMessages":[],"meta":{}},{"ancestorTitles":["ProfileForm"],"fullName":"ProfileForm should validate required full name field","status":"passed","title":"should validate required full name field","duration":245.77859999999964,"failureMessages":[],"meta":{}},{"ancestorTitles":["ProfileForm"],"fullName":"ProfileForm should validate email format","status":"passed","title":"should validate email format","duration":388.9889999999996,"failureMessages":[],"meta":{}},{"ancestorTitles":["ProfileForm"],"fullName":"ProfileForm should submit only changed fields","status":"passed","title":"should submit only changed fields","duration":296.71200000000044,"failureMessages":[],"meta":{}},{"ancestorTitles":["ProfileForm"],"fullName":"ProfileForm should submit both email and name when both changed","status":"passed","title":"should submit both email and name when both changed","duration":589.5725000000002,"failureMessages":[],"meta":{}},{"ancestorTitles":["ProfileForm"],"fullName":"ProfileForm should show success message on successful update","status":"passed","title":"should show success message on successful update","duration":248.7539999999999,"failureMessages":[],"meta":{}},{"ancestorTitles":["ProfileForm"],"fullName":"ProfileForm should show error message on API failure","status":"passed","title":"should show error message on API failure","duration":451.27869999999984,"failureMessages":[],"meta":{}},{"ancestorTitles":["ProfileForm"],"fullName":"ProfileForm should handle network errors","status":"passed","title":"should handle network errors","duration":281.1289999999999,"failureMessages":[],"meta":{}},{"ancestorTitles":["ProfileForm"],"fullName":"ProfileForm should reset form when cancel is clicked","status":"passed","title":"should reset form when cancel is clicked","duration":326.4371000000001,"failureMessages":[],"meta":{}},{"ancestorTitles":["ProfileForm"],"fullName":"ProfileForm should disable form during submission","status":"passed","title":"should disable form during submission","duration":248.20969999999943,"failureMessages":[],"meta":{}},{"ancestorTitles":["ProfileForm"],"fullName":"ProfileForm should disable save button when no changes made","status":"passed","title":"should disable save button when no changes made","duration":5.10990000000038,"failureMessages":[],"meta":{}},{"ancestorTitles":["ProfileForm"],"fullName":"ProfileForm should enable save button when changes are made","status":"passed","title":"should enable save button when changes are made","duration":182.54699999999957,"failureMessages":[],"meta":{}}],"startTime":1769820842997,"endTime":1769820846342.547,"status":"passed","message":"","name":"C:/Users/Alex/Nextcloud/Software/Personal Project Software/CableIndex/frontend/src/test/components/profile/ProfileForm.test.tsx"},{"assertionResults":[{"ancestorTitles":["SiteDetails"],"fullName":"SiteDetails should render site details","status":"passed","title":"should render site details","duration":462.58330000000024,"failureMessages":[],"meta":{}},{"ancestorTitles":["SiteDetails"],"fullName":"SiteDetails should format dates correctly","status":"passed","title":"should format dates correctly","duration":44.46149999999943,"failureMessages":[],"meta":{}},{"ancestorTitles":["SiteDetails"],"fullName":"SiteDetails should call onEdit when edit button is clicked","status":"passed","title":"should call onEdit when edit button is clicked","duration":220.3760000000002,"failureMessages":[],"meta":{}},{"ancestorTitles":["SiteDetails"],"fullName":"SiteDetails should call onDelete when delete button is clicked","status":"passed","title":"should call onDelete when delete button is clicked","duration":200.29739999999947,"failureMessages":[],"meta":{}},{"ancestorTitles":["SiteDetails"],"fullName":"SiteDetails should allow delete button click even when site has labels","status":"passed","title":"should allow delete button click even when site has labels","duration":124.89240000000063,"failureMessages":[],"meta":{}},{"ancestorTitles":["SiteDetails"],"fullName":"SiteDetails should not show a persistent delete warning","status":"passed","title":"should not show a persistent delete warning","duration":75.90490000000045,"failureMessages":[],"meta":{}},{"ancestorTitles":["SiteDetails"],"fullName":"SiteDetails should call onBack when back button is clicked","status":"passed","title":"should call onBack when back button is clicked","duration":125.58950000000004,"failureMessages":[],"meta":{}},{"ancestorTitles":["SiteDetails"],"fullName":"SiteDetails should show loading state initially","status":"passed","title":"should show loading state initially","duration":15.727699999999459,"failureMessages":[],"meta":{}},{"ancestorTitles":["SiteDetails"],"fullName":"SiteDetails should handle API error","status":"passed","title":"should handle API error","duration":14.740899999999783,"failureMessages":[],"meta":{}},{"ancestorTitles":["SiteDetails"],"fullName":"SiteDetails should handle site not found","status":"passed","title":"should handle site not found","duration":15.51090000000022,"failureMessages":[],"meta":{}},{"ancestorTitles":["SiteDetails"],"fullName":"SiteDetails should show empty labels state when no labels exist","status":"passed","title":"should show empty labels state when no labels exist","duration":31.28520000000026,"failureMessages":[],"meta":{}},{"ancestorTitles":["SiteDetails"],"fullName":"SiteDetails should show labels statistics when labels exist","status":"passed","title":"should show labels statistics when labels exist","duration":75.3725999999997,"failureMessages":[],"meta":{}},{"ancestorTitles":["SiteDetails"],"fullName":"SiteDetails should allow creating a label inside the site context","status":"passed","title":"should allow creating a label inside the site context","duration":672.4882000000007,"failureMessages":[],"meta":{}}],"startTime":1769820843189,"endTime":1769820845268.4883,"status":"passed","message":"","name":"C:/Users/Alex/Nextcloud/Software/Personal Project Software/CableIndex/frontend/src/test/components/sites/SiteDetails.test.tsx"},{"assertionResults":[{"ancestorTitles":["SiteForm"],"fullName":"SiteForm should render create form with empty fields","status":"passed","title":"should render create form with empty fields","duration":89.07499999999982,"failureMessages":[],"meta":{}},{"ancestorTitles":["SiteForm"],"fullName":"SiteForm should render edit form with populated fields","status":"passed","title":"should render edit form with populated fields","duration":11.773899999999685,"failureMessages":[],"meta":{}},{"ancestorTitles":["SiteForm"],"fullName":"SiteForm should validate required site name field","status":"passed","title":"should validate required site name field","duration":220.94749999999976,"failureMessages":[],"meta":{}},{"ancestorTitles":["SiteForm"],"fullName":"SiteForm should validate site name length","status":"passed","title":"should validate site name length","duration":1663.8621999999996,"failureMessages":[],"meta":{}},{"ancestorTitles":["SiteForm"],"fullName":"SiteForm should validate site name format","status":"passed","title":"should validate site name format","duration":312.22370000000046,"failureMessages":[],"meta":{}},{"ancestorTitles":["SiteForm"],"fullName":"SiteForm should validate location length","status":"passed","title":"should validate location length","duration":3376.664099999999,"failureMessages":[],"meta":{}},{"ancestorTitles":["SiteForm"],"fullName":"SiteForm should validate description length","status":"passed","title":"should validate description length","duration":62.08940000000075,"failureMessages":[],"meta":{}},{"ancestorTitles":["SiteForm"],"fullName":"SiteForm should submit valid form data","status":"passed","title":"should submit valid form data","duration":46.73329999999987,"failureMessages":[],"meta":{}},{"ancestorTitles":["SiteForm"],"fullName":"SiteForm should submit form with minimal data","status":"passed","title":"should submit form with minimal data","duration":62.07809999999881,"failureMessages":[],"meta":{}},{"ancestorTitles":["SiteForm"],"fullName":"SiteForm should call onCancel when cancel button is clicked","status":"passed","title":"should call onCancel when cancel button is clicked","duration":47.112600000000384,"failureMessages":[],"meta":{}},{"ancestorTitles":["SiteForm"],"fullName":"SiteForm should disable form when loading","status":"passed","title":"should disable form when loading","duration":8.105199999999968,"failureMessages":[],"meta":{}},{"ancestorTitles":["SiteForm"],"fullName":"SiteForm should show loading state for edit form","status":"passed","title":"should show loading state for edit form","duration":4.477999999999156,"failureMessages":[],"meta":{}},{"ancestorTitles":["SiteForm"],"fullName":"SiteForm should display error message when submission fails","status":"passed","title":"should display error message when submission fails","duration":220.02570000000014,"failureMessages":[],"meta":{}}],"startTime":1769820842970,"endTime":1769820849096.0256,"status":"passed","message":"","name":"C:/Users/Alex/Nextcloud/Software/Personal Project Software/CableIndex/frontend/src/test/components/sites/SiteForm.test.tsx"},{"assertionResults":[{"ancestorTitles":["SiteList"],"fullName":"SiteList should render sites list","status":"passed","title":"should render sites list","duration":159.15819999999985,"failureMessages":[],"meta":{}},{"ancestorTitles":["SiteList"],"fullName":"SiteList should handle search functionality","status":"passed","title":"should handle search functionality","duration":660.2599,"failureMessages":[],"meta":{}},{"ancestorTitles":["SiteList"],"fullName":"SiteList should handle filter functionality","status":"passed","title":"should handle filter functionality","duration":419.82760000000053,"failureMessages":[],"meta":{}},{"ancestorTitles":["SiteList"],"fullName":"SiteList should handle sorting functionality","status":"passed","title":"should handle sorting functionality","duration":108.61650000000009,"failureMessages":[],"meta":{}},{"ancestorTitles":["SiteList"],"fullName":"SiteList should call onCreateSite when create button is clicked","status":"passed","title":"should call onCreateSite when create button is clicked","duration":77.84479999999985,"failureMessages":[],"meta":{}},{"ancestorTitles":["SiteList"],"fullName":"SiteList should call onEditSite when edit button is clicked","status":"passed","title":"should call onEditSite when edit button is clicked","duration":76.1840000000002,"failureMessages":[],"meta":{}},{"ancestorTitles":["SiteList"],"fullName":"SiteList should call onDeleteSite when delete button is clicked","status":"passed","title":"should call onDeleteSite when delete button is clicked","duration":77.93239999999969,"failureMessages":[],"meta":{}},{"ancestorTitles":["SiteList"],"fullName":"SiteList should call onViewDetails when site name is clicked","status":"passed","title":"should call onViewDetails when site name is clicked","duration":92.89900000000034,"failureMessages":[],"meta":{}},{"ancestorTitles":["SiteList"],"fullName":"SiteList should display empty state when no sites exist","status":"passed","title":"should display empty state when no sites exist","duration":10.729599999999664,"failureMessages":[],"meta":{}},{"ancestorTitles":["SiteList"],"fullName":"SiteList should display error state when API call fails","status":"passed","title":"should display error state when API call fails","duration":19.82430000000022,"failureMessages":[],"meta":{}},{"ancestorTitles":["SiteList"],"fullName":"SiteList should show loading state initially","status":"passed","title":"should show loading state initially","duration":22.683899999999994,"failureMessages":[],"meta":{}}],"startTime":1769820843002,"endTime":1769820844729.6838,"status":"passed","message":"","name":"C:/Users/Alex/Nextcloud/Software/Personal Project Software/CableIndex/frontend/src/test/components/sites/SiteList.test.tsx"}]}