{"numTotalTestSuites":37,"numPassedTestSuites":21,"numFailedTestSuites":16,"numPendingTestSuites":0,"numTotalTests":174,"numPassedTests":127,"numFailedTests":47,"numPendingTests":0,"numTodoTests":0,"snapshot":{"added":0,"failure":false,"filesAdded":0,"filesRemoved":0,"filesRemovedList":[],"filesUnmatched":0,"filesUpdated":0,"matched":0,"total":0,"unchecked":0,"uncheckedKeysByFile":[],"unmatched":0,"updated":0,"didUpdate":false},"startTime":1769734659401,"success":false,"testResults":[{"assertionResults":[{"ancestorTitles":["Admin Workflow Integration Tests"],"fullName":"Admin Workflow Integration Tests should allow admin to access admin panel","status":"passed","title":"should allow admin to access admin panel","duration":1661.7585000000008,"failureMessages":[],"meta":{}},{"ancestorTitles":["Admin Workflow Integration Tests"],"fullName":"Admin Workflow Integration Tests should allow admin to invite new users","status":"passed","title":"should allow admin to invite new users","duration":1489.0416000000005,"failureMessages":[],"meta":{}},{"ancestorTitles":["Admin Workflow Integration Tests"],"fullName":"Admin Workflow Integration Tests should allow admin to update application settings","status":"passed","title":"should allow admin to update application settings","duration":684.2342000000008,"failureMessages":[],"meta":{}},{"ancestorTitles":["Admin Workflow Integration Tests"],"fullName":"Admin Workflow Integration Tests should prevent non-admin users from accessing admin panel","status":"passed","title":"should prevent non-admin users from accessing admin panel","duration":186.9359999999997,"failureMessages":[],"meta":{}}],"startTime":1769734665492,"endTime":1769734669513.936,"status":"passed","message":"","name":"C:/Users/Alex/Nextcloud/Software/Personal Project Software/CableIndex/frontend/src/test/integration/admin-workflow.test.tsx"},{"assertionResults":[{"ancestorTitles":["Error Scenarios Integration Tests"],"fullName":"Error Scenarios Integration Tests should handle login errors gracefully","status":"failed","title":"should handle login errors gracefully","duration":1061.6268,"failureMessages":["Error: Unable to find an element with the text: Sign In. This could be because the text is broken up by multiple elements. In this case, you can provide a function for your text matcher to make your matcher more flexible.\n\nIgnored nodes: comments, script, style\n\u001b[36m<body>\u001b[39m\n  \u001b[36m<div>\u001b[39m\n    \u001b[36m<div\u001b[39m\n      \u001b[33mclass\u001b[39m=\u001b[32m\"min-h-screen bg-background\"\u001b[39m\n    \u001b[36m>\u001b[39m\n      \u001b[36m<div\u001b[39m\n        \u001b[33mclass\u001b[39m=\u001b[32m\"min-h-screen bg-gray-50\"\u001b[39m\n      \u001b[36m>\u001b[39m\n        \u001b[36m<nav\u001b[39m\n          \u001b[33mclass\u001b[39m=\u001b[32m\"bg-white shadow-sm border-b\"\u001b[39m\n        \u001b[36m>\u001b[39m\n          \u001b[36m<div\u001b[39m\n            \u001b[33mclass\u001b[39m=\u001b[32m\"max-w-7xl mx-auto px-4 sm:px-6 lg:px-8\"\u001b[39m\n          \u001b[36m>\u001b[39m\n            \u001b[36m<div\u001b[39m\n              \u001b[33mclass\u001b[39m=\u001b[32m\"flex justify-between h-16\"\u001b[39m\n            \u001b[36m>\u001b[39m\n              \u001b[36m<div\u001b[39m\n                \u001b[33mclass\u001b[39m=\u001b[32m\"flex\"\u001b[39m\n              \u001b[36m>\u001b[39m\n                \u001b[36m<div\u001b[39m\n                  \u001b[33mclass\u001b[39m=\u001b[32m\"flex-shrink-0 flex items-center\"\u001b[39m\n                \u001b[36m>\u001b[39m\n                  \u001b[36m<a\u001b[39m\n                    \u001b[33mclass\u001b[39m=\u001b[32m\"flex items-center space-x-2\"\u001b[39m\n                    \u001b[33mhref\u001b[39m=\u001b[32m\"/dashboard\"\u001b[39m\n                  \u001b[36m>\u001b[39m\n                    \u001b[36m<img\u001b[39m\n                      \u001b[33malt\u001b[39m=\u001b[32m\"CableIndex\"\u001b[39m\n                      \u001b[33mclass\u001b[39m=\u001b[32m\"h-8 w-8\"\u001b[39m\n                      \u001b[33msrc\u001b[39m=\u001b[32m\"/cableindex-icon.png\"\u001b[39m\n                    \u001b[36m/>\u001b[39m\n                    \u001b[36m<span\u001b[39m\n                      \u001b[33mclass\u001b[39m=\u001b[32m\"text-xl font-bold text-gray-900\"\u001b[39m\n                    \u001b[36m>\u001b[39m\n                      \u001b[0mCableIndex\u001b[0m\n                    \u001b[36m</span>\u001b[39m\n                  \u001b[36m</a>\u001b[39m\n                \u001b[36m</div>\u001b[39m\n                \u001b[36m<div\u001b[39m\n                  \u001b[33mclass\u001b[39m=\u001b[32m\"hidden sm:ml-6 sm:flex sm:space-x-8\"\u001b[39m\n                \u001b[36m>\u001b[39m\n                  \u001b[36m<a\u001b[39m\n                    \u001b[33mclass\u001b[39m=\u001b[32m\"inline-flex items-center px-1 pt-1 border-b-2 text-sm font-medium transition-colors border-transparent text-gray-500 hover:border-gray-300 hover:text-gray-700\"\u001b[39m\n                    \u001b[33mhref\u001b[39m=\u001b[32m\"/dashboard\"\u001b[39m\n                  \u001b[36m>\u001b[39m\n                    \u001b[36m<svg\u001b[39m\n                      \u001b[33mclass\u001b[39m=\u001b[32m\"lucide lucide-home w-4 h-4 mr-2\"\u001b[39m\n                      \u001b[33mfill\u001b[39m=\u001b[32m\"none\"\u001b[39m\n                      \u001b[33mheight\u001b[39m=\u001b[32m\"24\"\u001b[39m\n                      \u001b[33mstroke\u001b[39m=\u001b[32m\"currentColor\"\u001b[39m\n                      \u001b[33mstroke-linecap\u001b[39m=\u001b[32m\"round\"\u001b[39m\n                      \u001b[33mstroke-linejoin\u001b[39m=\u001b[32m\"round\"\u001b[39m\n                      \u001b[33mstroke-width\u001b[39m=\u001b[32m\"2\"\u001b[39m\n                      \u001b[33mviewBox\u001b[39m=\u001b[32m\"0 0 24 24\"\u001b[39m\n                      \u001b[33mwidth\u001b[39m=\u001b[32m\"24\"\u001b[39m\n                      \u001b[33mxmlns\u001b[39m=\u001b[32m\"http://www.w3.org/2000/svg\"\u001b[39m\n                    \u001b[36m>\u001b[39m\n                      \u001b[36m<path\u001b[39m\n                        \u001b[33md\u001b[39m=\u001b[32m\"m3 9 9-7 9 7v11a2 2 0 0 1-2 2H5a2 2 0 0 1-2-2z\"\u001b[39m\n                      \u001b[36m/>\u001b[39m\n                      \u001b[36m<polyline\u001b[39m\n                        \u001b[33mpoints\u001b[39m=\u001b[32m\"9 22 9 12 15 12 15 22\"\u001b[39m\n                      \u001b[36m/>\u001b[39m\n                    \u001b[36m</svg>\u001b[39m\n                    \u001b[0mDashboard\u001b[0m\n                  \u001b[36m</a>\u001b[39m\n                  \u001b[36m<a\u001b[39m\n                    \u001b[33mclass\u001b[39m=\u001b[32m\"inline-flex items-center px-1 pt-1 border-b-2 text-sm font-medium transition-colors border-transparent text-gray-500 hover:border-gray-300 hover:text-gray-700\"\u001b[39m\n                    \u001b[33mhref\u001b[39m=\u001b[32m\"/sites\"\u001b[39m\n                  \u001b[36m>\u001b[39m\n                    \u001b[36m<svg\u001b[39m\n                      \u001b[33mclass\u001b[39m=\u001b[32m\"lucide lucide-map-pin w-4 h-4 mr-2\"\u001b[39m\n                      \u001b[33mfill\u001b[39m=\u001b[32m\"none\"\u001b[39m\n                      \u001b[33mheight\u001b[39m=\u001b[32m\"24\"\u001b[39m\n                      \u001b[33mstroke\u001b[39m=\u001b[32m\"currentColor\"\u001b[39m\n                      \u001b[33mstroke-linecap\u001b[39m=\u001b[32m\"round\"\u001b[39m\n                      \u001b[33mstroke-linejoin\u001b[39m=\u001b[32m\"round\"\u001b[39m\n                      \u001b[33mstroke-width\u001b[39m=\u001b[32m\"2\"\u001b[39m\n                      \u001b[33mviewBox\u001b[39m=\u001b[32m\"0 0 24 24\"\u001b[39m\n                      \u001b[33mwidth\u001b[39m=\u001b[32m\"24\"\u001b[39m\n                      \u001b[33mxmlns\u001b[39m=\u001b[32m\"http://www.w3.org/2000/svg\"\u001b[39m\n                    \u001b[36m>\u001b[39m\n                      \u001b[36m<path\u001b[39m\n                        \u001b[33md\u001b[39m=\u001b[32m\"M20 10c0 6-8 12-8 12s-8-6-8-12a8 8 0 0 1 16 0Z\"\u001b[39m\n                      \u001b[36m/>\u001b[39m\n                      \u001b[36m<circle\u001b[39m\n                        \u001b[33mcx\u001b[39m=\u001b[32m\"12\"\u001b[39m\n                        \u001b[33mcy\u001b[39m=\u001b[32m\"10\"\u001b[39m\n                        \u001b[33mr\u001b[39m=\u001b[32m\"3\"\u001b[39m\n                      \u001b[36m/>\u001b[39m\n                    \u001b[36m</svg>\u001b[39m\n                    \u001b[0mSites\u001b[0m\n                  \u001b[36m</a>\u001b[39m\n                  \u001b[36m<a\u001b[39m\n                    \u001b[33mclass\u001b[39m=\u001b[32m\"inline-flex items-center px-1 pt-1 border-b-2 text-sm font-medium transition-colors border-transparent text-gray-500 hover:border-gray-300 hover:text-gray-700\"\u001b[39m\n                    \u001b[33mhref\u001b[39m=\u001b[32m\"/labels\"\u001b[39m\n                  \u001b[36m>\u001b[39m\n                    \u001b[36m<svg\u001b[39m\n                      \u001b[33mclass\u001b[39m=\u001b[32m\"lucide lucide-database w-4 h-4 mr-2\"\u001b[39m\n                      \u001b[33mfill\u001b[39m=\u001b[32m\"none\"\u001b[39m\n                      \u001b[33mheight\u001b[39m=\u001b[32m\"24\"\u001b[39m\n                      \u001b[33mstroke\u001b[39m=\u001b[32m\"currentColor\"\u001b[39m\n                      \u001b[33mstroke-linecap\u001b[39m=\u001b[32m\"round\"\u001b[39m\n                      \u001b[33mstroke-linejoin\u001b[39m=\u001b[32m\"round\"\u001b[39m\n                      \u001b[33mstroke-width\u001b[39m=\u001b[32m\"2\"\u001b[39m\n                      \u001b[33mviewBox\u001b[39m=\u001b[32m\"0 0 24 24\"\u001b[39m\n                      \u001b[33mwidth\u001b[39m=\u001b[32m\"24\"\u001b[39m\n                      \u001b[33mxmlns\u001b[39m=\u001b[32m\"http://www.w3.org/2000/svg\"\u001b[39m\n                    \u001b[36m>\u001b[39m\n                      \u001b[36m<ellipse\u001b[39m\n                        \u001b[33mcx\u001b[39m=\u001b[32m\"12\"\u001b[39m\n                        \u001b[33mcy\u001b[39m=\u001b[32m\"5\"\u001b[39m\n                        \u001b[33mrx\u001b[39m=\u001b[32m\"9\"\u001b[39m\n                        \u001b[33mry\u001b[39m=\u001b[32m\"3\"\u001b[39m\n                      \u001b[36m/>\u001b[39m\n                      \u001b[36m<path\u001b[39m\n                        \u001b[33md\u001b[39m=\u001b[32m\"M3 5V19A9 3 0 0 0 21 19V5\"\u001b[39m\n                      \u001b[36m/>\u001b[39m\n                      \u001b[36m<path\u001b[39m\n                        \u001b[33md\u001b[39m=\u001b[32m\"M3 12A9 3 0 0 0 21 12\"\u001b[39m\n                      \u001b[36m/>\u001b[39m\n                    \u001b[36m</svg>\u001b[39m\n                    \u001b[0mLabels\u001b[0m\n                  \u001b[36m</a>\u001b[39m\n                  \u001b[36m<a\u001b[39m\n                    \u001b[33mclass\u001b[39m=\u001b[32m\"inline-flex items-center px-1 pt-1 border-b-2 text-sm font-medium transition-colors border-transparent text-gray-500 hover:border-gray-300 hover:text-gray-700\"\u001b[39m\n                    \u001b[33mhref\u001b[39m=\u001b[32m\"/port-labels\"\u001b[39m\n                  \u001b[36m>\u001b[39m\n                    \u001b[36m<svg\u001b[39m\n                      \u001b[33mclass\u001b[39m=\u001b[32m\"lucide lucide-tag w-4 h-4 mr-2\"\u001b[39m\n                      \u001b[33mfill\u001b[39m=\u001b[32m\"none\"\u001b[39m\n                      \u001b[33mheight\u001b[39m=\u001b[32m\"24\"\u001b[39m\n                      \u001b[33mstroke\u001b[39m=\u001b[32m\"c...\n    at Proxy.waitForWrapper (C:\\Users\\Alex\\Nextcloud\\Software\\Personal Project Software\\CableIndex\\frontend\\node_modules\\@testing-library\\dom\\dist\\wait-for.js:163:27)\n    at C:/Users/Alex/Nextcloud/Software/Personal Project Software/CableIndex/frontend/src/test/integration/error-scenarios.test.tsx:65:11\n    at processTicksAndRejections (node:internal/process/task_queues:105:5)\n    at file:///C:/Users/Alex/Nextcloud/Software/Personal%20Project%20Software/CableIndex/frontend/node_modules/@vitest/runner/dist/index.js:753:20"],"meta":{}},{"ancestorTitles":["Error Scenarios Integration Tests"],"fullName":"Error Scenarios Integration Tests should handle network errors during data fetching","status":"failed","title":"should handle network errors during data fetching","duration":1026.9219000000003,"failureMessages":["Error: Found multiple elements with the text: Dashboard\n\nHere are the matching elements:\n\nIgnored nodes: comments, script, style\n\u001b[36m<a\u001b[39m\n  \u001b[33mclass\u001b[39m=\u001b[32m\"inline-flex items-center px-1 pt-1 border-b-2 text-sm font-medium transition-colors border-transparent text-gray-500 hover:border-gray-300 hover:text-gray-700\"\u001b[39m\n  \u001b[33mhref\u001b[39m=\u001b[32m\"/dashboard\"\u001b[39m\n\u001b[36m>\u001b[39m\n  \u001b[36m<svg\u001b[39m\n    \u001b[33mclass\u001b[39m=\u001b[32m\"lucide lucide-home w-4 h-4 mr-2\"\u001b[39m\n    \u001b[33mfill\u001b[39m=\u001b[32m\"none\"\u001b[39m\n    \u001b[33mheight\u001b[39m=\u001b[32m\"24\"\u001b[39m\n    \u001b[33mstroke\u001b[39m=\u001b[32m\"currentColor\"\u001b[39m\n    \u001b[33mstroke-linecap\u001b[39m=\u001b[32m\"round\"\u001b[39m\n    \u001b[33mstroke-linejoin\u001b[39m=\u001b[32m\"round\"\u001b[39m\n    \u001b[33mstroke-width\u001b[39m=\u001b[32m\"2\"\u001b[39m\n    \u001b[33mviewBox\u001b[39m=\u001b[32m\"0 0 24 24\"\u001b[39m\n    \u001b[33mwidth\u001b[39m=\u001b[32m\"24\"\u001b[39m\n    \u001b[33mxmlns\u001b[39m=\u001b[32m\"http://www.w3.org/2000/svg\"\u001b[39m\n  \u001b[36m>\u001b[39m\n    \u001b[36m<path\u001b[39m\n      \u001b[33md\u001b[39m=\u001b[32m\"m3 9 9-7 9 7v11a2 2 0 0 1-2 2H5a2 2 0 0 1-2-2z\"\u001b[39m\n    \u001b[36m/>\u001b[39m\n    \u001b[36m<polyline\u001b[39m\n      \u001b[33mpoints\u001b[39m=\u001b[32m\"9 22 9 12 15 12 15 22\"\u001b[39m\n    \u001b[36m/>\u001b[39m\n  \u001b[36m</svg>\u001b[39m\n  \u001b[0mDashboard\u001b[0m\n\u001b[36m</a>\u001b[39m\n\nIgnored nodes: comments, script, style\n\u001b[36m<div\u001b[39m\n  \u001b[33mclass\u001b[39m=\u001b[32m\"flex items-center\"\u001b[39m\n\u001b[36m>\u001b[39m\n  \u001b[36m<svg\u001b[39m\n    \u001b[33mclass\u001b[39m=\u001b[32m\"lucide lucide-home w-4 h-4 mr-3\"\u001b[39m\n    \u001b[33mfill\u001b[39m=\u001b[32m\"none\"\u001b[39m\n    \u001b[33mheight\u001b[39m=\u001b[32m\"24\"\u001b[39m\n    \u001b[33mstroke\u001b[39m=\u001b[32m\"currentColor\"\u001b[39m\n    \u001b[33mstroke-linecap\u001b[39m=\u001b[32m\"round\"\u001b[39m\n    \u001b[33mstroke-linejoin\u001b[39m=\u001b[32m\"round\"\u001b[39m\n    \u001b[33mstroke-width\u001b[39m=\u001b[32m\"2\"\u001b[39m\n    \u001b[33mviewBox\u001b[39m=\u001b[32m\"0 0 24 24\"\u001b[39m\n    \u001b[33mwidth\u001b[39m=\u001b[32m\"24\"\u001b[39m\n    \u001b[33mxmlns\u001b[39m=\u001b[32m\"http://www.w3.org/2000/svg\"\u001b[39m\n  \u001b[36m>\u001b[39m\n    \u001b[36m<path\u001b[39m\n      \u001b[33md\u001b[39m=\u001b[32m\"m3 9 9-7 9 7v11a2 2 0 0 1-2 2H5a2 2 0 0 1-2-2z\"\u001b[39m\n    \u001b[36m/>\u001b[39m\n    \u001b[36m<polyline\u001b[39m\n      \u001b[33mpoints\u001b[39m=\u001b[32m\"9 22 9 12 15 12 15 22\"\u001b[39m\n    \u001b[36m/>\u001b[39m\n  \u001b[36m</svg>\u001b[39m\n  \u001b[0mDashboard\u001b[0m\n\u001b[36m</div>\u001b[39m\n\n(If this is intentional, then use the `*AllBy*` variant of the query (like `queryAllByText`, `getAllByText`, or `findAllByText`)).\n\nIgnored nodes: comments, script, style\n\u001b[36m<body>\u001b[39m\n  \u001b[36m<div>\u001b[39m\n    \u001b[36m<div\u001b[39m\n      \u001b[33mclass\u001b[39m=\u001b[32m\"min-h-screen bg-background\"\u001b[39m\n    \u001b[36m>\u001b[39m\n      \u001b[36m<div\u001b[39m\n        \u001b[33mclass\u001b[39m=\u001b[32m\"min-h-screen bg-gray-50\"\u001b[39m\n      \u001b[36m>\u001b[39m\n        \u001b[36m<nav\u001b[39m\n          \u001b[33mclass\u001b[39m=\u001b[32m\"bg-white shadow-sm border-b\"\u001b[39m\n        \u001b[36m>\u001b[39m\n          \u001b[36m<div\u001b[39m\n            \u001b[33mclass\u001b[39m=\u001b[32m\"max-w-7xl mx-auto px-4 sm:px-6 lg:px-8\"\u001b[39m\n          \u001b[36m>\u001b[39m\n            \u001b[36m<div\u001b[39m\n              \u001b[33mclass\u001b[39m=\u001b[32m\"flex justify-between h-16\"\u001b[39m\n            \u001b[36m>\u001b[39m\n              \u001b[36m<div\u001b[39m\n                \u001b[33mclass\u001b[39m=\u001b[32m\"flex\"\u001b[39m\n              \u001b[36m>\u001b[39m\n                \u001b[36m<div\u001b[39m\n                  \u001b[33mclass\u001b[39m=\u001b[32m\"flex-shrink-0 flex items-center\"\u001b[39m\n                \u001b[36m>\u001b[39m\n                  \u001b[36m<a\u001b[39m\n                    \u001b[33mclass\u001b[39m=\u001b[32m\"flex items-center space-x-2\"\u001b[39m\n                    \u001b[33mhref\u001b[39m=\u001b[32m\"/dashboard\"\u001b[39m\n                  \u001b[36m>\u001b[39m\n                    \u001b[36m<img\u001b[39m\n                      \u001b[33malt\u001b[39m=\u001b[32m\"CableIndex\"\u001b[39m\n                      \u001b[33mclass\u001b[39m=\u001b[32m\"h-8 w-8\"\u001b[39m\n                      \u001b[33msrc\u001b[39m=\u001b[32m\"/cableindex-icon.png\"\u001b[39m\n                    \u001b[36m/>\u001b[39m\n                    \u001b[36m<span\u001b[39m\n                      \u001b[33mclass\u001b[39m=\u001b[32m\"text-xl font-bold text-gray-900\"\u001b[39m\n                    \u001b[36m>\u001b[39m\n                      \u001b[0mCableIndex\u001b[0m\n                    \u001b[36m</span>\u001b[39m\n                  \u001b[36m</a>\u001b[39m\n                \u001b[36m</div>\u001b[39m\n                \u001b[36m<div\u001b[39m\n                  \u001b[33mclass\u001b[39m=\u001b[32m\"hidden sm:ml-6 sm:flex sm:space-x-8\"\u001b[39m\n                \u001b[36m>\u001b[39m\n                  \u001b[36m<a\u001b[39m\n                    \u001b[33mclass\u001b[39m=\u001b[32m\"inline-flex items-center px-1 pt-1 border-b-2 text-sm font-medium transition-colors border-transparent text-gray-500 hover:border-gray-300 hover:text-gray-700\"\u001b[39m\n                    \u001b[33mhref\u001b[39m=\u001b[32m\"/dashboard\"\u001b[39m\n                  \u001b[36m>\u001b[39m\n                    \u001b[36m<svg\u001b[39m\n                      \u001b[33mclass\u001b[39m=\u001b[32m\"lucide lucide-home w-4 h-4 mr-2\"\u001b[39m\n                      \u001b[33mfill\u001b[39m=\u001b[32m\"none\"\u001b[39m\n                      \u001b[33mheight\u001b[39m=\u001b[32m\"24\"\u001b[39m\n                      \u001b[33mstroke\u001b[39m=\u001b[32m\"currentColor\"\u001b[39m\n                      \u001b[33mstroke-linecap\u001b[39m=\u001b[32m\"round\"\u001b[39m\n                      \u001b[33mstroke-linejoin\u001b[39m=\u001b[32m\"round\"\u001b[39m\n                      \u001b[33mstroke-width\u001b[39m=\u001b[32m\"2\"\u001b[39m\n                      \u001b[33mviewBox\u001b[39m=\u001b[32m\"0 0 24 24\"\u001b[39m\n                      \u001b[33mwidth\u001b[39m=\u001b[32m\"24\"\u001b[39m\n                      \u001b[33mxmlns\u001b[39m=\u001b[32m\"http://www.w3.org/2000/svg\"\u001b[39m\n                    \u001b[36m>\u001b[39m\n                      \u001b[36m<path\u001b[39m\n                        \u001b[33md\u001b[39m=\u001b[32m\"m3 9 9-7 9 7v11a2 2 0 0 1-2 2H5a2 2 0 0 1-2-2z\"\u001b[39m\n                      \u001b[36m/>\u001b[39m\n                      \u001b[36m<polyline\u001b[39m\n                        \u001b[33mpoints\u001b[39m=\u001b[32m\"9 22 9 12 15 12 15 22\"\u001b[39m\n                      \u001b[36m/>\u001b[39m\n                    \u001b[36m</svg>\u001b[39m\n                    \u001b[0mDashboard\u001b[0m\n                  \u001b[36m</a>\u001b[39m\n                  \u001b[36m<a\u001b[39m\n                    \u001b[33mclass\u001b[39m=\u001b[32m\"inline-flex items-center px-1 pt-1 border-b-2 text-sm font-medium transition-colors border-transparent text-gray-500 hover:border-gray-300 hover:text-gray-700\"\u001b[39m\n                    \u001b[33mhref\u001b[39m=\u001b[32m\"/sites\"\u001b[39m\n                  \u001b[36m>\u001b[39m\n                    \u001b[36m<svg\u001b[39m\n                      \u001b[33mclass\u001b[39m=\u001b[32m\"lucide lucide-map-pin w-4 h-4 mr-2\"\u001b[39m\n                      \u001b[33mfill\u001b[39m=\u001b[32m\"none\"\u001b[39m\n                      \u001b[33mheight\u001b[39m=\u001b[32m\"24\"\u001b[39m\n                      \u001b[33mstroke\u001b[39m=\u001b[32m\"currentColor\"\u001b[39m\n                      \u001b[33mstroke-linecap\u001b[39m=\u001b[32m\"round\"\u001b[39m\n                      \u001b[33mstroke-linejoin\u001b[39m=\u001b[32m\"round\"\u001b[39m\n                      \u001b[33mstroke-width\u001b[39m=\u001b[32m\"2\"\u001b[39m\n                      \u001b[33mviewBox\u001b[39m=\u001b[32m\"0 0 24 24\"\u001b[39m\n                      \u001b[33mwidth\u001b[39m=\u001b[32m\"24\"\u001b[39m\n                      \u001b[33mxmlns\u001b[39m=\u001b[32m\"http://www.w3.org/2000/svg\"\u001b[39m\n                    \u001b[36m>\u001b[39m\n                      \u001b[36m<path\u001b[39m\n                        \u001b[33md\u001b[39m=\u001b[32m\"M20 10c0 6-8 12-8 12s-8-6-8-12a8 8 0 0 1 16 0Z\"\u001b[39m\n                      \u001b[36m/>\u001b[39m\n                      \u001b[36m<circle\u001b[39m\n                        \u001b[33mcx\u001b[39m=\u001b[32m\"12\"\u001b[39m\n                        \u001b[33mcy\u001b[39m=\u001b[32m\"10\"\u001b[39m\n                        \u001b[33mr\u001b[39m=\u001b[32m\"3\"\u001b[39m\n                      \u001b[36m/>\u001b[39m\n                    \u001b[36m</svg>\u001b[39m\n                    \u001b[0mSites\u001b[0m\n                  \u001b[36m</a>\u001b[39m\n                  \u001b[36m<a\u001b[39m\n                    \u001b[33mclass\u001b[39m=\u001b[32m\"inline-flex items-center px-1 pt-1 border-b-2 text-sm font-medium transition-colors border-transparent text-gray-500 hover:border-gray-300 hover:text-gray-700\"\u001b[39m\n                    \u001b[33mhref\u001b[39m=\u001b[32m\"/labels\"\u001b[39m\n                  \u001b[36m>\u001b[39m\n                    \u001b[36m<svg\u001b[39m\n                      \u001b[33mclass\u001b[39m=\u001b[32m\"lucide lucide-database w-4 h-4 mr-2\"\u001b[39m\n                      \u001b[33mfill\u001b[39m=\u001b[32m\"none\"\u001b[39m\n                      \u001b[33mheight\u001b[39m=\u001b[32m\"24\"\u001b[39m\n                      \u001b[33mstroke\u001b[39m=\u001b[32m\"currentColor\"\u001b[39m\n                      \u001b[33mstroke-linecap\u001b[39m=\u001b[32m\"round\"\u001b[39m\n                      \u001b[33mstroke-linejoin\u001b[39m=\u001b[32m\"round\"\u001b[39m\n                      \u001b[33mstroke-width\u001b[39m=\u001b[32m\"2\"\u001b[39m\n                      \u001b[33mviewBox\u001b[39m=\u001b[32m\"0 0 24 24\"\u001b[39m\n                      \u001b[33mwidth\u001b[39m=\u001b[32m\"24\"\u001b[39m\n                      \u001b[33mxmlns\u001b[39m=\u001b[32m\"http://www.w3.org/2000/svg\"\u001b[39m\n                    \u001b[36m>\u001b[39m\n                      \u001b[36m<ellipse\u001b[39m\n                        \u001b[33mcx\u001b[39m=\u001b[32m\"12\"\u001b[39m\n                        \u001b[33mcy\u001b[39m=\u001b[32m\"5\"\u001b[39m\n                        \u001b[33mrx\u001b[39m=\u001b[32m\"9\"\u001b[39m\n                        \u001b[33mry\u001b[39m=\u001b[32m\"3\"\u001b[39m\n                      \u001b[36m/>\u001b[39m\n                      \u001b[36m<path\u001b[39m\n                        \u001b[33md\u001b[39m=\u001b[32m\"M3 5V19A9 3 0 0 0 21 19V5\"\u001b[39m\n                      \u001b[36m/>\u001b[39m\n                      \u001b[36m<path\u001b[39m\n                        \u001b[33md\u001b[39m=\u001b[32m\"M3 12A9 3 0 0 0 21 12\"\u001b[39m\n                      \u001b[36m/>\u001b[39m\n                    \u001b[36m</svg>\u001b[39m\n                    \u001b[0mLabels\u001b[0m\n                  \u001b[36m</a>\u001b[39m\n                  \u001b[36m<a\u001b[39m\n                    \u001b[33mclass\u001b[39m=\u001b[32m\"inline-flex items-center px-1 pt-1 border-b-2 text-sm font-medium transition-colors border-transparent text-gray-500 hover:border-gray-300 hover:text-gray-700\"\u001b[39m\n                    \u001b[33mhref\u001b[39m=\u001b[32m\"/port-labels\"\u001b[39m\n                  \u001b[36m>\u001b[39m\n                    \u001b[36m<svg\u001b[39m\n                      \u001b[33mclass\u001b[39m=\u001b[32m\"lucide lucide-tag w-4 h-4 mr-2\"\u001b[39m\n                      \u001b[33mfill\u001b[39m=\u001b[32m\"none\"\u001b[39m\n                      \u001b[33mheight\u001b[39m=\u001b[32m\"24\"\u001b[39m\n                      \u001b[33mstroke\u001b[39m=\u001b[32m\"c...\n    at Proxy.waitForWrapper (C:\\Users\\Alex\\Nextcloud\\Software\\Personal Project Software\\CableIndex\\frontend\\node_modules\\@testing-library\\dom\\dist\\wait-for.js:163:27)\n    at C:/Users/Alex/Nextcloud/Software/Personal Project Software/CableIndex/frontend/src/test/integration/error-scenarios.test.tsx:111:11\n    at processTicksAndRejections (node:internal/process/task_queues:105:5)\n    at file:///C:/Users/Alex/Nextcloud/Software/Personal%20Project%20Software/CableIndex/frontend/node_modules/@vitest/runner/dist/index.js:753:20"],"meta":{}},{"ancestorTitles":["Error Scenarios Integration Tests"],"fullName":"Error Scenarios Integration Tests should handle form validation errors","status":"failed","title":"should handle form validation errors","duration":1020.6361999999999,"failureMessages":["Error: Found multiple elements with the text: Dashboard\n\nHere are the matching elements:\n\nIgnored nodes: comments, script, style\n\u001b[36m<a\u001b[39m\n  \u001b[33mclass\u001b[39m=\u001b[32m\"inline-flex items-center px-1 pt-1 border-b-2 text-sm font-medium transition-colors border-transparent text-gray-500 hover:border-gray-300 hover:text-gray-700\"\u001b[39m\n  \u001b[33mhref\u001b[39m=\u001b[32m\"/dashboard\"\u001b[39m\n\u001b[36m>\u001b[39m\n  \u001b[36m<svg\u001b[39m\n    \u001b[33mclass\u001b[39m=\u001b[32m\"lucide lucide-home w-4 h-4 mr-2\"\u001b[39m\n    \u001b[33mfill\u001b[39m=\u001b[32m\"none\"\u001b[39m\n    \u001b[33mheight\u001b[39m=\u001b[32m\"24\"\u001b[39m\n    \u001b[33mstroke\u001b[39m=\u001b[32m\"currentColor\"\u001b[39m\n    \u001b[33mstroke-linecap\u001b[39m=\u001b[32m\"round\"\u001b[39m\n    \u001b[33mstroke-linejoin\u001b[39m=\u001b[32m\"round\"\u001b[39m\n    \u001b[33mstroke-width\u001b[39m=\u001b[32m\"2\"\u001b[39m\n    \u001b[33mviewBox\u001b[39m=\u001b[32m\"0 0 24 24\"\u001b[39m\n    \u001b[33mwidth\u001b[39m=\u001b[32m\"24\"\u001b[39m\n    \u001b[33mxmlns\u001b[39m=\u001b[32m\"http://www.w3.org/2000/svg\"\u001b[39m\n  \u001b[36m>\u001b[39m\n    \u001b[36m<path\u001b[39m\n      \u001b[33md\u001b[39m=\u001b[32m\"m3 9 9-7 9 7v11a2 2 0 0 1-2 2H5a2 2 0 0 1-2-2z\"\u001b[39m\n    \u001b[36m/>\u001b[39m\n    \u001b[36m<polyline\u001b[39m\n      \u001b[33mpoints\u001b[39m=\u001b[32m\"9 22 9 12 15 12 15 22\"\u001b[39m\n    \u001b[36m/>\u001b[39m\n  \u001b[36m</svg>\u001b[39m\n  \u001b[0mDashboard\u001b[0m\n\u001b[36m</a>\u001b[39m\n\nIgnored nodes: comments, script, style\n\u001b[36m<div\u001b[39m\n  \u001b[33mclass\u001b[39m=\u001b[32m\"flex items-center\"\u001b[39m\n\u001b[36m>\u001b[39m\n  \u001b[36m<svg\u001b[39m\n    \u001b[33mclass\u001b[39m=\u001b[32m\"lucide lucide-home w-4 h-4 mr-3\"\u001b[39m\n    \u001b[33mfill\u001b[39m=\u001b[32m\"none\"\u001b[39m\n    \u001b[33mheight\u001b[39m=\u001b[32m\"24\"\u001b[39m\n    \u001b[33mstroke\u001b[39m=\u001b[32m\"currentColor\"\u001b[39m\n    \u001b[33mstroke-linecap\u001b[39m=\u001b[32m\"round\"\u001b[39m\n    \u001b[33mstroke-linejoin\u001b[39m=\u001b[32m\"round\"\u001b[39m\n    \u001b[33mstroke-width\u001b[39m=\u001b[32m\"2\"\u001b[39m\n    \u001b[33mviewBox\u001b[39m=\u001b[32m\"0 0 24 24\"\u001b[39m\n    \u001b[33mwidth\u001b[39m=\u001b[32m\"24\"\u001b[39m\n    \u001b[33mxmlns\u001b[39m=\u001b[32m\"http://www.w3.org/2000/svg\"\u001b[39m\n  \u001b[36m>\u001b[39m\n    \u001b[36m<path\u001b[39m\n      \u001b[33md\u001b[39m=\u001b[32m\"m3 9 9-7 9 7v11a2 2 0 0 1-2 2H5a2 2 0 0 1-2-2z\"\u001b[39m\n    \u001b[36m/>\u001b[39m\n    \u001b[36m<polyline\u001b[39m\n      \u001b[33mpoints\u001b[39m=\u001b[32m\"9 22 9 12 15 12 15 22\"\u001b[39m\n    \u001b[36m/>\u001b[39m\n  \u001b[36m</svg>\u001b[39m\n  \u001b[0mDashboard\u001b[0m\n\u001b[36m</div>\u001b[39m\n\n(If this is intentional, then use the `*AllBy*` variant of the query (like `queryAllByText`, `getAllByText`, or `findAllByText`)).\n\nIgnored nodes: comments, script, style\n\u001b[36m<body>\u001b[39m\n  \u001b[36m<div>\u001b[39m\n    \u001b[36m<div\u001b[39m\n      \u001b[33mclass\u001b[39m=\u001b[32m\"min-h-screen bg-background\"\u001b[39m\n    \u001b[36m>\u001b[39m\n      \u001b[36m<div\u001b[39m\n        \u001b[33mclass\u001b[39m=\u001b[32m\"min-h-screen bg-gray-50\"\u001b[39m\n      \u001b[36m>\u001b[39m\n        \u001b[36m<nav\u001b[39m\n          \u001b[33mclass\u001b[39m=\u001b[32m\"bg-white shadow-sm border-b\"\u001b[39m\n        \u001b[36m>\u001b[39m\n          \u001b[36m<div\u001b[39m\n            \u001b[33mclass\u001b[39m=\u001b[32m\"max-w-7xl mx-auto px-4 sm:px-6 lg:px-8\"\u001b[39m\n          \u001b[36m>\u001b[39m\n            \u001b[36m<div\u001b[39m\n              \u001b[33mclass\u001b[39m=\u001b[32m\"flex justify-between h-16\"\u001b[39m\n            \u001b[36m>\u001b[39m\n              \u001b[36m<div\u001b[39m\n                \u001b[33mclass\u001b[39m=\u001b[32m\"flex\"\u001b[39m\n              \u001b[36m>\u001b[39m\n                \u001b[36m<div\u001b[39m\n                  \u001b[33mclass\u001b[39m=\u001b[32m\"flex-shrink-0 flex items-center\"\u001b[39m\n                \u001b[36m>\u001b[39m\n                  \u001b[36m<a\u001b[39m\n                    \u001b[33mclass\u001b[39m=\u001b[32m\"flex items-center space-x-2\"\u001b[39m\n                    \u001b[33mhref\u001b[39m=\u001b[32m\"/dashboard\"\u001b[39m\n                  \u001b[36m>\u001b[39m\n                    \u001b[36m<img\u001b[39m\n                      \u001b[33malt\u001b[39m=\u001b[32m\"CableIndex\"\u001b[39m\n                      \u001b[33mclass\u001b[39m=\u001b[32m\"h-8 w-8\"\u001b[39m\n                      \u001b[33msrc\u001b[39m=\u001b[32m\"/cableindex-icon.png\"\u001b[39m\n                    \u001b[36m/>\u001b[39m\n                    \u001b[36m<span\u001b[39m\n                      \u001b[33mclass\u001b[39m=\u001b[32m\"text-xl font-bold text-gray-900\"\u001b[39m\n                    \u001b[36m>\u001b[39m\n                      \u001b[0mCableIndex\u001b[0m\n                    \u001b[36m</span>\u001b[39m\n                  \u001b[36m</a>\u001b[39m\n                \u001b[36m</div>\u001b[39m\n                \u001b[36m<div\u001b[39m\n                  \u001b[33mclass\u001b[39m=\u001b[32m\"hidden sm:ml-6 sm:flex sm:space-x-8\"\u001b[39m\n                \u001b[36m>\u001b[39m\n                  \u001b[36m<a\u001b[39m\n                    \u001b[33mclass\u001b[39m=\u001b[32m\"inline-flex items-center px-1 pt-1 border-b-2 text-sm font-medium transition-colors border-transparent text-gray-500 hover:border-gray-300 hover:text-gray-700\"\u001b[39m\n                    \u001b[33mhref\u001b[39m=\u001b[32m\"/dashboard\"\u001b[39m\n                  \u001b[36m>\u001b[39m\n                    \u001b[36m<svg\u001b[39m\n                      \u001b[33mclass\u001b[39m=\u001b[32m\"lucide lucide-home w-4 h-4 mr-2\"\u001b[39m\n                      \u001b[33mfill\u001b[39m=\u001b[32m\"none\"\u001b[39m\n                      \u001b[33mheight\u001b[39m=\u001b[32m\"24\"\u001b[39m\n                      \u001b[33mstroke\u001b[39m=\u001b[32m\"currentColor\"\u001b[39m\n                      \u001b[33mstroke-linecap\u001b[39m=\u001b[32m\"round\"\u001b[39m\n                      \u001b[33mstroke-linejoin\u001b[39m=\u001b[32m\"round\"\u001b[39m\n                      \u001b[33mstroke-width\u001b[39m=\u001b[32m\"2\"\u001b[39m\n                      \u001b[33mviewBox\u001b[39m=\u001b[32m\"0 0 24 24\"\u001b[39m\n                      \u001b[33mwidth\u001b[39m=\u001b[32m\"24\"\u001b[39m\n                      \u001b[33mxmlns\u001b[39m=\u001b[32m\"http://www.w3.org/2000/svg\"\u001b[39m\n                    \u001b[36m>\u001b[39m\n                      \u001b[36m<path\u001b[39m\n                        \u001b[33md\u001b[39m=\u001b[32m\"m3 9 9-7 9 7v11a2 2 0 0 1-2 2H5a2 2 0 0 1-2-2z\"\u001b[39m\n                      \u001b[36m/>\u001b[39m\n                      \u001b[36m<polyline\u001b[39m\n                        \u001b[33mpoints\u001b[39m=\u001b[32m\"9 22 9 12 15 12 15 22\"\u001b[39m\n                      \u001b[36m/>\u001b[39m\n                    \u001b[36m</svg>\u001b[39m\n                    \u001b[0mDashboard\u001b[0m\n                  \u001b[36m</a>\u001b[39m\n                  \u001b[36m<a\u001b[39m\n                    \u001b[33mclass\u001b[39m=\u001b[32m\"inline-flex items-center px-1 pt-1 border-b-2 text-sm font-medium transition-colors border-transparent text-gray-500 hover:border-gray-300 hover:text-gray-700\"\u001b[39m\n                    \u001b[33mhref\u001b[39m=\u001b[32m\"/sites\"\u001b[39m\n                  \u001b[36m>\u001b[39m\n                    \u001b[36m<svg\u001b[39m\n                      \u001b[33mclass\u001b[39m=\u001b[32m\"lucide lucide-map-pin w-4 h-4 mr-2\"\u001b[39m\n                      \u001b[33mfill\u001b[39m=\u001b[32m\"none\"\u001b[39m\n                      \u001b[33mheight\u001b[39m=\u001b[32m\"24\"\u001b[39m\n                      \u001b[33mstroke\u001b[39m=\u001b[32m\"currentColor\"\u001b[39m\n                      \u001b[33mstroke-linecap\u001b[39m=\u001b[32m\"round\"\u001b[39m\n                      \u001b[33mstroke-linejoin\u001b[39m=\u001b[32m\"round\"\u001b[39m\n                      \u001b[33mstroke-width\u001b[39m=\u001b[32m\"2\"\u001b[39m\n                      \u001b[33mviewBox\u001b[39m=\u001b[32m\"0 0 24 24\"\u001b[39m\n                      \u001b[33mwidth\u001b[39m=\u001b[32m\"24\"\u001b[39m\n                      \u001b[33mxmlns\u001b[39m=\u001b[32m\"http://www.w3.org/2000/svg\"\u001b[39m\n                    \u001b[36m>\u001b[39m\n                      \u001b[36m<path\u001b[39m\n                        \u001b[33md\u001b[39m=\u001b[32m\"M20 10c0 6-8 12-8 12s-8-6-8-12a8 8 0 0 1 16 0Z\"\u001b[39m\n                      \u001b[36m/>\u001b[39m\n                      \u001b[36m<circle\u001b[39m\n                        \u001b[33mcx\u001b[39m=\u001b[32m\"12\"\u001b[39m\n                        \u001b[33mcy\u001b[39m=\u001b[32m\"10\"\u001b[39m\n                        \u001b[33mr\u001b[39m=\u001b[32m\"3\"\u001b[39m\n                      \u001b[36m/>\u001b[39m\n                    \u001b[36m</svg>\u001b[39m\n                    \u001b[0mSites\u001b[0m\n                  \u001b[36m</a>\u001b[39m\n                  \u001b[36m<a\u001b[39m\n                    \u001b[33mclass\u001b[39m=\u001b[32m\"inline-flex items-center px-1 pt-1 border-b-2 text-sm font-medium transition-colors border-transparent text-gray-500 hover:border-gray-300 hover:text-gray-700\"\u001b[39m\n                    \u001b[33mhref\u001b[39m=\u001b[32m\"/labels\"\u001b[39m\n                  \u001b[36m>\u001b[39m\n                    \u001b[36m<svg\u001b[39m\n                      \u001b[33mclass\u001b[39m=\u001b[32m\"lucide lucide-database w-4 h-4 mr-2\"\u001b[39m\n                      \u001b[33mfill\u001b[39m=\u001b[32m\"none\"\u001b[39m\n                      \u001b[33mheight\u001b[39m=\u001b[32m\"24\"\u001b[39m\n                      \u001b[33mstroke\u001b[39m=\u001b[32m\"currentColor\"\u001b[39m\n                      \u001b[33mstroke-linecap\u001b[39m=\u001b[32m\"round\"\u001b[39m\n                      \u001b[33mstroke-linejoin\u001b[39m=\u001b[32m\"round\"\u001b[39m\n                      \u001b[33mstroke-width\u001b[39m=\u001b[32m\"2\"\u001b[39m\n                      \u001b[33mviewBox\u001b[39m=\u001b[32m\"0 0 24 24\"\u001b[39m\n                      \u001b[33mwidth\u001b[39m=\u001b[32m\"24\"\u001b[39m\n                      \u001b[33mxmlns\u001b[39m=\u001b[32m\"http://www.w3.org/2000/svg\"\u001b[39m\n                    \u001b[36m>\u001b[39m\n                      \u001b[36m<ellipse\u001b[39m\n                        \u001b[33mcx\u001b[39m=\u001b[32m\"12\"\u001b[39m\n                        \u001b[33mcy\u001b[39m=\u001b[32m\"5\"\u001b[39m\n                        \u001b[33mrx\u001b[39m=\u001b[32m\"9\"\u001b[39m\n                        \u001b[33mry\u001b[39m=\u001b[32m\"3\"\u001b[39m\n                      \u001b[36m/>\u001b[39m\n                      \u001b[36m<path\u001b[39m\n                        \u001b[33md\u001b[39m=\u001b[32m\"M3 5V19A9 3 0 0 0 21 19V5\"\u001b[39m\n                      \u001b[36m/>\u001b[39m\n                      \u001b[36m<path\u001b[39m\n                        \u001b[33md\u001b[39m=\u001b[32m\"M3 12A9 3 0 0 0 21 12\"\u001b[39m\n                      \u001b[36m/>\u001b[39m\n                    \u001b[36m</svg>\u001b[39m\n                    \u001b[0mLabels\u001b[0m\n                  \u001b[36m</a>\u001b[39m\n                  \u001b[36m<a\u001b[39m\n                    \u001b[33mclass\u001b[39m=\u001b[32m\"inline-flex items-center px-1 pt-1 border-b-2 text-sm font-medium transition-colors border-transparent text-gray-500 hover:border-gray-300 hover:text-gray-700\"\u001b[39m\n                    \u001b[33mhref\u001b[39m=\u001b[32m\"/port-labels\"\u001b[39m\n                  \u001b[36m>\u001b[39m\n                    \u001b[36m<svg\u001b[39m\n                      \u001b[33mclass\u001b[39m=\u001b[32m\"lucide lucide-tag w-4 h-4 mr-2\"\u001b[39m\n                      \u001b[33mfill\u001b[39m=\u001b[32m\"none\"\u001b[39m\n                      \u001b[33mheight\u001b[39m=\u001b[32m\"24\"\u001b[39m\n                      \u001b[33mstroke\u001b[39m=\u001b[32m\"c...\n    at Proxy.waitForWrapper (C:\\Users\\Alex\\Nextcloud\\Software\\Personal Project Software\\CableIndex\\frontend\\node_modules\\@testing-library\\dom\\dist\\wait-for.js:163:27)\n    at C:/Users/Alex/Nextcloud/Software/Personal Project Software/CableIndex/frontend/src/test/integration/error-scenarios.test.tsx:153:11\n    at processTicksAndRejections (node:internal/process/task_queues:105:5)\n    at file:///C:/Users/Alex/Nextcloud/Software/Personal%20Project%20Software/CableIndex/frontend/node_modules/@vitest/runner/dist/index.js:753:20"],"meta":{}},{"ancestorTitles":["Error Scenarios Integration Tests"],"fullName":"Error Scenarios Integration Tests should handle API errors during form submission","status":"failed","title":"should handle API errors during form submission","duration":1011.6162000000004,"failureMessages":["Error: Found multiple elements with the text: Dashboard\n\nHere are the matching elements:\n\nIgnored nodes: comments, script, style\n\u001b[36m<a\u001b[39m\n  \u001b[33mclass\u001b[39m=\u001b[32m\"inline-flex items-center px-1 pt-1 border-b-2 text-sm font-medium transition-colors border-transparent text-gray-500 hover:border-gray-300 hover:text-gray-700\"\u001b[39m\n  \u001b[33mhref\u001b[39m=\u001b[32m\"/dashboard\"\u001b[39m\n\u001b[36m>\u001b[39m\n  \u001b[36m<svg\u001b[39m\n    \u001b[33mclass\u001b[39m=\u001b[32m\"lucide lucide-home w-4 h-4 mr-2\"\u001b[39m\n    \u001b[33mfill\u001b[39m=\u001b[32m\"none\"\u001b[39m\n    \u001b[33mheight\u001b[39m=\u001b[32m\"24\"\u001b[39m\n    \u001b[33mstroke\u001b[39m=\u001b[32m\"currentColor\"\u001b[39m\n    \u001b[33mstroke-linecap\u001b[39m=\u001b[32m\"round\"\u001b[39m\n    \u001b[33mstroke-linejoin\u001b[39m=\u001b[32m\"round\"\u001b[39m\n    \u001b[33mstroke-width\u001b[39m=\u001b[32m\"2\"\u001b[39m\n    \u001b[33mviewBox\u001b[39m=\u001b[32m\"0 0 24 24\"\u001b[39m\n    \u001b[33mwidth\u001b[39m=\u001b[32m\"24\"\u001b[39m\n    \u001b[33mxmlns\u001b[39m=\u001b[32m\"http://www.w3.org/2000/svg\"\u001b[39m\n  \u001b[36m>\u001b[39m\n    \u001b[36m<path\u001b[39m\n      \u001b[33md\u001b[39m=\u001b[32m\"m3 9 9-7 9 7v11a2 2 0 0 1-2 2H5a2 2 0 0 1-2-2z\"\u001b[39m\n    \u001b[36m/>\u001b[39m\n    \u001b[36m<polyline\u001b[39m\n      \u001b[33mpoints\u001b[39m=\u001b[32m\"9 22 9 12 15 12 15 22\"\u001b[39m\n    \u001b[36m/>\u001b[39m\n  \u001b[36m</svg>\u001b[39m\n  \u001b[0mDashboard\u001b[0m\n\u001b[36m</a>\u001b[39m\n\nIgnored nodes: comments, script, style\n\u001b[36m<div\u001b[39m\n  \u001b[33mclass\u001b[39m=\u001b[32m\"flex items-center\"\u001b[39m\n\u001b[36m>\u001b[39m\n  \u001b[36m<svg\u001b[39m\n    \u001b[33mclass\u001b[39m=\u001b[32m\"lucide lucide-home w-4 h-4 mr-3\"\u001b[39m\n    \u001b[33mfill\u001b[39m=\u001b[32m\"none\"\u001b[39m\n    \u001b[33mheight\u001b[39m=\u001b[32m\"24\"\u001b[39m\n    \u001b[33mstroke\u001b[39m=\u001b[32m\"currentColor\"\u001b[39m\n    \u001b[33mstroke-linecap\u001b[39m=\u001b[32m\"round\"\u001b[39m\n    \u001b[33mstroke-linejoin\u001b[39m=\u001b[32m\"round\"\u001b[39m\n    \u001b[33mstroke-width\u001b[39m=\u001b[32m\"2\"\u001b[39m\n    \u001b[33mviewBox\u001b[39m=\u001b[32m\"0 0 24 24\"\u001b[39m\n    \u001b[33mwidth\u001b[39m=\u001b[32m\"24\"\u001b[39m\n    \u001b[33mxmlns\u001b[39m=\u001b[32m\"http://www.w3.org/2000/svg\"\u001b[39m\n  \u001b[36m>\u001b[39m\n    \u001b[36m<path\u001b[39m\n      \u001b[33md\u001b[39m=\u001b[32m\"m3 9 9-7 9 7v11a2 2 0 0 1-2 2H5a2 2 0 0 1-2-2z\"\u001b[39m\n    \u001b[36m/>\u001b[39m\n    \u001b[36m<polyline\u001b[39m\n      \u001b[33mpoints\u001b[39m=\u001b[32m\"9 22 9 12 15 12 15 22\"\u001b[39m\n    \u001b[36m/>\u001b[39m\n  \u001b[36m</svg>\u001b[39m\n  \u001b[0mDashboard\u001b[0m\n\u001b[36m</div>\u001b[39m\n\n(If this is intentional, then use the `*AllBy*` variant of the query (like `queryAllByText`, `getAllByText`, or `findAllByText`)).\n\nIgnored nodes: comments, script, style\n\u001b[36m<body>\u001b[39m\n  \u001b[36m<div>\u001b[39m\n    \u001b[36m<div\u001b[39m\n      \u001b[33mclass\u001b[39m=\u001b[32m\"min-h-screen bg-background\"\u001b[39m\n    \u001b[36m>\u001b[39m\n      \u001b[36m<div\u001b[39m\n        \u001b[33mclass\u001b[39m=\u001b[32m\"min-h-screen bg-gray-50\"\u001b[39m\n      \u001b[36m>\u001b[39m\n        \u001b[36m<nav\u001b[39m\n          \u001b[33mclass\u001b[39m=\u001b[32m\"bg-white shadow-sm border-b\"\u001b[39m\n        \u001b[36m>\u001b[39m\n          \u001b[36m<div\u001b[39m\n            \u001b[33mclass\u001b[39m=\u001b[32m\"max-w-7xl mx-auto px-4 sm:px-6 lg:px-8\"\u001b[39m\n          \u001b[36m>\u001b[39m\n            \u001b[36m<div\u001b[39m\n              \u001b[33mclass\u001b[39m=\u001b[32m\"flex justify-between h-16\"\u001b[39m\n            \u001b[36m>\u001b[39m\n              \u001b[36m<div\u001b[39m\n                \u001b[33mclass\u001b[39m=\u001b[32m\"flex\"\u001b[39m\n              \u001b[36m>\u001b[39m\n                \u001b[36m<div\u001b[39m\n                  \u001b[33mclass\u001b[39m=\u001b[32m\"flex-shrink-0 flex items-center\"\u001b[39m\n                \u001b[36m>\u001b[39m\n                  \u001b[36m<a\u001b[39m\n                    \u001b[33mclass\u001b[39m=\u001b[32m\"flex items-center space-x-2\"\u001b[39m\n                    \u001b[33mhref\u001b[39m=\u001b[32m\"/dashboard\"\u001b[39m\n                  \u001b[36m>\u001b[39m\n                    \u001b[36m<img\u001b[39m\n                      \u001b[33malt\u001b[39m=\u001b[32m\"CableIndex\"\u001b[39m\n                      \u001b[33mclass\u001b[39m=\u001b[32m\"h-8 w-8\"\u001b[39m\n                      \u001b[33msrc\u001b[39m=\u001b[32m\"/cableindex-icon.png\"\u001b[39m\n                    \u001b[36m/>\u001b[39m\n                    \u001b[36m<span\u001b[39m\n                      \u001b[33mclass\u001b[39m=\u001b[32m\"text-xl font-bold text-gray-900\"\u001b[39m\n                    \u001b[36m>\u001b[39m\n                      \u001b[0mCableIndex\u001b[0m\n                    \u001b[36m</span>\u001b[39m\n                  \u001b[36m</a>\u001b[39m\n                \u001b[36m</div>\u001b[39m\n                \u001b[36m<div\u001b[39m\n                  \u001b[33mclass\u001b[39m=\u001b[32m\"hidden sm:ml-6 sm:flex sm:space-x-8\"\u001b[39m\n                \u001b[36m>\u001b[39m\n                  \u001b[36m<a\u001b[39m\n                    \u001b[33mclass\u001b[39m=\u001b[32m\"inline-flex items-center px-1 pt-1 border-b-2 text-sm font-medium transition-colors border-transparent text-gray-500 hover:border-gray-300 hover:text-gray-700\"\u001b[39m\n                    \u001b[33mhref\u001b[39m=\u001b[32m\"/dashboard\"\u001b[39m\n                  \u001b[36m>\u001b[39m\n                    \u001b[36m<svg\u001b[39m\n                      \u001b[33mclass\u001b[39m=\u001b[32m\"lucide lucide-home w-4 h-4 mr-2\"\u001b[39m\n                      \u001b[33mfill\u001b[39m=\u001b[32m\"none\"\u001b[39m\n                      \u001b[33mheight\u001b[39m=\u001b[32m\"24\"\u001b[39m\n                      \u001b[33mstroke\u001b[39m=\u001b[32m\"currentColor\"\u001b[39m\n                      \u001b[33mstroke-linecap\u001b[39m=\u001b[32m\"round\"\u001b[39m\n                      \u001b[33mstroke-linejoin\u001b[39m=\u001b[32m\"round\"\u001b[39m\n                      \u001b[33mstroke-width\u001b[39m=\u001b[32m\"2\"\u001b[39m\n                      \u001b[33mviewBox\u001b[39m=\u001b[32m\"0 0 24 24\"\u001b[39m\n                      \u001b[33mwidth\u001b[39m=\u001b[32m\"24\"\u001b[39m\n                      \u001b[33mxmlns\u001b[39m=\u001b[32m\"http://www.w3.org/2000/svg\"\u001b[39m\n                    \u001b[36m>\u001b[39m\n                      \u001b[36m<path\u001b[39m\n                        \u001b[33md\u001b[39m=\u001b[32m\"m3 9 9-7 9 7v11a2 2 0 0 1-2 2H5a2 2 0 0 1-2-2z\"\u001b[39m\n                      \u001b[36m/>\u001b[39m\n                      \u001b[36m<polyline\u001b[39m\n                        \u001b[33mpoints\u001b[39m=\u001b[32m\"9 22 9 12 15 12 15 22\"\u001b[39m\n                      \u001b[36m/>\u001b[39m\n                    \u001b[36m</svg>\u001b[39m\n                    \u001b[0mDashboard\u001b[0m\n                  \u001b[36m</a>\u001b[39m\n                  \u001b[36m<a\u001b[39m\n                    \u001b[33mclass\u001b[39m=\u001b[32m\"inline-flex items-center px-1 pt-1 border-b-2 text-sm font-medium transition-colors border-transparent text-gray-500 hover:border-gray-300 hover:text-gray-700\"\u001b[39m\n                    \u001b[33mhref\u001b[39m=\u001b[32m\"/sites\"\u001b[39m\n                  \u001b[36m>\u001b[39m\n                    \u001b[36m<svg\u001b[39m\n                      \u001b[33mclass\u001b[39m=\u001b[32m\"lucide lucide-map-pin w-4 h-4 mr-2\"\u001b[39m\n                      \u001b[33mfill\u001b[39m=\u001b[32m\"none\"\u001b[39m\n                      \u001b[33mheight\u001b[39m=\u001b[32m\"24\"\u001b[39m\n                      \u001b[33mstroke\u001b[39m=\u001b[32m\"currentColor\"\u001b[39m\n                      \u001b[33mstroke-linecap\u001b[39m=\u001b[32m\"round\"\u001b[39m\n                      \u001b[33mstroke-linejoin\u001b[39m=\u001b[32m\"round\"\u001b[39m\n                      \u001b[33mstroke-width\u001b[39m=\u001b[32m\"2\"\u001b[39m\n                      \u001b[33mviewBox\u001b[39m=\u001b[32m\"0 0 24 24\"\u001b[39m\n                      \u001b[33mwidth\u001b[39m=\u001b[32m\"24\"\u001b[39m\n                      \u001b[33mxmlns\u001b[39m=\u001b[32m\"http://www.w3.org/2000/svg\"\u001b[39m\n                    \u001b[36m>\u001b[39m\n                      \u001b[36m<path\u001b[39m\n                        \u001b[33md\u001b[39m=\u001b[32m\"M20 10c0 6-8 12-8 12s-8-6-8-12a8 8 0 0 1 16 0Z\"\u001b[39m\n                      \u001b[36m/>\u001b[39m\n                      \u001b[36m<circle\u001b[39m\n                        \u001b[33mcx\u001b[39m=\u001b[32m\"12\"\u001b[39m\n                        \u001b[33mcy\u001b[39m=\u001b[32m\"10\"\u001b[39m\n                        \u001b[33mr\u001b[39m=\u001b[32m\"3\"\u001b[39m\n                      \u001b[36m/>\u001b[39m\n                    \u001b[36m</svg>\u001b[39m\n                    \u001b[0mSites\u001b[0m\n                  \u001b[36m</a>\u001b[39m\n                  \u001b[36m<a\u001b[39m\n                    \u001b[33mclass\u001b[39m=\u001b[32m\"inline-flex items-center px-1 pt-1 border-b-2 text-sm font-medium transition-colors border-transparent text-gray-500 hover:border-gray-300 hover:text-gray-700\"\u001b[39m\n                    \u001b[33mhref\u001b[39m=\u001b[32m\"/labels\"\u001b[39m\n                  \u001b[36m>\u001b[39m\n                    \u001b[36m<svg\u001b[39m\n                      \u001b[33mclass\u001b[39m=\u001b[32m\"lucide lucide-database w-4 h-4 mr-2\"\u001b[39m\n                      \u001b[33mfill\u001b[39m=\u001b[32m\"none\"\u001b[39m\n                      \u001b[33mheight\u001b[39m=\u001b[32m\"24\"\u001b[39m\n                      \u001b[33mstroke\u001b[39m=\u001b[32m\"currentColor\"\u001b[39m\n                      \u001b[33mstroke-linecap\u001b[39m=\u001b[32m\"round\"\u001b[39m\n                      \u001b[33mstroke-linejoin\u001b[39m=\u001b[32m\"round\"\u001b[39m\n                      \u001b[33mstroke-width\u001b[39m=\u001b[32m\"2\"\u001b[39m\n                      \u001b[33mviewBox\u001b[39m=\u001b[32m\"0 0 24 24\"\u001b[39m\n                      \u001b[33mwidth\u001b[39m=\u001b[32m\"24\"\u001b[39m\n                      \u001b[33mxmlns\u001b[39m=\u001b[32m\"http://www.w3.org/2000/svg\"\u001b[39m\n                    \u001b[36m>\u001b[39m\n                      \u001b[36m<ellipse\u001b[39m\n                        \u001b[33mcx\u001b[39m=\u001b[32m\"12\"\u001b[39m\n                        \u001b[33mcy\u001b[39m=\u001b[32m\"5\"\u001b[39m\n                        \u001b[33mrx\u001b[39m=\u001b[32m\"9\"\u001b[39m\n                        \u001b[33mry\u001b[39m=\u001b[32m\"3\"\u001b[39m\n                      \u001b[36m/>\u001b[39m\n                      \u001b[36m<path\u001b[39m\n                        \u001b[33md\u001b[39m=\u001b[32m\"M3 5V19A9 3 0 0 0 21 19V5\"\u001b[39m\n                      \u001b[36m/>\u001b[39m\n                      \u001b[36m<path\u001b[39m\n                        \u001b[33md\u001b[39m=\u001b[32m\"M3 12A9 3 0 0 0 21 12\"\u001b[39m\n                      \u001b[36m/>\u001b[39m\n                    \u001b[36m</svg>\u001b[39m\n                    \u001b[0mLabels\u001b[0m\n                  \u001b[36m</a>\u001b[39m\n                  \u001b[36m<a\u001b[39m\n                    \u001b[33mclass\u001b[39m=\u001b[32m\"inline-flex items-center px-1 pt-1 border-b-2 text-sm font-medium transition-colors border-transparent text-gray-500 hover:border-gray-300 hover:text-gray-700\"\u001b[39m\n                    \u001b[33mhref\u001b[39m=\u001b[32m\"/port-labels\"\u001b[39m\n                  \u001b[36m>\u001b[39m\n                    \u001b[36m<svg\u001b[39m\n                      \u001b[33mclass\u001b[39m=\u001b[32m\"lucide lucide-tag w-4 h-4 mr-2\"\u001b[39m\n                      \u001b[33mfill\u001b[39m=\u001b[32m\"none\"\u001b[39m\n                      \u001b[33mheight\u001b[39m=\u001b[32m\"24\"\u001b[39m\n                      \u001b[33mstroke\u001b[39m=\u001b[32m\"c...\n    at Proxy.waitForWrapper (C:\\Users\\Alex\\Nextcloud\\Software\\Personal Project Software\\CableIndex\\frontend\\node_modules\\@testing-library\\dom\\dist\\wait-for.js:163:27)\n    at C:/Users/Alex/Nextcloud/Software/Personal Project Software/CableIndex/frontend/src/test/integration/error-scenarios.test.tsx:209:11\n    at processTicksAndRejections (node:internal/process/task_queues:105:5)\n    at file:///C:/Users/Alex/Nextcloud/Software/Personal%20Project%20Software/CableIndex/frontend/node_modules/@vitest/runner/dist/index.js:753:20"],"meta":{}},{"ancestorTitles":["Error Scenarios Integration Tests"],"fullName":"Error Scenarios Integration Tests should handle session expiration","status":"failed","title":"should handle session expiration","duration":1015.7687000000005,"failureMessages":["Error: Found multiple elements with the text: Dashboard\n\nHere are the matching elements:\n\nIgnored nodes: comments, script, style\n\u001b[36m<a\u001b[39m\n  \u001b[33mclass\u001b[39m=\u001b[32m\"inline-flex items-center px-1 pt-1 border-b-2 text-sm font-medium transition-colors border-transparent text-gray-500 hover:border-gray-300 hover:text-gray-700\"\u001b[39m\n  \u001b[33mhref\u001b[39m=\u001b[32m\"/dashboard\"\u001b[39m\n\u001b[36m>\u001b[39m\n  \u001b[36m<svg\u001b[39m\n    \u001b[33mclass\u001b[39m=\u001b[32m\"lucide lucide-home w-4 h-4 mr-2\"\u001b[39m\n    \u001b[33mfill\u001b[39m=\u001b[32m\"none\"\u001b[39m\n    \u001b[33mheight\u001b[39m=\u001b[32m\"24\"\u001b[39m\n    \u001b[33mstroke\u001b[39m=\u001b[32m\"currentColor\"\u001b[39m\n    \u001b[33mstroke-linecap\u001b[39m=\u001b[32m\"round\"\u001b[39m\n    \u001b[33mstroke-linejoin\u001b[39m=\u001b[32m\"round\"\u001b[39m\n    \u001b[33mstroke-width\u001b[39m=\u001b[32m\"2\"\u001b[39m\n    \u001b[33mviewBox\u001b[39m=\u001b[32m\"0 0 24 24\"\u001b[39m\n    \u001b[33mwidth\u001b[39m=\u001b[32m\"24\"\u001b[39m\n    \u001b[33mxmlns\u001b[39m=\u001b[32m\"http://www.w3.org/2000/svg\"\u001b[39m\n  \u001b[36m>\u001b[39m\n    \u001b[36m<path\u001b[39m\n      \u001b[33md\u001b[39m=\u001b[32m\"m3 9 9-7 9 7v11a2 2 0 0 1-2 2H5a2 2 0 0 1-2-2z\"\u001b[39m\n    \u001b[36m/>\u001b[39m\n    \u001b[36m<polyline\u001b[39m\n      \u001b[33mpoints\u001b[39m=\u001b[32m\"9 22 9 12 15 12 15 22\"\u001b[39m\n    \u001b[36m/>\u001b[39m\n  \u001b[36m</svg>\u001b[39m\n  \u001b[0mDashboard\u001b[0m\n\u001b[36m</a>\u001b[39m\n\nIgnored nodes: comments, script, style\n\u001b[36m<div\u001b[39m\n  \u001b[33mclass\u001b[39m=\u001b[32m\"flex items-center\"\u001b[39m\n\u001b[36m>\u001b[39m\n  \u001b[36m<svg\u001b[39m\n    \u001b[33mclass\u001b[39m=\u001b[32m\"lucide lucide-home w-4 h-4 mr-3\"\u001b[39m\n    \u001b[33mfill\u001b[39m=\u001b[32m\"none\"\u001b[39m\n    \u001b[33mheight\u001b[39m=\u001b[32m\"24\"\u001b[39m\n    \u001b[33mstroke\u001b[39m=\u001b[32m\"currentColor\"\u001b[39m\n    \u001b[33mstroke-linecap\u001b[39m=\u001b[32m\"round\"\u001b[39m\n    \u001b[33mstroke-linejoin\u001b[39m=\u001b[32m\"round\"\u001b[39m\n    \u001b[33mstroke-width\u001b[39m=\u001b[32m\"2\"\u001b[39m\n    \u001b[33mviewBox\u001b[39m=\u001b[32m\"0 0 24 24\"\u001b[39m\n    \u001b[33mwidth\u001b[39m=\u001b[32m\"24\"\u001b[39m\n    \u001b[33mxmlns\u001b[39m=\u001b[32m\"http://www.w3.org/2000/svg\"\u001b[39m\n  \u001b[36m>\u001b[39m\n    \u001b[36m<path\u001b[39m\n      \u001b[33md\u001b[39m=\u001b[32m\"m3 9 9-7 9 7v11a2 2 0 0 1-2 2H5a2 2 0 0 1-2-2z\"\u001b[39m\n    \u001b[36m/>\u001b[39m\n    \u001b[36m<polyline\u001b[39m\n      \u001b[33mpoints\u001b[39m=\u001b[32m\"9 22 9 12 15 12 15 22\"\u001b[39m\n    \u001b[36m/>\u001b[39m\n  \u001b[36m</svg>\u001b[39m\n  \u001b[0mDashboard\u001b[0m\n\u001b[36m</div>\u001b[39m\n\n(If this is intentional, then use the `*AllBy*` variant of the query (like `queryAllByText`, `getAllByText`, or `findAllByText`)).\n\nIgnored nodes: comments, script, style\n\u001b[36m<body>\u001b[39m\n  \u001b[36m<div>\u001b[39m\n    \u001b[36m<div\u001b[39m\n      \u001b[33mclass\u001b[39m=\u001b[32m\"min-h-screen bg-background\"\u001b[39m\n    \u001b[36m>\u001b[39m\n      \u001b[36m<div\u001b[39m\n        \u001b[33mclass\u001b[39m=\u001b[32m\"min-h-screen bg-gray-50\"\u001b[39m\n      \u001b[36m>\u001b[39m\n        \u001b[36m<nav\u001b[39m\n          \u001b[33mclass\u001b[39m=\u001b[32m\"bg-white shadow-sm border-b\"\u001b[39m\n        \u001b[36m>\u001b[39m\n          \u001b[36m<div\u001b[39m\n            \u001b[33mclass\u001b[39m=\u001b[32m\"max-w-7xl mx-auto px-4 sm:px-6 lg:px-8\"\u001b[39m\n          \u001b[36m>\u001b[39m\n            \u001b[36m<div\u001b[39m\n              \u001b[33mclass\u001b[39m=\u001b[32m\"flex justify-between h-16\"\u001b[39m\n            \u001b[36m>\u001b[39m\n              \u001b[36m<div\u001b[39m\n                \u001b[33mclass\u001b[39m=\u001b[32m\"flex\"\u001b[39m\n              \u001b[36m>\u001b[39m\n                \u001b[36m<div\u001b[39m\n                  \u001b[33mclass\u001b[39m=\u001b[32m\"flex-shrink-0 flex items-center\"\u001b[39m\n                \u001b[36m>\u001b[39m\n                  \u001b[36m<a\u001b[39m\n                    \u001b[33mclass\u001b[39m=\u001b[32m\"flex items-center space-x-2\"\u001b[39m\n                    \u001b[33mhref\u001b[39m=\u001b[32m\"/dashboard\"\u001b[39m\n                  \u001b[36m>\u001b[39m\n                    \u001b[36m<img\u001b[39m\n                      \u001b[33malt\u001b[39m=\u001b[32m\"CableIndex\"\u001b[39m\n                      \u001b[33mclass\u001b[39m=\u001b[32m\"h-8 w-8\"\u001b[39m\n                      \u001b[33msrc\u001b[39m=\u001b[32m\"/cableindex-icon.png\"\u001b[39m\n                    \u001b[36m/>\u001b[39m\n                    \u001b[36m<span\u001b[39m\n                      \u001b[33mclass\u001b[39m=\u001b[32m\"text-xl font-bold text-gray-900\"\u001b[39m\n                    \u001b[36m>\u001b[39m\n                      \u001b[0mCableIndex\u001b[0m\n                    \u001b[36m</span>\u001b[39m\n                  \u001b[36m</a>\u001b[39m\n                \u001b[36m</div>\u001b[39m\n                \u001b[36m<div\u001b[39m\n                  \u001b[33mclass\u001b[39m=\u001b[32m\"hidden sm:ml-6 sm:flex sm:space-x-8\"\u001b[39m\n                \u001b[36m>\u001b[39m\n                  \u001b[36m<a\u001b[39m\n                    \u001b[33mclass\u001b[39m=\u001b[32m\"inline-flex items-center px-1 pt-1 border-b-2 text-sm font-medium transition-colors border-transparent text-gray-500 hover:border-gray-300 hover:text-gray-700\"\u001b[39m\n                    \u001b[33mhref\u001b[39m=\u001b[32m\"/dashboard\"\u001b[39m\n                  \u001b[36m>\u001b[39m\n                    \u001b[36m<svg\u001b[39m\n                      \u001b[33mclass\u001b[39m=\u001b[32m\"lucide lucide-home w-4 h-4 mr-2\"\u001b[39m\n                      \u001b[33mfill\u001b[39m=\u001b[32m\"none\"\u001b[39m\n                      \u001b[33mheight\u001b[39m=\u001b[32m\"24\"\u001b[39m\n                      \u001b[33mstroke\u001b[39m=\u001b[32m\"currentColor\"\u001b[39m\n                      \u001b[33mstroke-linecap\u001b[39m=\u001b[32m\"round\"\u001b[39m\n                      \u001b[33mstroke-linejoin\u001b[39m=\u001b[32m\"round\"\u001b[39m\n                      \u001b[33mstroke-width\u001b[39m=\u001b[32m\"2\"\u001b[39m\n                      \u001b[33mviewBox\u001b[39m=\u001b[32m\"0 0 24 24\"\u001b[39m\n                      \u001b[33mwidth\u001b[39m=\u001b[32m\"24\"\u001b[39m\n                      \u001b[33mxmlns\u001b[39m=\u001b[32m\"http://www.w3.org/2000/svg\"\u001b[39m\n                    \u001b[36m>\u001b[39m\n                      \u001b[36m<path\u001b[39m\n                        \u001b[33md\u001b[39m=\u001b[32m\"m3 9 9-7 9 7v11a2 2 0 0 1-2 2H5a2 2 0 0 1-2-2z\"\u001b[39m\n                      \u001b[36m/>\u001b[39m\n                      \u001b[36m<polyline\u001b[39m\n                        \u001b[33mpoints\u001b[39m=\u001b[32m\"9 22 9 12 15 12 15 22\"\u001b[39m\n                      \u001b[36m/>\u001b[39m\n                    \u001b[36m</svg>\u001b[39m\n                    \u001b[0mDashboard\u001b[0m\n                  \u001b[36m</a>\u001b[39m\n                  \u001b[36m<a\u001b[39m\n                    \u001b[33mclass\u001b[39m=\u001b[32m\"inline-flex items-center px-1 pt-1 border-b-2 text-sm font-medium transition-colors border-transparent text-gray-500 hover:border-gray-300 hover:text-gray-700\"\u001b[39m\n                    \u001b[33mhref\u001b[39m=\u001b[32m\"/sites\"\u001b[39m\n                  \u001b[36m>\u001b[39m\n                    \u001b[36m<svg\u001b[39m\n                      \u001b[33mclass\u001b[39m=\u001b[32m\"lucide lucide-map-pin w-4 h-4 mr-2\"\u001b[39m\n                      \u001b[33mfill\u001b[39m=\u001b[32m\"none\"\u001b[39m\n                      \u001b[33mheight\u001b[39m=\u001b[32m\"24\"\u001b[39m\n                      \u001b[33mstroke\u001b[39m=\u001b[32m\"currentColor\"\u001b[39m\n                      \u001b[33mstroke-linecap\u001b[39m=\u001b[32m\"round\"\u001b[39m\n                      \u001b[33mstroke-linejoin\u001b[39m=\u001b[32m\"round\"\u001b[39m\n                      \u001b[33mstroke-width\u001b[39m=\u001b[32m\"2\"\u001b[39m\n                      \u001b[33mviewBox\u001b[39m=\u001b[32m\"0 0 24 24\"\u001b[39m\n                      \u001b[33mwidth\u001b[39m=\u001b[32m\"24\"\u001b[39m\n                      \u001b[33mxmlns\u001b[39m=\u001b[32m\"http://www.w3.org/2000/svg\"\u001b[39m\n                    \u001b[36m>\u001b[39m\n                      \u001b[36m<path\u001b[39m\n                        \u001b[33md\u001b[39m=\u001b[32m\"M20 10c0 6-8 12-8 12s-8-6-8-12a8 8 0 0 1 16 0Z\"\u001b[39m\n                      \u001b[36m/>\u001b[39m\n                      \u001b[36m<circle\u001b[39m\n                        \u001b[33mcx\u001b[39m=\u001b[32m\"12\"\u001b[39m\n                        \u001b[33mcy\u001b[39m=\u001b[32m\"10\"\u001b[39m\n                        \u001b[33mr\u001b[39m=\u001b[32m\"3\"\u001b[39m\n                      \u001b[36m/>\u001b[39m\n                    \u001b[36m</svg>\u001b[39m\n                    \u001b[0mSites\u001b[0m\n                  \u001b[36m</a>\u001b[39m\n                  \u001b[36m<a\u001b[39m\n                    \u001b[33mclass\u001b[39m=\u001b[32m\"inline-flex items-center px-1 pt-1 border-b-2 text-sm font-medium transition-colors border-transparent text-gray-500 hover:border-gray-300 hover:text-gray-700\"\u001b[39m\n                    \u001b[33mhref\u001b[39m=\u001b[32m\"/labels\"\u001b[39m\n                  \u001b[36m>\u001b[39m\n                    \u001b[36m<svg\u001b[39m\n                      \u001b[33mclass\u001b[39m=\u001b[32m\"lucide lucide-database w-4 h-4 mr-2\"\u001b[39m\n                      \u001b[33mfill\u001b[39m=\u001b[32m\"none\"\u001b[39m\n                      \u001b[33mheight\u001b[39m=\u001b[32m\"24\"\u001b[39m\n                      \u001b[33mstroke\u001b[39m=\u001b[32m\"currentColor\"\u001b[39m\n                      \u001b[33mstroke-linecap\u001b[39m=\u001b[32m\"round\"\u001b[39m\n                      \u001b[33mstroke-linejoin\u001b[39m=\u001b[32m\"round\"\u001b[39m\n                      \u001b[33mstroke-width\u001b[39m=\u001b[32m\"2\"\u001b[39m\n                      \u001b[33mviewBox\u001b[39m=\u001b[32m\"0 0 24 24\"\u001b[39m\n                      \u001b[33mwidth\u001b[39m=\u001b[32m\"24\"\u001b[39m\n                      \u001b[33mxmlns\u001b[39m=\u001b[32m\"http://www.w3.org/2000/svg\"\u001b[39m\n                    \u001b[36m>\u001b[39m\n                      \u001b[36m<ellipse\u001b[39m\n                        \u001b[33mcx\u001b[39m=\u001b[32m\"12\"\u001b[39m\n                        \u001b[33mcy\u001b[39m=\u001b[32m\"5\"\u001b[39m\n                        \u001b[33mrx\u001b[39m=\u001b[32m\"9\"\u001b[39m\n                        \u001b[33mry\u001b[39m=\u001b[32m\"3\"\u001b[39m\n                      \u001b[36m/>\u001b[39m\n                      \u001b[36m<path\u001b[39m\n                        \u001b[33md\u001b[39m=\u001b[32m\"M3 5V19A9 3 0 0 0 21 19V5\"\u001b[39m\n                      \u001b[36m/>\u001b[39m\n                      \u001b[36m<path\u001b[39m\n                        \u001b[33md\u001b[39m=\u001b[32m\"M3 12A9 3 0 0 0 21 12\"\u001b[39m\n                      \u001b[36m/>\u001b[39m\n                    \u001b[36m</svg>\u001b[39m\n                    \u001b[0mLabels\u001b[0m\n                  \u001b[36m</a>\u001b[39m\n                  \u001b[36m<a\u001b[39m\n                    \u001b[33mclass\u001b[39m=\u001b[32m\"inline-flex items-center px-1 pt-1 border-b-2 text-sm font-medium transition-colors border-transparent text-gray-500 hover:border-gray-300 hover:text-gray-700\"\u001b[39m\n                    \u001b[33mhref\u001b[39m=\u001b[32m\"/port-labels\"\u001b[39m\n                  \u001b[36m>\u001b[39m\n                    \u001b[36m<svg\u001b[39m\n                      \u001b[33mclass\u001b[39m=\u001b[32m\"lucide lucide-tag w-4 h-4 mr-2\"\u001b[39m\n                      \u001b[33mfill\u001b[39m=\u001b[32m\"none\"\u001b[39m\n                      \u001b[33mheight\u001b[39m=\u001b[32m\"24\"\u001b[39m\n                      \u001b[33mstroke\u001b[39m=\u001b[32m\"c...\n    at Proxy.waitForWrapper (C:\\Users\\Alex\\Nextcloud\\Software\\Personal Project Software\\CableIndex\\frontend\\node_modules\\@testing-library\\dom\\dist\\wait-for.js:163:27)\n    at C:/Users/Alex/Nextcloud/Software/Personal Project Software/CableIndex/frontend/src/test/integration/error-scenarios.test.tsx:263:11\n    at processTicksAndRejections (node:internal/process/task_queues:105:5)\n    at file:///C:/Users/Alex/Nextcloud/Software/Personal%20Project%20Software/CableIndex/frontend/node_modules/@vitest/runner/dist/index.js:753:20"],"meta":{}},{"ancestorTitles":["Error Scenarios Integration Tests"],"fullName":"Error Scenarios Integration Tests should handle 404 routes gracefully","status":"passed","title":"should handle 404 routes gracefully","duration":157.76010000000133,"failureMessages":[],"meta":{}}],"startTime":1769734665489,"endTime":1769734670782.76,"status":"failed","message":"","name":"C:/Users/Alex/Nextcloud/Software/Personal Project Software/CableIndex/frontend/src/test/integration/error-scenarios.test.tsx"},{"assertionResults":[{"ancestorTitles":["User Workflow Integration Tests"],"fullName":"User Workflow Integration Tests should redirect unauthenticated users to login","status":"failed","title":"should redirect unauthenticated users to login","duration":1074.5608000000002,"failureMessages":["Error: Unable to find an element with the text: Sign In. This could be because the text is broken up by multiple elements. In this case, you can provide a function for your text matcher to make your matcher more flexible.\n\nIgnored nodes: comments, script, style\n\u001b[36m<body>\u001b[39m\n  \u001b[36m<div>\u001b[39m\n    \u001b[36m<div\u001b[39m\n      \u001b[33mclass\u001b[39m=\u001b[32m\"min-h-screen bg-background\"\u001b[39m\n    \u001b[36m>\u001b[39m\n      \u001b[36m<div\u001b[39m\n        \u001b[33mclass\u001b[39m=\u001b[32m\"min-h-screen bg-gray-50\"\u001b[39m\n      \u001b[36m>\u001b[39m\n        \u001b[36m<nav\u001b[39m\n          \u001b[33mclass\u001b[39m=\u001b[32m\"bg-white shadow-sm border-b\"\u001b[39m\n        \u001b[36m>\u001b[39m\n          \u001b[36m<div\u001b[39m\n            \u001b[33mclass\u001b[39m=\u001b[32m\"max-w-7xl mx-auto px-4 sm:px-6 lg:px-8\"\u001b[39m\n          \u001b[36m>\u001b[39m\n            \u001b[36m<div\u001b[39m\n              \u001b[33mclass\u001b[39m=\u001b[32m\"flex justify-between h-16\"\u001b[39m\n            \u001b[36m>\u001b[39m\n              \u001b[36m<div\u001b[39m\n                \u001b[33mclass\u001b[39m=\u001b[32m\"flex\"\u001b[39m\n              \u001b[36m>\u001b[39m\n                \u001b[36m<div\u001b[39m\n                  \u001b[33mclass\u001b[39m=\u001b[32m\"flex-shrink-0 flex items-center\"\u001b[39m\n                \u001b[36m>\u001b[39m\n                  \u001b[36m<a\u001b[39m\n                    \u001b[33mclass\u001b[39m=\u001b[32m\"flex items-center space-x-2\"\u001b[39m\n                    \u001b[33mhref\u001b[39m=\u001b[32m\"/dashboard\"\u001b[39m\n                  \u001b[36m>\u001b[39m\n                    \u001b[36m<img\u001b[39m\n                      \u001b[33malt\u001b[39m=\u001b[32m\"CableIndex\"\u001b[39m\n                      \u001b[33mclass\u001b[39m=\u001b[32m\"h-8 w-8\"\u001b[39m\n                      \u001b[33msrc\u001b[39m=\u001b[32m\"/cableindex-icon.png\"\u001b[39m\n                    \u001b[36m/>\u001b[39m\n                    \u001b[36m<span\u001b[39m\n                      \u001b[33mclass\u001b[39m=\u001b[32m\"text-xl font-bold text-gray-900\"\u001b[39m\n                    \u001b[36m>\u001b[39m\n                      \u001b[0mCableIndex\u001b[0m\n                    \u001b[36m</span>\u001b[39m\n                  \u001b[36m</a>\u001b[39m\n                \u001b[36m</div>\u001b[39m\n                \u001b[36m<div\u001b[39m\n                  \u001b[33mclass\u001b[39m=\u001b[32m\"hidden sm:ml-6 sm:flex sm:space-x-8\"\u001b[39m\n                \u001b[36m>\u001b[39m\n                  \u001b[36m<a\u001b[39m\n                    \u001b[33mclass\u001b[39m=\u001b[32m\"inline-flex items-center px-1 pt-1 border-b-2 text-sm font-medium transition-colors border-transparent text-gray-500 hover:border-gray-300 hover:text-gray-700\"\u001b[39m\n                    \u001b[33mhref\u001b[39m=\u001b[32m\"/dashboard\"\u001b[39m\n                  \u001b[36m>\u001b[39m\n                    \u001b[36m<svg\u001b[39m\n                      \u001b[33mclass\u001b[39m=\u001b[32m\"lucide lucide-home w-4 h-4 mr-2\"\u001b[39m\n                      \u001b[33mfill\u001b[39m=\u001b[32m\"none\"\u001b[39m\n                      \u001b[33mheight\u001b[39m=\u001b[32m\"24\"\u001b[39m\n                      \u001b[33mstroke\u001b[39m=\u001b[32m\"currentColor\"\u001b[39m\n                      \u001b[33mstroke-linecap\u001b[39m=\u001b[32m\"round\"\u001b[39m\n                      \u001b[33mstroke-linejoin\u001b[39m=\u001b[32m\"round\"\u001b[39m\n                      \u001b[33mstroke-width\u001b[39m=\u001b[32m\"2\"\u001b[39m\n                      \u001b[33mviewBox\u001b[39m=\u001b[32m\"0 0 24 24\"\u001b[39m\n                      \u001b[33mwidth\u001b[39m=\u001b[32m\"24\"\u001b[39m\n                      \u001b[33mxmlns\u001b[39m=\u001b[32m\"http://www.w3.org/2000/svg\"\u001b[39m\n                    \u001b[36m>\u001b[39m\n                      \u001b[36m<path\u001b[39m\n                        \u001b[33md\u001b[39m=\u001b[32m\"m3 9 9-7 9 7v11a2 2 0 0 1-2 2H5a2 2 0 0 1-2-2z\"\u001b[39m\n                      \u001b[36m/>\u001b[39m\n                      \u001b[36m<polyline\u001b[39m\n                        \u001b[33mpoints\u001b[39m=\u001b[32m\"9 22 9 12 15 12 15 22\"\u001b[39m\n                      \u001b[36m/>\u001b[39m\n                    \u001b[36m</svg>\u001b[39m\n                    \u001b[0mDashboard\u001b[0m\n                  \u001b[36m</a>\u001b[39m\n                  \u001b[36m<a\u001b[39m\n                    \u001b[33mclass\u001b[39m=\u001b[32m\"inline-flex items-center px-1 pt-1 border-b-2 text-sm font-medium transition-colors border-transparent text-gray-500 hover:border-gray-300 hover:text-gray-700\"\u001b[39m\n                    \u001b[33mhref\u001b[39m=\u001b[32m\"/sites\"\u001b[39m\n                  \u001b[36m>\u001b[39m\n                    \u001b[36m<svg\u001b[39m\n                      \u001b[33mclass\u001b[39m=\u001b[32m\"lucide lucide-map-pin w-4 h-4 mr-2\"\u001b[39m\n                      \u001b[33mfill\u001b[39m=\u001b[32m\"none\"\u001b[39m\n                      \u001b[33mheight\u001b[39m=\u001b[32m\"24\"\u001b[39m\n                      \u001b[33mstroke\u001b[39m=\u001b[32m\"currentColor\"\u001b[39m\n                      \u001b[33mstroke-linecap\u001b[39m=\u001b[32m\"round\"\u001b[39m\n                      \u001b[33mstroke-linejoin\u001b[39m=\u001b[32m\"round\"\u001b[39m\n                      \u001b[33mstroke-width\u001b[39m=\u001b[32m\"2\"\u001b[39m\n                      \u001b[33mviewBox\u001b[39m=\u001b[32m\"0 0 24 24\"\u001b[39m\n                      \u001b[33mwidth\u001b[39m=\u001b[32m\"24\"\u001b[39m\n                      \u001b[33mxmlns\u001b[39m=\u001b[32m\"http://www.w3.org/2000/svg\"\u001b[39m\n                    \u001b[36m>\u001b[39m\n                      \u001b[36m<path\u001b[39m\n                        \u001b[33md\u001b[39m=\u001b[32m\"M20 10c0 6-8 12-8 12s-8-6-8-12a8 8 0 0 1 16 0Z\"\u001b[39m\n                      \u001b[36m/>\u001b[39m\n                      \u001b[36m<circle\u001b[39m\n                        \u001b[33mcx\u001b[39m=\u001b[32m\"12\"\u001b[39m\n                        \u001b[33mcy\u001b[39m=\u001b[32m\"10\"\u001b[39m\n                        \u001b[33mr\u001b[39m=\u001b[32m\"3\"\u001b[39m\n                      \u001b[36m/>\u001b[39m\n                    \u001b[36m</svg>\u001b[39m\n                    \u001b[0mSites\u001b[0m\n                  \u001b[36m</a>\u001b[39m\n                  \u001b[36m<a\u001b[39m\n                    \u001b[33mclass\u001b[39m=\u001b[32m\"inline-flex items-center px-1 pt-1 border-b-2 text-sm font-medium transition-colors border-transparent text-gray-500 hover:border-gray-300 hover:text-gray-700\"\u001b[39m\n                    \u001b[33mhref\u001b[39m=\u001b[32m\"/labels\"\u001b[39m\n                  \u001b[36m>\u001b[39m\n                    \u001b[36m<svg\u001b[39m\n                      \u001b[33mclass\u001b[39m=\u001b[32m\"lucide lucide-database w-4 h-4 mr-2\"\u001b[39m\n                      \u001b[33mfill\u001b[39m=\u001b[32m\"none\"\u001b[39m\n                      \u001b[33mheight\u001b[39m=\u001b[32m\"24\"\u001b[39m\n                      \u001b[33mstroke\u001b[39m=\u001b[32m\"currentColor\"\u001b[39m\n                      \u001b[33mstroke-linecap\u001b[39m=\u001b[32m\"round\"\u001b[39m\n                      \u001b[33mstroke-linejoin\u001b[39m=\u001b[32m\"round\"\u001b[39m\n                      \u001b[33mstroke-width\u001b[39m=\u001b[32m\"2\"\u001b[39m\n                      \u001b[33mviewBox\u001b[39m=\u001b[32m\"0 0 24 24\"\u001b[39m\n                      \u001b[33mwidth\u001b[39m=\u001b[32m\"24\"\u001b[39m\n                      \u001b[33mxmlns\u001b[39m=\u001b[32m\"http://www.w3.org/2000/svg\"\u001b[39m\n                    \u001b[36m>\u001b[39m\n                      \u001b[36m<ellipse\u001b[39m\n                        \u001b[33mcx\u001b[39m=\u001b[32m\"12\"\u001b[39m\n                        \u001b[33mcy\u001b[39m=\u001b[32m\"5\"\u001b[39m\n                        \u001b[33mrx\u001b[39m=\u001b[32m\"9\"\u001b[39m\n                        \u001b[33mry\u001b[39m=\u001b[32m\"3\"\u001b[39m\n                      \u001b[36m/>\u001b[39m\n                      \u001b[36m<path\u001b[39m\n                        \u001b[33md\u001b[39m=\u001b[32m\"M3 5V19A9 3 0 0 0 21 19V5\"\u001b[39m\n                      \u001b[36m/>\u001b[39m\n                      \u001b[36m<path\u001b[39m\n                        \u001b[33md\u001b[39m=\u001b[32m\"M3 12A9 3 0 0 0 21 12\"\u001b[39m\n                      \u001b[36m/>\u001b[39m\n                    \u001b[36m</svg>\u001b[39m\n                    \u001b[0mLabels\u001b[0m\n                  \u001b[36m</a>\u001b[39m\n                  \u001b[36m<a\u001b[39m\n                    \u001b[33mclass\u001b[39m=\u001b[32m\"inline-flex items-center px-1 pt-1 border-b-2 text-sm font-medium transition-colors border-transparent text-gray-500 hover:border-gray-300 hover:text-gray-700\"\u001b[39m\n                    \u001b[33mhref\u001b[39m=\u001b[32m\"/port-labels\"\u001b[39m\n                  \u001b[36m>\u001b[39m\n                    \u001b[36m<svg\u001b[39m\n                      \u001b[33mclass\u001b[39m=\u001b[32m\"lucide lucide-tag w-4 h-4 mr-2\"\u001b[39m\n                      \u001b[33mfill\u001b[39m=\u001b[32m\"none\"\u001b[39m\n                      \u001b[33mheight\u001b[39m=\u001b[32m\"24\"\u001b[39m\n                      \u001b[33mstroke\u001b[39m=\u001b[32m\"c...\n    at Proxy.waitForWrapper (C:\\Users\\Alex\\Nextcloud\\Software\\Personal Project Software\\CableIndex\\frontend\\node_modules\\@testing-library\\dom\\dist\\wait-for.js:163:27)\n    at C:/Users/Alex/Nextcloud/Software/Personal Project Software/CableIndex/frontend/src/test/integration/user-workflow.test.tsx:66:11\n    at processTicksAndRejections (node:internal/process/task_queues:105:5)\n    at file:///C:/Users/Alex/Nextcloud/Software/Personal%20Project%20Software/CableIndex/frontend/node_modules/@vitest/runner/dist/index.js:753:20"],"meta":{}},{"ancestorTitles":["User Workflow Integration Tests"],"fullName":"User Workflow Integration Tests should complete login flow and redirect to dashboard","status":"failed","title":"should complete login flow and redirect to dashboard","duration":1016.3820999999998,"failureMessages":["Error: Unable to find an element with the text: Sign In. This could be because the text is broken up by multiple elements. In this case, you can provide a function for your text matcher to make your matcher more flexible.\n\nIgnored nodes: comments, script, style\n\u001b[36m<body>\u001b[39m\n  \u001b[36m<div>\u001b[39m\n    \u001b[36m<div\u001b[39m\n      \u001b[33mclass\u001b[39m=\u001b[32m\"min-h-screen bg-background\"\u001b[39m\n    \u001b[36m>\u001b[39m\n      \u001b[36m<div\u001b[39m\n        \u001b[33mclass\u001b[39m=\u001b[32m\"min-h-screen bg-gray-50\"\u001b[39m\n      \u001b[36m>\u001b[39m\n        \u001b[36m<nav\u001b[39m\n          \u001b[33mclass\u001b[39m=\u001b[32m\"bg-white shadow-sm border-b\"\u001b[39m\n        \u001b[36m>\u001b[39m\n          \u001b[36m<div\u001b[39m\n            \u001b[33mclass\u001b[39m=\u001b[32m\"max-w-7xl mx-auto px-4 sm:px-6 lg:px-8\"\u001b[39m\n          \u001b[36m>\u001b[39m\n            \u001b[36m<div\u001b[39m\n              \u001b[33mclass\u001b[39m=\u001b[32m\"flex justify-between h-16\"\u001b[39m\n            \u001b[36m>\u001b[39m\n              \u001b[36m<div\u001b[39m\n                \u001b[33mclass\u001b[39m=\u001b[32m\"flex\"\u001b[39m\n              \u001b[36m>\u001b[39m\n                \u001b[36m<div\u001b[39m\n                  \u001b[33mclass\u001b[39m=\u001b[32m\"flex-shrink-0 flex items-center\"\u001b[39m\n                \u001b[36m>\u001b[39m\n                  \u001b[36m<a\u001b[39m\n                    \u001b[33mclass\u001b[39m=\u001b[32m\"flex items-center space-x-2\"\u001b[39m\n                    \u001b[33mhref\u001b[39m=\u001b[32m\"/dashboard\"\u001b[39m\n                  \u001b[36m>\u001b[39m\n                    \u001b[36m<img\u001b[39m\n                      \u001b[33malt\u001b[39m=\u001b[32m\"CableIndex\"\u001b[39m\n                      \u001b[33mclass\u001b[39m=\u001b[32m\"h-8 w-8\"\u001b[39m\n                      \u001b[33msrc\u001b[39m=\u001b[32m\"/cableindex-icon.png\"\u001b[39m\n                    \u001b[36m/>\u001b[39m\n                    \u001b[36m<span\u001b[39m\n                      \u001b[33mclass\u001b[39m=\u001b[32m\"text-xl font-bold text-gray-900\"\u001b[39m\n                    \u001b[36m>\u001b[39m\n                      \u001b[0mCableIndex\u001b[0m\n                    \u001b[36m</span>\u001b[39m\n                  \u001b[36m</a>\u001b[39m\n                \u001b[36m</div>\u001b[39m\n                \u001b[36m<div\u001b[39m\n                  \u001b[33mclass\u001b[39m=\u001b[32m\"hidden sm:ml-6 sm:flex sm:space-x-8\"\u001b[39m\n                \u001b[36m>\u001b[39m\n                  \u001b[36m<a\u001b[39m\n                    \u001b[33mclass\u001b[39m=\u001b[32m\"inline-flex items-center px-1 pt-1 border-b-2 text-sm font-medium transition-colors border-transparent text-gray-500 hover:border-gray-300 hover:text-gray-700\"\u001b[39m\n                    \u001b[33mhref\u001b[39m=\u001b[32m\"/dashboard\"\u001b[39m\n                  \u001b[36m>\u001b[39m\n                    \u001b[36m<svg\u001b[39m\n                      \u001b[33mclass\u001b[39m=\u001b[32m\"lucide lucide-home w-4 h-4 mr-2\"\u001b[39m\n                      \u001b[33mfill\u001b[39m=\u001b[32m\"none\"\u001b[39m\n                      \u001b[33mheight\u001b[39m=\u001b[32m\"24\"\u001b[39m\n                      \u001b[33mstroke\u001b[39m=\u001b[32m\"currentColor\"\u001b[39m\n                      \u001b[33mstroke-linecap\u001b[39m=\u001b[32m\"round\"\u001b[39m\n                      \u001b[33mstroke-linejoin\u001b[39m=\u001b[32m\"round\"\u001b[39m\n                      \u001b[33mstroke-width\u001b[39m=\u001b[32m\"2\"\u001b[39m\n                      \u001b[33mviewBox\u001b[39m=\u001b[32m\"0 0 24 24\"\u001b[39m\n                      \u001b[33mwidth\u001b[39m=\u001b[32m\"24\"\u001b[39m\n                      \u001b[33mxmlns\u001b[39m=\u001b[32m\"http://www.w3.org/2000/svg\"\u001b[39m\n                    \u001b[36m>\u0
[...]
01b[39m\n                \u001b[33mr\u001b[39m=\u001b[32m\"4\"\u001b[39m\n              \u001b[36m/>\u001b[39m\n            \u001b[36m</svg>\u001b[39m\n            \u001b[0mEdit Profile\u001b[0m\n          \u001b[36m</h3>\u001b[39m\n        \u001b[36m</div>\u001b[39m\n        \u001b[36m<div\u001b[39m\n          \u001b[33mclass\u001b[39m=\u001b[32m\"p-6 pt-0\"\u001b[39m\n        \u001b[36m>\u001b[39m\n          \u001b[36m<form\u001b[39m\n            \u001b[33mclass\u001b[39m=\u001b[32m\"space-y-4\"\u001b[39m\n          \u001b[36m>\u001b[39m\n            \u001b[36m<div\u001b[39m\n              \u001b[33mclass\u001b[39m=\u001b[32m\"relative w-full rounded-lg border p-4 [&>svg~*]:pl-7 [&>svg+div]:translate-y-[-3px] [&>svg]:absolute [&>svg]:left-4 [&>svg]:top-4 border-destructive/50 text-destructive dark:border-destructive [&>svg]:text-destructive\"\u001b[39m\n              \u001b[33mrole\u001b[39m=\u001b[32m\"alert\"\u001b[39m\n            \u001b[36m>\u001b[39m\n              \u001b[36m<div\u001b[39m\n                \u001b[33mclass\u001b[39m=\u001b[32m\"text-sm [&_p]:leading-relaxed\"\u001b[39m\n              \u001b[36m>\u001b[39m\n                \u001b[0mCannot read properties of undefined (reading 'success')\u001b[0m\n              \u001b[36m</div>\u001b[39m\n            \u001b[36m</div>\u001b[39m\n            \u001b[36m<div\u001b[39m\n              \u001b[33mclass\u001b[39m=\u001b[32m\"space-y-2\"\u001b[39m\n            \u001b[36m>\u001b[39m\n              \u001b[36m<label\u001b[39m\n                \u001b[33mclass\u001b[39m=\u001b[32m\"text-sm font-medium leading-none peer-disabled:cursor-not-allowed peer-disabled:opacity-70 flex items-center\"\u001b[39m\n                \u001b[33mfor\u001b[39m=\u001b[32m\"full_name\"\u001b[39m\n              \u001b[36m>\u001b[39m\n                \u001b[36m<svg\u001b[39m\n                  \u001b[33mclass\u001b[39m=\u001b[32m\"lucide lucide-user w-4 h-4 mr-2\"\u001b[39m\n                  \u001b[33mfill\u001b[39m=\u001b[32m\"none\"\u001b[39m\n                  \u001b[33mheight\u001b[39m=\u001b[32m\"24\"\u001b[39m\n                  \u001b[33mstroke\u001b[39m=\u001b[32m\"currentColor\"\u001b[39m\n                  \u001b[33mstroke-linecap\u001b[39m=\u001b[32m\"round\"\u001b[39m\n                  \u001b[33mstroke-linejoin\u001b[39m=\u001b[32m\"round\"\u001b[39m\n                  \u001b[33mstroke-width\u001b[39m=\u001b[32m\"2\"\u001b[39m\n                  \u001b[33mviewBox\u001b[39m=\u001b[32m\"0 0 24 24\"\u001b[39m\n                  \u001b[33mwidth\u001b[39m=\u001b[32m\"24\"\u001b[39m\n                  \u001b[33mxmlns\u001b[39m=\u001b[32m\"http://www.w3.org/2000/svg\"\u001b[39m\n                \u001b[36m>\u001b[39m\n                  \u001b[36m<path\u001b[39m\n                    \u001b[33md\u001b[39m=\u001b[32m\"M19 21v-2a4 4 0 0 0-4-4H9a4 4 0 0 0-4 4v2\"\u001b[39m\n                  \u001b[36m/>\u001b[39m\n                  \u001b[36m<circle\u001b[39m\n                    \u001b[33mcx\u001b[39m=\u001b[32m\"12\"\u001b[39m\n                    \u001b[33mcy\u001b[39m=\u001b[32m\"7\"\u001b[39m\n                    \u001b[33mr\u001b[39m=\u001b[32m\"4\"\u001b[39m\n                  \u001b[36m/>\u001b[39m\n                \u001b[36m</svg>\u001b[39m\n                \u001b[0mFull Name\u001b[0m\n              \u001b[36m</label>\u001b[39m\n              \u001b[36m<input\u001b[39m\n                \u001b[33mclass\u001b[39m=\u001b[32m\"flex h-10 w-full rounded-md border border-input bg-background px-3 py-2 text-sm ring-offset-background file:border-0 file:bg-transparent file:text-sm file:font-medium placeholder:text-muted-foreground focus-visible:outline-none focus-visible:ring-2 focus-visible:ring-ring focus-visible:ring-offset-2 disabled:cursor-not-allowed disabled:opacity-50\"\u001b[39m\n                \u001b[33mid\u001b[39m=\u001b[32m\"full_name\"\u001b[39m\n                \u001b[33mname\u001b[39m=\u001b[32m\"full_name\"\u001b[39m\n                \u001b[33mplaceholder\u001b[39m=\u001b[32m\"Enter your full name\"\u001b[39m\n              \u001b[36m/>\u001b[39m\n            \u001b[36m</div>\u001b[39m\n            \u001b[36m<div\u001b[39m\n              \u001b[33mclass\u001b[39m=\u001b[32m\"space-y-2\"\u001b[39m\n            \u001b[36m>\u001b[39m\n              \u001b[36m<label\u001b[39m\n                \u001b[33mclass\u001b[39m=\u001b[32m\"text-sm font-medium leading-none peer-disabled:cursor-not-allowed peer-disabled:opacity-70 flex items-center\"\u001b[39m\n                \u001b[33mfor\u001b[39m=\u001b[32m\"email\"\u001b[39m\n              \u001b[36m>\u001b[39m\n                \u001b[36m<svg\u001b[39m\n                  \u001b[33mclass\u001b[39m=\u001b[32m\"lucide lucide-mail w-4 h-4 mr-2\"\u001b[39m\n                  \u001b[33mfill\u001b[39m=\u001b[32m\"none\"\u001b[39m\n                  \u001b[33mheight\u001b[39m=\u001b[32m\"24\"\u001b[39m\n                  \u001b[33mstroke\u001b[39m=\u001b[32m\"currentColor\"\u001b[39m\n                  \u001b[33mstroke-linecap\u001b[39m=\u001b[32m\"round\"\u001b[39m\n                  \u001b[33mstroke-linejoin\u001b[39m=\u001b[32m\"round\"\u001b[39m\n                  \u001b[33mstroke-width\u001b[39m=\u001b[32m\"2\"\u001b[39m\n                  \u001b[33mviewBox\u001b[39m=\u001b[32m\"0 0 24 24\"\u001b[39m\n                  \u001b[33mwidth\u001b[39m=\u001b[32m\"24\"\u001b[39m\n                  \u001b[33mxmlns\u001b[39m=\u001b[32m\"http://www.w3.org/2000/svg\"\u001b[39m\n                \u001b[36m>\u001b[39m\n                  \u001b[36m<rect\u001b[39m\n                    \u001b[33mheight\u001b[39m=\u001b[32m\"16\"\u001b[39m\n                    \u001b[33mrx\u001b[39m=\u001b[32m\"2\"\u001b[39m\n                    \u001b[33mwidth\u001b[39m=\u001b[32m\"20\"\u001b[39m\n                    \u001b[33mx\u001b[39m=\u001b[32m\"2\"\u001b[39m\n                    \u001b[33my\u001b[39m=\u001b[32m\"4\"\u001b[39m\n                  \u001b[36m/>\u001b[39m\n                  \u001b[36m<path\u001b[39m\n                    \u001b[33md\u001b[39m=\u001b[32m\"m22 7-8.97 5.7a1.94 1.94 0 0 1-2.06 0L2 7\"\u001b[39m\n                  \u001b[36m/>\u001b[39m\n                \u001b[36m</svg>\u001b[39m\n                \u001b[0mEmail Address\u001b[0m\n              \u001b[36m</label>\u001b[39m\n              \u001b[36m<input\u001b[39m\n                \u001b[33mclass\u001b[39m=\u001b[32m\"flex h-10 w-full rounded-md border border-input bg-background px-3 py-2 text-sm ring-offset-background file:border-0 file:bg-transparent file:text-sm file:font-medium placeholder:text-muted-foreground focus-visible:outline-none focus-visible:ring-2 focus-visible:ring-ring focus-visible:ring-offset-2 disabled:cursor-not-allowed disabled:opacity-50\"\u001b[39m\n                \u001b[33mid\u001b[39m=\u001b[32m\"email\"\u001b[39m\n                \u001b[33mname\u001b[39m=\u001b[32m\"email\"\u001b[39m\n                \u001b[33mplaceholder\u001b[39m=\u001b[32m\"Enter your email address\"\u001b[39m\n                \u001b[33mtype\u001b[39m=\u001b[32m\"email\"\u001b[39m\n              \u001b[36m/>\u001b[39m\n            \u001b[36m</div>\u001b[39m\n            \u001b[36m<div\u001b[39m\n              \u001b[33mclass\u001b[39m=\u001b[32m\"flex gap-2 pt-4\"\u001b[39m\n            \u001b[36m>\u001b[39m\n              \u001b[36m<button\u001b[39m\n                \u001b[33mclass\u001b[39m=\u001b[32m\"justify-center whitespace-nowrap rounded-md text-sm font-medium ring-offset-background transition-colors focus-visible:outline-none focus-visible:ring-2 focus-visible:ring-ring focus-visible:ring-offset-2 disabled:pointer-events-none disabled:opacity-50 bg-primary text-primary-foreground hover:bg-primary/90 h-10 px-4 py-2 flex items-center\"\u001b[39m\n                \u001b[33mtype\u001b[39m=\u001b[32m\"submit\"\u001b[39m\n              \u001b[36m>\u001b[39m\n                \u001b[0mSave Changes\u001b[0m\n              \u001b[36m</button>\u001b[39m\n              \u001b[36m<button\u001b[39m\n                \u001b[33mclass\u001b[39m=\u001b[32m\"inline-flex items-center justify-center whitespace-nowrap rounded-md text-sm font-medium ring-offset-background transition-colors focus-visible:outline-none focus-visible:ring-2 focus-visible:ring-ring focus-visible:ring-offset-2 disabled:pointer-events-none disabled:opacity-50 border border-input bg-background hover:bg-accent hover:text-accent-foreground h-10 px-4 py-2\"\u001b[39m\n                \u001b[33mtype\u001b[39m=\u001b[32m\"button\"\u001b[39m\n              \u001b[36m>\u001b[39m\n                \u001b[0mCancel\u001b[0m\n              \u001b[36m</button>\u001b[39m\n            \u001b[36m</div>\u001b[39m\n          \u001b[36m</form>\u001b[39m\n        \u001b[36m</div>\u001b[39m\n      \u001b[36m</div>\u001b[39m\n    \u001b[36m</div>\u001b[39m\n  \u001b[36m</body>\u001b[39m\n\u001b[36m</html>\u001b[39m\n    at Proxy.expectWrapper (file:///C:/Users/Alex/Nextcloud/Software/Personal%20Project%20Software/CableIndex/frontend/node_modules/@vitest/expect/dist/index.js:1810:12)\n    at Proxy.<anonymous> (file:///C:/Users/Alex/Nextcloud/Software/Personal%20Project%20Software/CableIndex/frontend/node_modules/@vitest/expect/dist/index.js:1086:14)\n    at Proxy.methodWrapper (file:///C:/Users/Alex/Nextcloud/Software/Personal%20Project%20Software/CableIndex/frontend/node_modules/chai/index.js:1701:25)\n    at C:/Users/Alex/Nextcloud/Software/Personal Project Software/CableIndex/frontend/src/test/components/profile/ProfileForm.test.tsx:244:25\n    at runWithExpensiveErrorDiagnosticsDisabled (C:\\Users\\Alex\\Nextcloud\\Software\\Personal Project Software\\CableIndex\\frontend\\node_modules\\@testing-library\\dom\\dist\\config.js:47:12)\n    at checkCallback (C:\\Users\\Alex\\Nextcloud\\Software\\Personal Project Software\\CableIndex\\frontend\\node_modules\\@testing-library\\dom\\dist\\wait-for.js:124:77)\n    at Timeout.checkRealTimersCallback (C:\\Users\\Alex\\Nextcloud\\Software\\Personal Project Software\\CableIndex\\frontend\\node_modules\\@testing-library\\dom\\dist\\wait-for.js:118:16)\n    at listOnTimeout (node:internal/timers:588:17)\n    at processTimers (node:internal/timers:523:7)"],"meta":{}},{"ancestorTitles":["ProfileForm"],"fullName":"ProfileForm should disable save button when no changes made","status":"passed","title":"should disable save button when no changes made","duration":5.147400000001653,"failureMessages":[],"meta":{}},{"ancestorTitles":["ProfileForm"],"fullName":"ProfileForm should enable save button when changes are made","status":"passed","title":"should enable save button when changes are made","duration":150.15070000000014,"failureMessages":[],"meta":{}}],"startTime":1769734664257,"endTime":1769734675691.1506,"status":"failed","message":"","name":"C:/Users/Alex/Nextcloud/Software/Personal Project Software/CableIndex/frontend/src/test/components/profile/ProfileForm.test.tsx"},{"assertionResults":[{"ancestorTitles":["SiteDetails"],"fullName":"SiteDetails should render site details","status":"passed","title":"should render site details","duration":545.5776999999998,"failureMessages":[],"meta":{}},{"ancestorTitles":["SiteDetails"],"fullName":"SiteDetails should format dates correctly","status":"passed","title":"should format dates correctly","duration":161.4308000000001,"failureMessages":[],"meta":{}},{"ancestorTitles":["SiteDetails"],"fullName":"SiteDetails should call onEdit when edit button is clicked","status":"passed","title":"should call onEdit when edit button is clicked","duration":309.1230999999998,"failureMessages":[],"meta":{}},{"ancestorTitles":["SiteDetails"],"fullName":"SiteDetails should call onDelete when delete button is clicked","status":"passed","title":"should call onDelete when delete button is clicked","duration":183.22289999999975,"failureMessages":[],"meta":{}},{"ancestorTitles":["SiteDetails"],"fullName":"SiteDetails should disable delete button when site has labels","status":"passed","title":"should disable delete button when site has labels","duration":105.49139999999989,"failureMessages":[],"meta":{}},{"ancestorTitles":["SiteDetails"],"fullName":"SiteDetails should show delete warning when site has labels","status":"passed","title":"should show delete warning when site has labels","duration":24.13259999999991,"failureMessages":[],"meta":{}},{"ancestorTitles":["SiteDetails"],"fullName":"SiteDetails should not show delete warning when site has no labels","status":"passed","title":"should not show delete warning when site has no labels","duration":113.99199999999928,"failureMessages":[],"meta":{}},{"ancestorTitles":["SiteDetails"],"fullName":"SiteDetails should call onBack when back button is clicked","status":"passed","title":"should call onBack when back button is clicked","duration":175.9987000000001,"failureMessages":[],"meta":{}},{"ancestorTitles":["SiteDetails"],"fullName":"SiteDetails should show loading state initially","status":"passed","title":"should show loading state initially","duration":18.998499999999694,"failureMessages":[],"meta":{}},{"ancestorTitles":["SiteDetails"],"fullName":"SiteDetails should handle API error","status":"passed","title":"should handle API error","duration":10.69459999999981,"failureMessages":[],"meta":{}},{"ancestorTitles":["SiteDetails"],"fullName":"SiteDetails should handle site not found","status":"passed","title":"should handle site not found","duration":15.89850000000024,"failureMessages":[],"meta":{}},{"ancestorTitles":["SiteDetails"],"fullName":"SiteDetails should show empty labels state when no labels exist","status":"passed","title":"should show empty labels state when no labels exist","duration":27.45719999999983,"failureMessages":[],"meta":{}},{"ancestorTitles":["SiteDetails"],"fullName":"SiteDetails should show labels statistics when labels exist","status":"passed","title":"should show labels statistics when labels exist","duration":101.49380000000019,"failureMessages":[],"meta":{}}],"startTime":1769734664224,"endTime":1769734666018.494,"status":"passed","message":"","name":"C:/Users/Alex/Nextcloud/Software/Personal Project Software/CableIndex/frontend/src/test/components/sites/SiteDetails.test.tsx"},{"assertionResults":[{"ancestorTitles":["SiteForm"],"fullName":"SiteForm should render create form with empty fields","status":"passed","title":"should render create form with empty fields","duration":94.53209999999945,"failureMessages":[],"meta":{}},{"ancestorTitles":["SiteForm"],"fullName":"SiteForm should render edit form with populated fields","status":"passed","title":"should render edit form with populated fields","duration":17.991899999999987,"failureMessages":[],"meta":{}},{"ancestorTitles":["SiteForm"],"fullName":"SiteForm should validate required site name field","status":"passed","title":"should validate required site name field","duration":312.9948000000004,"failureMessages":[],"meta":{}},{"ancestorTitles":["SiteForm"],"fullName":"SiteForm should validate site name length","status":"passed","title":"should validate site name length","duration":1776.0551999999998,"failureMessages":[],"meta":{}},{"ancestorTitles":["SiteForm"],"fullName":"SiteForm should validate site name format","status":"passed","title":"should validate site name format","duration":374.0690999999997,"failureMessages":[],"meta":{}},{"ancestorTitles":["SiteForm"],"fullName":"SiteForm should validate location length","status":"passed","title":"should validate location length","duration":3407.5783999999994,"failureMessages":[],"meta":{}},{"ancestorTitles":["SiteForm"],"fullName":"SiteForm should validate description length","status":"passed","title":"should validate description length","duration":61.28149999999914,"failureMessages":[],"meta":{}},{"ancestorTitles":["SiteForm"],"fullName":"SiteForm should submit valid form data","status":"passed","title":"should submit valid form data","duration":47.24170000000049,"failureMessages":[],"meta":{}},{"ancestorTitles":["SiteForm"],"fullName":"SiteForm should submit form with minimal data","status":"passed","title":"should submit form with minimal data","duration":62.78949999999895,"failureMessages":[],"meta":{}},{"ancestorTitles":["SiteForm"],"fullName":"SiteForm should call onCancel when cancel button is clicked","status":"passed","title":"should call onCancel when cancel button is clicked","duration":46.412099999999555,"failureMessages":[],"meta":{}},{"ancestorTitles":["SiteForm"],"fullName":"SiteForm should disable form when loading","status":"passed","title":"should disable form when loading","duration":10.271899999999732,"failureMessages":[],"meta":{}},{"ancestorTitles":["SiteForm"],"fullName":"SiteForm should show loading state for edit form","status":"passed","title":"should show loading state for edit form","duration":5.69629999999961,"failureMessages":[],"meta":{}},{"ancestorTitles":["SiteForm"],"fullName":"SiteForm should display error message when submission fails","status":"passed","title":"should display error message when submission fails","duration":249.92049999999836,"failureMessages":[],"meta":{}}],"startTime":1769734664249,"endTime":1769734670715.9204,"status":"passed","message":"","name":"C:/Users/Alex/Nextcloud/Software/Personal Project Software/CableIndex/frontend/src/test/components/sites/SiteForm.test.tsx"},{"assertionResults":[{"ancestorTitles":["SiteList"],"fullName":"SiteList should render sites list","status":"passed","title":"should render sites list","duration":178.3765000000003,"failureMessages":[],"meta":{}},{"ancestorTitles":["SiteList"],"fullName":"SiteList should handle search functionality","status":"passed","title":"should handle search functionality","duration":800.0473999999995,"failureMessages":[],"meta":{}},{"ancestorTitles":["SiteList"],"fullName":"SiteList should handle filter functionality","status":"passed","title":"should handle filter functionality","duration":451.41420000000016,"failureMessages":[],"meta":{}},{"ancestorTitles":["SiteList"],"fullName":"SiteList should handle sorting functionality","status":"passed","title":"should handle sorting functionality","duration":139.88590000000022,"failureMessages":[],"meta":{}},{"ancestorTitles":["SiteList"],"fullName":"SiteList should call onCreateSite when create button is clicked","status":"passed","title":"should call onCreateSite when create button is clicked","duration":92.78979999999956,"failureMessages":[],"meta":{}},{"ancestorTitles":["SiteList"],"fullName":"SiteList should call onEditSite when edit button is clicked","status":"passed","title":"should call onEditSite when edit button is clicked","duration":109.14779999999973,"failureMessages":[],"meta":{}},{"ancestorTitles":["SiteList"],"fullName":"SiteList should call onDeleteSite when delete button is clicked","status":"passed","title":"should call onDeleteSite when delete button is clicked","duration":93.76000000000022,"failureMessages":[],"meta":{}},{"ancestorTitles":["SiteList"],"fullName":"SiteList should call onViewDetails when site name is clicked","status":"passed","title":"should call onViewDetails when site name is clicked","duration":108.03759999999966,"failureMessages":[],"meta":{}},{"ancestorTitles":["SiteList"],"fullName":"SiteList should display empty state when no sites exist","status":"passed","title":"should display empty state when no sites exist","duration":17.354199999999764,"failureMessages":[],"meta":{}},{"ancestorTitles":["SiteList"],"fullName":"SiteList should display error state when API call fails","status":"passed","title":"should display error state when API call fails","duration":15.148000000000138,"failureMessages":[],"meta":{}},{"ancestorTitles":["SiteList"],"fullName":"SiteList should show loading state initially","status":"passed","title":"should show loading state initially","duration":23.03570000000036,"failureMessages":[],"meta":{}}],"startTime":1769734664212,"endTime":1769734666242.0356,"status":"passed","message":"","name":"C:/Users/Alex/Nextcloud/Software/Personal Project Software/CableIndex/frontend/src/test/components/sites/SiteList.test.tsx"}]}